TimeQuest Timing Analyzer report for part1
Thu Oct 24 09:44:08 2013
Quartus II 64-Bit Version 11.1 Build 259 01/25/2012 Service Pack 2 SJ Full Version


---------------------
; Table of Contents ;
---------------------
  1. Legal Notice
  2. TimeQuest Timing Analyzer Summary
  3. Parallel Compilation
  4. SDC File List
  5. Clocks
  6. Slow Model Fmax Summary
  7. Slow Model Setup Summary
  8. Slow Model Hold Summary
  9. Slow Model Recovery Summary
 10. Slow Model Removal Summary
 11. Slow Model Minimum Pulse Width Summary
 12. Slow Model Setup: 'KEY[0]'
 13. Slow Model Hold: 'KEY[0]'
 14. Slow Model Minimum Pulse Width: 'KEY[0]'
 15. Setup Times
 16. Hold Times
 17. Clock to Output Times
 18. Minimum Clock to Output Times
 19. Propagation Delay
 20. Minimum Propagation Delay
 21. Fast Model Setup Summary
 22. Fast Model Hold Summary
 23. Fast Model Recovery Summary
 24. Fast Model Removal Summary
 25. Fast Model Minimum Pulse Width Summary
 26. Fast Model Setup: 'KEY[0]'
 27. Fast Model Hold: 'KEY[0]'
 28. Fast Model Minimum Pulse Width: 'KEY[0]'
 29. Setup Times
 30. Hold Times
 31. Clock to Output Times
 32. Minimum Clock to Output Times
 33. Propagation Delay
 34. Minimum Propagation Delay
 35. Multicorner Timing Analysis Summary
 36. Setup Times
 37. Hold Times
 38. Clock to Output Times
 39. Minimum Clock to Output Times
 40. Progagation Delay
 41. Minimum Progagation Delay
 42. Setup Transfers
 43. Hold Transfers
 44. Report TCCS
 45. Report RSKM
 46. Unconstrained Paths
 47. TimeQuest Timing Analyzer Messages



----------------
; Legal Notice ;
----------------
Copyright (C) 1991-2011 Altera Corporation
Your use of Altera Corporation's design tools, logic functions 
and other software and tools, and its AMPP partner logic 
functions, and any output files from any of the foregoing 
(including device programming or simulation files), and any 
associated documentation or information are expressly subject 
to the terms and conditions of the Altera Program License 
Subscription Agreement, Altera MegaCore Function License 
Agreement, or other applicable license agreement, including, 
without limitation, that your use is for the sole purpose of 
programming logic devices manufactured by Altera and sold by 
Altera or its authorized distributors.  Please refer to the 
applicable agreement for further details.



+---------------------------------------------------------------------------------------+
; TimeQuest Timing Analyzer Summary                                                     ;
+--------------------+------------------------------------------------------------------+
; Quartus II Version ; Version 11.1 Build 259 01/25/2012 Service Pack 2 SJ Full Version ;
; Revision Name      ; part1                                                            ;
; Device Family      ; Cyclone II                                                       ;
; Device Name        ; EP2C35F672C8                                                     ;
; Timing Models      ; Final                                                            ;
; Delay Model        ; Combined                                                         ;
; Rise/Fall Delays   ; Unavailable                                                      ;
+--------------------+------------------------------------------------------------------+


+------------------------------------------+
; Parallel Compilation                     ;
+----------------------------+-------------+
; Processors                 ; Number      ;
+----------------------------+-------------+
; Number detected on machine ; 4           ;
; Maximum allowed            ; 4           ;
;                            ;             ;
; Average used               ; 1.00        ;
; Maximum used               ; 4           ;
;                            ;             ;
; Usage by Processor         ; % Time Used ;
;     1 processor            ; 100.0%      ;
;     2-4 processors         ; < 0.1%      ;
+----------------------------+-------------+


+---------------------------------------------------+
; SDC File List                                     ;
+---------------+--------+--------------------------+
; SDC File Path ; Status ; Read at                  ;
+---------------+--------+--------------------------+
; part1.out.sdc ; OK     ; Thu Oct 24 09:44:06 2013 ;
+---------------+--------+--------------------------+


+------------------------------------------------------------------------------------------------------------------------------------------------------------------------------------+
; Clocks                                                                                                                                                                             ;
+------------+------+--------+------------+-------+-------+------------+-----------+-------------+-------+--------+-----------+------------+----------+--------+--------+------------+
; Clock Name ; Type ; Period ; Frequency  ; Rise  ; Fall  ; Duty Cycle ; Divide by ; Multiply by ; Phase ; Offset ; Edge List ; Edge Shift ; Inverted ; Master ; Source ; Targets    ;
+------------+------+--------+------------+-------+-------+------------+-----------+-------------+-------+--------+-----------+------------+----------+--------+--------+------------+
; KEY[0]     ; Base ; 1.000  ; 1000.0 MHz ; 0.000 ; 0.500 ;            ;           ;             ;       ;        ;           ;            ;          ;        ;        ; { KEY[0] } ;
+------------+------+--------+------------+-------+-------+------------+-----------+-------------+-------+--------+-----------+------------+----------+--------+--------+------------+


+-----------------------------------------------------------------------------------------------------------+
; Slow Model Fmax Summary                                                                                   ;
+------------+-----------------+------------+---------------------------------------------------------------+
; Fmax       ; Restricted Fmax ; Clock Name ; Note                                                          ;
+------------+-----------------+------------+---------------------------------------------------------------+
; 409.17 MHz ; 360.1 MHz       ; KEY[0]     ; limit due to minimum period restriction (max I/O toggle rate) ;
+------------+-----------------+------------+---------------------------------------------------------------+
This panel reports FMAX for every clock in the design, regardless of the user-specified clock periods.  FMAX is only computed for paths where the source and destination registers or ports are driven by the same clock.  Paths of different clocks, including generated clocks, are ignored.  For paths between a clock and its inversion, FMAX is computed as if the rising and falling edges are scaled along with FMAX, such that the duty cycle (in terms of a percentage) is maintained. Altera recommends that you always use clock constraints and other slack reports for sign-off analysis.


+---------------------------------+
; Slow Model Setup Summary        ;
+--------+--------+---------------+
; Clock  ; Slack  ; End Point TNS ;
+--------+--------+---------------+
; KEY[0] ; -1.444 ; -6.807        ;
+--------+--------+---------------+


+--------------------------------+
; Slow Model Hold Summary        ;
+--------+-------+---------------+
; Clock  ; Slack ; End Point TNS ;
+--------+-------+---------------+
; KEY[0] ; 0.499 ; 0.000         ;
+--------+-------+---------------+


-------------------------------
; Slow Model Recovery Summary ;
-------------------------------
No paths to report.


------------------------------
; Slow Model Removal Summary ;
------------------------------
No paths to report.


+----------------------------------------+
; Slow Model Minimum Pulse Width Summary ;
+--------+--------+----------------------+
; Clock  ; Slack  ; End Point TNS        ;
+--------+--------+----------------------+
; KEY[0] ; -1.777 ; -13.649              ;
+--------+--------+----------------------+


+------------------------------------------------------------------------------------------------------------------------------------------------------------+
; Slow Model Setup: 'KEY[0]'                                                                                                                                 ;
+--------+--------------------------------------+--------------------------------------+--------------+-------------+--------------+------------+------------+
; Slack  ; From Node                            ; To Node                              ; Launch Clock ; Latch Clock ; Relationship ; Clock Skew ; Data Delay ;
+--------+--------------------------------------+--------------------------------------+--------------+-------------+--------------+------------+------------+
; -1.444 ; T_flip_flop:call6|D_flip_flop:call|z ; T_flip_flop:call8|D_flip_flop:call|z ; KEY[0]       ; KEY[0]      ; 1.000        ; 0.000      ; 2.484      ;
; -1.289 ; T_flip_flop:call6|D_flip_flop:call|z ; T_flip_flop:call7|D_flip_flop:call|z ; KEY[0]       ; KEY[0]      ; 1.000        ; 0.000      ; 2.329      ;
; -1.248 ; T_flip_flop:call5|D_flip_flop:call|z ; T_flip_flop:call7|D_flip_flop:call|z ; KEY[0]       ; KEY[0]      ; 1.000        ; 0.000      ; 2.288      ;
; -1.200 ; T_flip_flop:call5|D_flip_flop:call|z ; T_flip_flop:call8|D_flip_flop:call|z ; KEY[0]       ; KEY[0]      ; 1.000        ; 0.000      ; 2.240      ;
; -1.012 ; T_flip_flop:call2|D_flip_flop:call|z ; T_flip_flop:call8|D_flip_flop:call|z ; KEY[0]       ; KEY[0]      ; 1.000        ; 0.000      ; 2.052      ;
; -1.012 ; T_flip_flop:call2|D_flip_flop:call|z ; T_flip_flop:call7|D_flip_flop:call|z ; KEY[0]       ; KEY[0]      ; 1.000        ; 0.000      ; 2.052      ;
; -1.011 ; T_flip_flop:call4|D_flip_flop:call|z ; T_flip_flop:call8|D_flip_flop:call|z ; KEY[0]       ; KEY[0]      ; 1.000        ; 0.000      ; 2.051      ;
; -1.009 ; T_flip_flop:call2|D_flip_flop:call|z ; T_flip_flop:call6|D_flip_flop:call|z ; KEY[0]       ; KEY[0]      ; 1.000        ; 0.000      ; 2.049      ;
; -1.008 ; T_flip_flop:call2|D_flip_flop:call|z ; T_flip_flop:call4|D_flip_flop:call|z ; KEY[0]       ; KEY[0]      ; 1.000        ; 0.000      ; 2.048      ;
; -1.006 ; T_flip_flop:call2|D_flip_flop:call|z ; T_flip_flop:call5|D_flip_flop:call|z ; KEY[0]       ; KEY[0]      ; 1.000        ; 0.000      ; 2.046      ;
; -0.800 ; T_flip_flop:call1|D_flip_flop:call|z ; T_flip_flop:call8|D_flip_flop:call|z ; KEY[0]       ; KEY[0]      ; 1.000        ; 0.000      ; 1.840      ;
; -0.800 ; T_flip_flop:call1|D_flip_flop:call|z ; T_flip_flop:call7|D_flip_flop:call|z ; KEY[0]       ; KEY[0]      ; 1.000        ; 0.000      ; 1.840      ;
; -0.797 ; T_flip_flop:call1|D_flip_flop:call|z ; T_flip_flop:call6|D_flip_flop:call|z ; KEY[0]       ; KEY[0]      ; 1.000        ; 0.000      ; 1.837      ;
; -0.796 ; T_flip_flop:call1|D_flip_flop:call|z ; T_flip_flop:call4|D_flip_flop:call|z ; KEY[0]       ; KEY[0]      ; 1.000        ; 0.000      ; 1.836      ;
; -0.794 ; T_flip_flop:call5|D_flip_flop:call|z ; T_flip_flop:call6|D_flip_flop:call|z ; KEY[0]       ; KEY[0]      ; 1.000        ; 0.000      ; 1.834      ;
; -0.794 ; T_flip_flop:call1|D_flip_flop:call|z ; T_flip_flop:call5|D_flip_flop:call|z ; KEY[0]       ; KEY[0]      ; 1.000        ; 0.000      ; 1.834      ;
; -0.762 ; T_flip_flop:call4|D_flip_flop:call|z ; T_flip_flop:call7|D_flip_flop:call|z ; KEY[0]       ; KEY[0]      ; 1.000        ; 0.000      ; 1.802      ;
; -0.762 ; T_flip_flop:call4|D_flip_flop:call|z ; T_flip_flop:call6|D_flip_flop:call|z ; KEY[0]       ; KEY[0]      ; 1.000        ; 0.000      ; 1.802      ;
; -0.762 ; T_flip_flop:call4|D_flip_flop:call|z ; T_flip_flop:call5|D_flip_flop:call|z ; KEY[0]       ; KEY[0]      ; 1.000        ; 0.000      ; 1.802      ;
; -0.717 ; T_flip_flop:call2|D_flip_flop:call|z ; T_flip_flop:call3|D_flip_flop:call|z ; KEY[0]       ; KEY[0]      ; 1.000        ; 0.000      ; 1.757      ;
; -0.624 ; T_flip_flop:call3|D_flip_flop:call|z ; T_flip_flop:call8|D_flip_flop:call|z ; KEY[0]       ; KEY[0]      ; 1.000        ; 0.000      ; 1.664      ;
; -0.624 ; T_flip_flop:call3|D_flip_flop:call|z ; T_flip_flop:call7|D_flip_flop:call|z ; KEY[0]       ; KEY[0]      ; 1.000        ; 0.000      ; 1.664      ;
; -0.621 ; T_flip_flop:call3|D_flip_flop:call|z ; T_flip_flop:call6|D_flip_flop:call|z ; KEY[0]       ; KEY[0]      ; 1.000        ; 0.000      ; 1.661      ;
; -0.620 ; T_flip_flop:call3|D_flip_flop:call|z ; T_flip_flop:call4|D_flip_flop:call|z ; KEY[0]       ; KEY[0]      ; 1.000        ; 0.000      ; 1.660      ;
; -0.618 ; T_flip_flop:call3|D_flip_flop:call|z ; T_flip_flop:call5|D_flip_flop:call|z ; KEY[0]       ; KEY[0]      ; 1.000        ; 0.000      ; 1.658      ;
; -0.483 ; T_flip_flop:call7|D_flip_flop:call|z ; T_flip_flop:call8|D_flip_flop:call|z ; KEY[0]       ; KEY[0]      ; 1.000        ; 0.000      ; 1.523      ;
; -0.334 ; T_flip_flop:call1|D_flip_flop:call|z ; T_flip_flop:call2|D_flip_flop:call|z ; KEY[0]       ; KEY[0]      ; 1.000        ; 0.000      ; 1.374      ;
; -0.334 ; T_flip_flop:call1|D_flip_flop:call|z ; T_flip_flop:call3|D_flip_flop:call|z ; KEY[0]       ; KEY[0]      ; 1.000        ; 0.000      ; 1.374      ;
; 0.235  ; T_flip_flop:call1|D_flip_flop:call|z ; T_flip_flop:call1|D_flip_flop:call|z ; KEY[0]       ; KEY[0]      ; 1.000        ; 0.000      ; 0.805      ;
; 0.235  ; T_flip_flop:call8|D_flip_flop:call|z ; T_flip_flop:call8|D_flip_flop:call|z ; KEY[0]       ; KEY[0]      ; 1.000        ; 0.000      ; 0.805      ;
; 0.235  ; T_flip_flop:call7|D_flip_flop:call|z ; T_flip_flop:call7|D_flip_flop:call|z ; KEY[0]       ; KEY[0]      ; 1.000        ; 0.000      ; 0.805      ;
; 0.235  ; T_flip_flop:call6|D_flip_flop:call|z ; T_flip_flop:call6|D_flip_flop:call|z ; KEY[0]       ; KEY[0]      ; 1.000        ; 0.000      ; 0.805      ;
; 0.235  ; T_flip_flop:call4|D_flip_flop:call|z ; T_flip_flop:call4|D_flip_flop:call|z ; KEY[0]       ; KEY[0]      ; 1.000        ; 0.000      ; 0.805      ;
; 0.235  ; T_flip_flop:call5|D_flip_flop:call|z ; T_flip_flop:call5|D_flip_flop:call|z ; KEY[0]       ; KEY[0]      ; 1.000        ; 0.000      ; 0.805      ;
; 0.235  ; T_flip_flop:call3|D_flip_flop:call|z ; T_flip_flop:call3|D_flip_flop:call|z ; KEY[0]       ; KEY[0]      ; 1.000        ; 0.000      ; 0.805      ;
; 0.235  ; T_flip_flop:call2|D_flip_flop:call|z ; T_flip_flop:call2|D_flip_flop:call|z ; KEY[0]       ; KEY[0]      ; 1.000        ; 0.000      ; 0.805      ;
+--------+--------------------------------------+--------------------------------------+--------------+-------------+--------------+------------+------------+


+-----------------------------------------------------------------------------------------------------------------------------------------------------------+
; Slow Model Hold: 'KEY[0]'                                                                                                                                 ;
+-------+--------------------------------------+--------------------------------------+--------------+-------------+--------------+------------+------------+
; Slack ; From Node                            ; To Node                              ; Launch Clock ; Latch Clock ; Relationship ; Clock Skew ; Data Delay ;
+-------+--------------------------------------+--------------------------------------+--------------+-------------+--------------+------------+------------+
; 0.499 ; T_flip_flop:call1|D_flip_flop:call|z ; T_flip_flop:call1|D_flip_flop:call|z ; KEY[0]       ; KEY[0]      ; 0.000        ; 0.000      ; 0.805      ;
; 0.499 ; T_flip_flop:call4|D_flip_flop:call|z ; T_flip_flop:call4|D_flip_flop:call|z ; KEY[0]       ; KEY[0]      ; 0.000        ; 0.000      ; 0.805      ;
; 0.499 ; T_flip_flop:call2|D_flip_flop:call|z ; T_flip_flop:call2|D_flip_flop:call|z ; KEY[0]       ; KEY[0]      ; 0.000        ; 0.000      ; 0.805      ;
; 0.499 ; T_flip_flop:call3|D_flip_flop:call|z ; T_flip_flop:call3|D_flip_flop:call|z ; KEY[0]       ; KEY[0]      ; 0.000        ; 0.000      ; 0.805      ;
; 0.499 ; T_flip_flop:call5|D_flip_flop:call|z ; T_flip_flop:call5|D_flip_flop:call|z ; KEY[0]       ; KEY[0]      ; 0.000        ; 0.000      ; 0.805      ;
; 0.499 ; T_flip_flop:call8|D_flip_flop:call|z ; T_flip_flop:call8|D_flip_flop:call|z ; KEY[0]       ; KEY[0]      ; 0.000        ; 0.000      ; 0.805      ;
; 0.499 ; T_flip_flop:call7|D_flip_flop:call|z ; T_flip_flop:call7|D_flip_flop:call|z ; KEY[0]       ; KEY[0]      ; 0.000        ; 0.000      ; 0.805      ;
; 0.499 ; T_flip_flop:call6|D_flip_flop:call|z ; T_flip_flop:call6|D_flip_flop:call|z ; KEY[0]       ; KEY[0]      ; 0.000        ; 0.000      ; 0.805      ;
; 1.068 ; T_flip_flop:call1|D_flip_flop:call|z ; T_flip_flop:call2|D_flip_flop:call|z ; KEY[0]       ; KEY[0]      ; 0.000        ; 0.000      ; 1.374      ;
; 1.068 ; T_flip_flop:call1|D_flip_flop:call|z ; T_flip_flop:call3|D_flip_flop:call|z ; KEY[0]       ; KEY[0]      ; 0.000        ; 0.000      ; 1.374      ;
; 1.217 ; T_flip_flop:call7|D_flip_flop:call|z ; T_flip_flop:call8|D_flip_flop:call|z ; KEY[0]       ; KEY[0]      ; 0.000        ; 0.000      ; 1.523      ;
; 1.352 ; T_flip_flop:call3|D_flip_flop:call|z ; T_flip_flop:call5|D_flip_flop:call|z ; KEY[0]       ; KEY[0]      ; 0.000        ; 0.000      ; 1.658      ;
; 1.354 ; T_flip_flop:call3|D_flip_flop:call|z ; T_flip_flop:call4|D_flip_flop:call|z ; KEY[0]       ; KEY[0]      ; 0.000        ; 0.000      ; 1.660      ;
; 1.355 ; T_flip_flop:call3|D_flip_flop:call|z ; T_flip_flop:call6|D_flip_flop:call|z ; KEY[0]       ; KEY[0]      ; 0.000        ; 0.000      ; 1.661      ;
; 1.358 ; T_flip_flop:call3|D_flip_flop:call|z ; T_flip_flop:call8|D_flip_flop:call|z ; KEY[0]       ; KEY[0]      ; 0.000        ; 0.000      ; 1.664      ;
; 1.358 ; T_flip_flop:call3|D_flip_flop:call|z ; T_flip_flop:call7|D_flip_flop:call|z ; KEY[0]       ; KEY[0]      ; 0.000        ; 0.000      ; 1.664      ;
; 1.451 ; T_flip_flop:call2|D_flip_flop:call|z ; T_flip_flop:call3|D_flip_flop:call|z ; KEY[0]       ; KEY[0]      ; 0.000        ; 0.000      ; 1.757      ;
; 1.496 ; T_flip_flop:call4|D_flip_flop:call|z ; T_flip_flop:call5|D_flip_flop:call|z ; KEY[0]       ; KEY[0]      ; 0.000        ; 0.000      ; 1.802      ;
; 1.496 ; T_flip_flop:call4|D_flip_flop:call|z ; T_flip_flop:call7|D_flip_flop:call|z ; KEY[0]       ; KEY[0]      ; 0.000        ; 0.000      ; 1.802      ;
; 1.496 ; T_flip_flop:call4|D_flip_flop:call|z ; T_flip_flop:call6|D_flip_flop:call|z ; KEY[0]       ; KEY[0]      ; 0.000        ; 0.000      ; 1.802      ;
; 1.528 ; T_flip_flop:call5|D_flip_flop:call|z ; T_flip_flop:call6|D_flip_flop:call|z ; KEY[0]       ; KEY[0]      ; 0.000        ; 0.000      ; 1.834      ;
; 1.528 ; T_flip_flop:call1|D_flip_flop:call|z ; T_flip_flop:call5|D_flip_flop:call|z ; KEY[0]       ; KEY[0]      ; 0.000        ; 0.000      ; 1.834      ;
; 1.530 ; T_flip_flop:call1|D_flip_flop:call|z ; T_flip_flop:call4|D_flip_flop:call|z ; KEY[0]       ; KEY[0]      ; 0.000        ; 0.000      ; 1.836      ;
; 1.531 ; T_flip_flop:call1|D_flip_flop:call|z ; T_flip_flop:call6|D_flip_flop:call|z ; KEY[0]       ; KEY[0]      ; 0.000        ; 0.000      ; 1.837      ;
; 1.534 ; T_flip_flop:call1|D_flip_flop:call|z ; T_flip_flop:call8|D_flip_flop:call|z ; KEY[0]       ; KEY[0]      ; 0.000        ; 0.000      ; 1.840      ;
; 1.534 ; T_flip_flop:call1|D_flip_flop:call|z ; T_flip_flop:call7|D_flip_flop:call|z ; KEY[0]       ; KEY[0]      ; 0.000        ; 0.000      ; 1.840      ;
; 1.740 ; T_flip_flop:call2|D_flip_flop:call|z ; T_flip_flop:call5|D_flip_flop:call|z ; KEY[0]       ; KEY[0]      ; 0.000        ; 0.000      ; 2.046      ;
; 1.742 ; T_flip_flop:call2|D_flip_flop:call|z ; T_flip_flop:call4|D_flip_flop:call|z ; KEY[0]       ; KEY[0]      ; 0.000        ; 0.000      ; 2.048      ;
; 1.743 ; T_flip_flop:call2|D_flip_flop:call|z ; T_flip_flop:call6|D_flip_flop:call|z ; KEY[0]       ; KEY[0]      ; 0.000        ; 0.000      ; 2.049      ;
; 1.745 ; T_flip_flop:call4|D_flip_flop:call|z ; T_flip_flop:call8|D_flip_flop:call|z ; KEY[0]       ; KEY[0]      ; 0.000        ; 0.000      ; 2.051      ;
; 1.746 ; T_flip_flop:call2|D_flip_flop:call|z ; T_flip_flop:call8|D_flip_flop:call|z ; KEY[0]       ; KEY[0]      ; 0.000        ; 0.000      ; 2.052      ;
; 1.746 ; T_flip_flop:call2|D_flip_flop:call|z ; T_flip_flop:call7|D_flip_flop:call|z ; KEY[0]       ; KEY[0]      ; 0.000        ; 0.000      ; 2.052      ;
; 1.934 ; T_flip_flop:call5|D_flip_flop:call|z ; T_flip_flop:call8|D_flip_flop:call|z ; KEY[0]       ; KEY[0]      ; 0.000        ; 0.000      ; 2.240      ;
; 1.982 ; T_flip_flop:call5|D_flip_flop:call|z ; T_flip_flop:call7|D_flip_flop:call|z ; KEY[0]       ; KEY[0]      ; 0.000        ; 0.000      ; 2.288      ;
; 2.023 ; T_flip_flop:call6|D_flip_flop:call|z ; T_flip_flop:call7|D_flip_flop:call|z ; KEY[0]       ; KEY[0]      ; 0.000        ; 0.000      ; 2.329      ;
; 2.178 ; T_flip_flop:call6|D_flip_flop:call|z ; T_flip_flop:call8|D_flip_flop:call|z ; KEY[0]       ; KEY[0]      ; 0.000        ; 0.000      ; 2.484      ;
+-------+--------------------------------------+--------------------------------------+--------------+-------------+--------------+------------+------------+


+------------------------------------------------------------------------------------------------------------------------+
; Slow Model Minimum Pulse Width: 'KEY[0]'                                                                               ;
+--------+--------------+----------------+------------------+--------+------------+--------------------------------------+
; Slack  ; Actual Width ; Required Width ; Type             ; Clock  ; Clock Edge ; Target                               ;
+--------+--------------+----------------+------------------+--------+------------+--------------------------------------+
; -1.777 ; 1.000        ; 2.777          ; Port Rate        ; KEY[0] ; Rise       ; KEY[0]                               ;
; -0.742 ; 0.500        ; 1.242          ; High Pulse Width ; KEY[0] ; Rise       ; T_flip_flop:call1|D_flip_flop:call|z ;
; -0.742 ; 0.500        ; 1.242          ; Low Pulse Width  ; KEY[0] ; Rise       ; T_flip_flop:call1|D_flip_flop:call|z ;
; -0.742 ; 0.500        ; 1.242          ; High Pulse Width ; KEY[0] ; Rise       ; T_flip_flop:call2|D_flip_flop:call|z ;
; -0.742 ; 0.500        ; 1.242          ; Low Pulse Width  ; KEY[0] ; Rise       ; T_flip_flop:call2|D_flip_flop:call|z ;
; -0.742 ; 0.500        ; 1.242          ; High Pulse Width ; KEY[0] ; Rise       ; T_flip_flop:call3|D_flip_flop:call|z ;
; -0.742 ; 0.500        ; 1.242          ; Low Pulse Width  ; KEY[0] ; Rise       ; T_flip_flop:call3|D_flip_flop:call|z ;
; -0.742 ; 0.500        ; 1.242          ; High Pulse Width ; KEY[0] ; Rise       ; T_flip_flop:call4|D_flip_flop:call|z ;
; -0.742 ; 0.500        ; 1.242          ; Low Pulse Width  ; KEY[0] ; Rise       ; T_flip_flop:call4|D_flip_flop:call|z ;
; -0.742 ; 0.500        ; 1.242          ; High Pulse Width ; KEY[0] ; Rise       ; T_flip_flop:call5|D_flip_flop:call|z ;
; -0.742 ; 0.500        ; 1.242          ; Low Pulse Width  ; KEY[0] ; Rise       ; T_flip_flop:call5|D_flip_flop:call|z ;
; -0.742 ; 0.500        ; 1.242          ; High Pulse Width ; KEY[0] ; Rise       ; T_flip_flop:call6|D_flip_flop:call|z ;
; -0.742 ; 0.500        ; 1.242          ; Low Pulse Width  ; KEY[0] ; Rise       ; T_flip_flop:call6|D_flip_flop:call|z ;
; -0.742 ; 0.500        ; 1.242          ; High Pulse Width ; KEY[0] ; Rise       ; T_flip_flop:call7|D_flip_flop:call|z ;
; -0.742 ; 0.500        ; 1.242          ; Low Pulse Width  ; KEY[0] ; Rise       ; T_flip_flop:call7|D_flip_flop:call|z ;
; -0.742 ; 0.500        ; 1.242          ; High Pulse Width ; KEY[0] ; Rise       ; T_flip_flop:call8|D_flip_flop:call|z ;
; -0.742 ; 0.500        ; 1.242          ; Low Pulse Width  ; KEY[0] ; Rise       ; T_flip_flop:call8|D_flip_flop:call|z ;
; 0.500  ; 0.500        ; 0.000          ; High Pulse Width ; KEY[0] ; Rise       ; KEY[0]|combout                       ;
; 0.500  ; 0.500        ; 0.000          ; Low Pulse Width  ; KEY[0] ; Rise       ; KEY[0]|combout                       ;
; 0.500  ; 0.500        ; 0.000          ; High Pulse Width ; KEY[0] ; Rise       ; call1|call|z|clk                     ;
; 0.500  ; 0.500        ; 0.000          ; Low Pulse Width  ; KEY[0] ; Rise       ; call1|call|z|clk                     ;
; 0.500  ; 0.500        ; 0.000          ; High Pulse Width ; KEY[0] ; Rise       ; call2|call|z|clk                     ;
; 0.500  ; 0.500        ; 0.000          ; Low Pulse Width  ; KEY[0] ; Rise       ; call2|call|z|clk                     ;
; 0.500  ; 0.500        ; 0.000          ; High Pulse Width ; KEY[0] ; Rise       ; call3|call|z|clk                     ;
; 0.500  ; 0.500        ; 0.000          ; Low Pulse Width  ; KEY[0] ; Rise       ; call3|call|z|clk                     ;
; 0.500  ; 0.500        ; 0.000          ; High Pulse Width ; KEY[0] ; Rise       ; call4|call|z|clk                     ;
; 0.500  ; 0.500        ; 0.000          ; Low Pulse Width  ; KEY[0] ; Rise       ; call4|call|z|clk                     ;
; 0.500  ; 0.500        ; 0.000          ; High Pulse Width ; KEY[0] ; Rise       ; call5|call|z|clk                     ;
; 0.500  ; 0.500        ; 0.000          ; Low Pulse Width  ; KEY[0] ; Rise       ; call5|call|z|clk                     ;
; 0.500  ; 0.500        ; 0.000          ; High Pulse Width ; KEY[0] ; Rise       ; call6|call|z|clk                     ;
; 0.500  ; 0.500        ; 0.000          ; Low Pulse Width  ; KEY[0] ; Rise       ; call6|call|z|clk                     ;
; 0.500  ; 0.500        ; 0.000          ; High Pulse Width ; KEY[0] ; Rise       ; call7|call|z|clk                     ;
; 0.500  ; 0.500        ; 0.000          ; Low Pulse Width  ; KEY[0] ; Rise       ; call7|call|z|clk                     ;
; 0.500  ; 0.500        ; 0.000          ; High Pulse Width ; KEY[0] ; Rise       ; call8|call|z|clk                     ;
; 0.500  ; 0.500        ; 0.000          ; Low Pulse Width  ; KEY[0] ; Rise       ; call8|call|z|clk                     ;
+--------+--------------+----------------+------------------+--------+------------+--------------------------------------+


+-----------------------------------------------------------------------+
; Setup Times                                                           ;
+-----------+------------+-------+-------+------------+-----------------+
; Data Port ; Clock Port ; Rise  ; Fall  ; Clock Edge ; Clock Reference ;
+-----------+------------+-------+-------+------------+-----------------+
; SW[*]     ; KEY[0]     ; 0.173 ; 0.173 ; Rise       ; KEY[0]          ;
;  SW[1]    ; KEY[0]     ; 0.173 ; 0.173 ; Rise       ; KEY[0]          ;
+-----------+------------+-------+-------+------------+-----------------+


+-----------------------------------------------------------------------+
; Hold Times                                                            ;
+-----------+------------+-------+-------+------------+-----------------+
; Data Port ; Clock Port ; Rise  ; Fall  ; Clock Edge ; Clock Reference ;
+-----------+------------+-------+-------+------------+-----------------+
; SW[*]     ; KEY[0]     ; 1.014 ; 1.014 ; Rise       ; KEY[0]          ;
;  SW[1]    ; KEY[0]     ; 1.014 ; 1.014 ; Rise       ; KEY[0]          ;
+-----------+------------+-------+-------+------------+-----------------+


+-------------------------------------------------------------------------+
; Clock to Output Times                                                   ;
+-----------+------------+--------+--------+------------+-----------------+
; Data Port ; Clock Port ; Rise   ; Fall   ; Clock Edge ; Clock Reference ;
+-----------+------------+--------+--------+------------+-----------------+
; HEX0[*]   ; KEY[0]     ; 14.139 ; 14.139 ; Rise       ; KEY[0]          ;
;  HEX0[0]  ; KEY[0]     ; 14.139 ; 14.139 ; Rise       ; KEY[0]          ;
;  HEX0[1]  ; KEY[0]     ; 14.106 ; 14.106 ; Rise       ; KEY[0]          ;
;  HEX0[2]  ; KEY[0]     ; 14.114 ; 14.114 ; Rise       ; KEY[0]          ;
;  HEX0[3]  ; KEY[0]     ; 13.759 ; 13.759 ; Rise       ; KEY[0]          ;
;  HEX0[4]  ; KEY[0]     ; 13.761 ; 13.761 ; Rise       ; KEY[0]          ;
;  HEX0[5]  ; KEY[0]     ; 13.750 ; 13.750 ; Rise       ; KEY[0]          ;
;  HEX0[6]  ; KEY[0]     ; 13.756 ; 13.756 ; Rise       ; KEY[0]          ;
; HEX1[*]   ; KEY[0]     ; 10.937 ; 10.937 ; Rise       ; KEY[0]          ;
;  HEX1[0]  ; KEY[0]     ; 10.826 ; 10.826 ; Rise       ; KEY[0]          ;
;  HEX1[1]  ; KEY[0]     ; 10.937 ; 10.937 ; Rise       ; KEY[0]          ;
;  HEX1[2]  ; KEY[0]     ; 10.398 ; 10.398 ; Rise       ; KEY[0]          ;
;  HEX1[3]  ; KEY[0]     ; 10.352 ; 10.352 ; Rise       ; KEY[0]          ;
;  HEX1[4]  ; KEY[0]     ; 10.417 ; 10.417 ; Rise       ; KEY[0]          ;
;  HEX1[5]  ; KEY[0]     ; 10.753 ; 10.753 ; Rise       ; KEY[0]          ;
;  HEX1[6]  ; KEY[0]     ; 10.706 ; 10.706 ; Rise       ; KEY[0]          ;
+-----------+------------+--------+--------+------------+-----------------+


+-------------------------------------------------------------------------+
; Minimum Clock to Output Times                                           ;
+-----------+------------+--------+--------+------------+-----------------+
; Data Port ; Clock Port ; Rise   ; Fall   ; Clock Edge ; Clock Reference ;
+-----------+------------+--------+--------+------------+-----------------+
; HEX0[*]   ; KEY[0]     ; 12.394 ; 12.394 ; Rise       ; KEY[0]          ;
;  HEX0[0]  ; KEY[0]     ; 12.818 ; 12.818 ; Rise       ; KEY[0]          ;
;  HEX0[1]  ; KEY[0]     ; 12.779 ; 12.779 ; Rise       ; KEY[0]          ;
;  HEX0[2]  ; KEY[0]     ; 12.797 ; 12.797 ; Rise       ; KEY[0]          ;
;  HEX0[3]  ; KEY[0]     ; 12.438 ; 12.438 ; Rise       ; KEY[0]          ;
;  HEX0[4]  ; KEY[0]     ; 12.436 ; 12.436 ; Rise       ; KEY[0]          ;
;  HEX0[5]  ; KEY[0]     ; 12.394 ; 12.394 ; Rise       ; KEY[0]          ;
;  HEX0[6]  ; KEY[0]     ; 12.428 ; 12.428 ; Rise       ; KEY[0]          ;
; HEX1[*]   ; KEY[0]     ; 9.822  ; 9.822  ; Rise       ; KEY[0]          ;
;  HEX1[0]  ; KEY[0]     ; 10.298 ; 10.298 ; Rise       ; KEY[0]          ;
;  HEX1[1]  ; KEY[0]     ; 10.411 ; 10.411 ; Rise       ; KEY[0]          ;
;  HEX1[2]  ; KEY[0]     ; 9.873  ; 9.873  ; Rise       ; KEY[0]          ;
;  HEX1[3]  ; KEY[0]     ; 9.822  ; 9.822  ; Rise       ; KEY[0]          ;
;  HEX1[4]  ; KEY[0]     ; 9.889  ; 9.889  ; Rise       ; KEY[0]          ;
;  HEX1[5]  ; KEY[0]     ; 10.234 ; 10.234 ; Rise       ; KEY[0]          ;
;  HEX1[6]  ; KEY[0]     ; 10.187 ; 10.187 ; Rise       ; KEY[0]          ;
+-----------+------------+--------+--------+------------+-----------------+


+----------------------------------------------------+
; Propagation Delay                                  ;
+------------+-------------+-------+----+----+-------+
; Input Port ; Output Port ; RR    ; RF ; FR ; FF    ;
+------------+-------------+-------+----+----+-------+
; SW[0]      ; LEDR[0]     ; 6.323 ;    ;    ; 6.323 ;
; SW[1]      ; LEDR[1]     ; 6.958 ;    ;    ; 6.958 ;
+------------+-------------+-------+----+----+-------+


+----------------------------------------------------+
; Minimum Propagation Delay                          ;
+------------+-------------+-------+----+----+-------+
; Input Port ; Output Port ; RR    ; RF ; FR ; FF    ;
+------------+-------------+-------+----+----+-------+
; SW[0]      ; LEDR[0]     ; 6.323 ;    ;    ; 6.323 ;
; SW[1]      ; LEDR[1]     ; 6.958 ;    ;    ; 6.958 ;
+------------+-------------+-------+----+----+-------+


+--------------------------------+
; Fast Model Setup Summary       ;
+--------+-------+---------------+
; Clock  ; Slack ; End Point TNS ;
+--------+-------+---------------+
; KEY[0] ; 0.232 ; 0.000         ;
+--------+-------+---------------+


+--------------------------------+
; Fast Model Hold Summary        ;
+--------+-------+---------------+
; Clock  ; Slack ; End Point TNS ;
+--------+-------+---------------+
; KEY[0] ; 0.215 ; 0.000         ;
+--------+-------+---------------+


-------------------------------
; Fast Model Recovery Summary ;
-------------------------------
No paths to report.


------------------------------
; Fast Model Removal Summary ;
------------------------------
No paths to report.


+----------------------------------------+
; Fast Model Minimum Pulse Width Summary ;
+--------+--------+----------------------+
; Clock  ; Slack  ; End Point TNS        ;
+--------+--------+----------------------+
; KEY[0] ; -1.222 ; -9.222               ;
+--------+--------+----------------------+


+-----------------------------------------------------------------------------------------------------------------------------------------------------------+
; Fast Model Setup: 'KEY[0]'                                                                                                                                ;
+-------+--------------------------------------+--------------------------------------+--------------+-------------+--------------+------------+------------+
; Slack ; From Node                            ; To Node                              ; Launch Clock ; Latch Clock ; Relationship ; Clock Skew ; Data Delay ;
+-------+--------------------------------------+--------------------------------------+--------------+-------------+--------------+------------+------------+
; 0.232 ; T_flip_flop:call6|D_flip_flop:call|z ; T_flip_flop:call8|D_flip_flop:call|z ; KEY[0]       ; KEY[0]      ; 1.000        ; 0.000      ; 0.800      ;
; 0.248 ; T_flip_flop:call6|D_flip_flop:call|z ; T_flip_flop:call7|D_flip_flop:call|z ; KEY[0]       ; KEY[0]      ; 1.000        ; 0.000      ; 0.784      ;
; 0.288 ; T_flip_flop:call5|D_flip_flop:call|z ; T_flip_flop:call7|D_flip_flop:call|z ; KEY[0]       ; KEY[0]      ; 1.000        ; 0.000      ; 0.744      ;
; 0.296 ; T_flip_flop:call5|D_flip_flop:call|z ; T_flip_flop:call8|D_flip_flop:call|z ; KEY[0]       ; KEY[0]      ; 1.000        ; 0.000      ; 0.736      ;
; 0.330 ; T_flip_flop:call2|D_flip_flop:call|z ; T_flip_flop:call8|D_flip_flop:call|z ; KEY[0]       ; KEY[0]      ; 1.000        ; 0.000      ; 0.702      ;
; 0.330 ; T_flip_flop:call2|D_flip_flop:call|z ; T_flip_flop:call7|D_flip_flop:call|z ; KEY[0]       ; KEY[0]      ; 1.000        ; 0.000      ; 0.702      ;
; 0.333 ; T_flip_flop:call2|D_flip_flop:call|z ; T_flip_flop:call6|D_flip_flop:call|z ; KEY[0]       ; KEY[0]      ; 1.000        ; 0.000      ; 0.699      ;
; 0.334 ; T_flip_flop:call2|D_flip_flop:call|z ; T_flip_flop:call4|D_flip_flop:call|z ; KEY[0]       ; KEY[0]      ; 1.000        ; 0.000      ; 0.698      ;
; 0.335 ; T_flip_flop:call4|D_flip_flop:call|z ; T_flip_flop:call8|D_flip_flop:call|z ; KEY[0]       ; KEY[0]      ; 1.000        ; 0.000      ; 0.697      ;
; 0.336 ; T_flip_flop:call2|D_flip_flop:call|z ; T_flip_flop:call5|D_flip_flop:call|z ; KEY[0]       ; KEY[0]      ; 1.000        ; 0.000      ; 0.696      ;
; 0.376 ; T_flip_flop:call1|D_flip_flop:call|z ; T_flip_flop:call8|D_flip_flop:call|z ; KEY[0]       ; KEY[0]      ; 1.000        ; 0.000      ; 0.656      ;
; 0.376 ; T_flip_flop:call1|D_flip_flop:call|z ; T_flip_flop:call7|D_flip_flop:call|z ; KEY[0]       ; KEY[0]      ; 1.000        ; 0.000      ; 0.656      ;
; 0.379 ; T_flip_flop:call1|D_flip_flop:call|z ; T_flip_flop:call6|D_flip_flop:call|z ; KEY[0]       ; KEY[0]      ; 1.000        ; 0.000      ; 0.653      ;
; 0.380 ; T_flip_flop:call1|D_flip_flop:call|z ; T_flip_flop:call4|D_flip_flop:call|z ; KEY[0]       ; KEY[0]      ; 1.000        ; 0.000      ; 0.652      ;
; 0.382 ; T_flip_flop:call1|D_flip_flop:call|z ; T_flip_flop:call5|D_flip_flop:call|z ; KEY[0]       ; KEY[0]      ; 1.000        ; 0.000      ; 0.650      ;
; 0.427 ; T_flip_flop:call5|D_flip_flop:call|z ; T_flip_flop:call6|D_flip_flop:call|z ; KEY[0]       ; KEY[0]      ; 1.000        ; 0.000      ; 0.605      ;
; 0.428 ; T_flip_flop:call4|D_flip_flop:call|z ; T_flip_flop:call7|D_flip_flop:call|z ; KEY[0]       ; KEY[0]      ; 1.000        ; 0.000      ; 0.604      ;
; 0.429 ; T_flip_flop:call4|D_flip_flop:call|z ; T_flip_flop:call6|D_flip_flop:call|z ; KEY[0]       ; KEY[0]      ; 1.000        ; 0.000      ; 0.603      ;
; 0.430 ; T_flip_flop:call4|D_flip_flop:call|z ; T_flip_flop:call5|D_flip_flop:call|z ; KEY[0]       ; KEY[0]      ; 1.000        ; 0.000      ; 0.602      ;
; 0.435 ; T_flip_flop:call2|D_flip_flop:call|z ; T_flip_flop:call3|D_flip_flop:call|z ; KEY[0]       ; KEY[0]      ; 1.000        ; 0.000      ; 0.597      ;
; 0.452 ; T_flip_flop:call3|D_flip_flop:call|z ; T_flip_flop:call8|D_flip_flop:call|z ; KEY[0]       ; KEY[0]      ; 1.000        ; 0.000      ; 0.580      ;
; 0.452 ; T_flip_flop:call3|D_flip_flop:call|z ; T_flip_flop:call7|D_flip_flop:call|z ; KEY[0]       ; KEY[0]      ; 1.000        ; 0.000      ; 0.580      ;
; 0.455 ; T_flip_flop:call3|D_flip_flop:call|z ; T_flip_flop:call6|D_flip_flop:call|z ; KEY[0]       ; KEY[0]      ; 1.000        ; 0.000      ; 0.577      ;
; 0.456 ; T_flip_flop:call3|D_flip_flop:call|z ; T_flip_flop:call4|D_flip_flop:call|z ; KEY[0]       ; KEY[0]      ; 1.000        ; 0.000      ; 0.576      ;
; 0.458 ; T_flip_flop:call3|D_flip_flop:call|z ; T_flip_flop:call5|D_flip_flop:call|z ; KEY[0]       ; KEY[0]      ; 1.000        ; 0.000      ; 0.574      ;
; 0.513 ; T_flip_flop:call7|D_flip_flop:call|z ; T_flip_flop:call8|D_flip_flop:call|z ; KEY[0]       ; KEY[0]      ; 1.000        ; 0.000      ; 0.519      ;
; 0.548 ; T_flip_flop:call1|D_flip_flop:call|z ; T_flip_flop:call3|D_flip_flop:call|z ; KEY[0]       ; KEY[0]      ; 1.000        ; 0.000      ; 0.484      ;
; 0.549 ; T_flip_flop:call1|D_flip_flop:call|z ; T_flip_flop:call2|D_flip_flop:call|z ; KEY[0]       ; KEY[0]      ; 1.000        ; 0.000      ; 0.483      ;
; 0.665 ; T_flip_flop:call1|D_flip_flop:call|z ; T_flip_flop:call1|D_flip_flop:call|z ; KEY[0]       ; KEY[0]      ; 1.000        ; 0.000      ; 0.367      ;
; 0.665 ; T_flip_flop:call8|D_flip_flop:call|z ; T_flip_flop:call8|D_flip_flop:call|z ; KEY[0]       ; KEY[0]      ; 1.000        ; 0.000      ; 0.367      ;
; 0.665 ; T_flip_flop:call7|D_flip_flop:call|z ; T_flip_flop:call7|D_flip_flop:call|z ; KEY[0]       ; KEY[0]      ; 1.000        ; 0.000      ; 0.367      ;
; 0.665 ; T_flip_flop:call6|D_flip_flop:call|z ; T_flip_flop:call6|D_flip_flop:call|z ; KEY[0]       ; KEY[0]      ; 1.000        ; 0.000      ; 0.367      ;
; 0.665 ; T_flip_flop:call4|D_flip_flop:call|z ; T_flip_flop:call4|D_flip_flop:call|z ; KEY[0]       ; KEY[0]      ; 1.000        ; 0.000      ; 0.367      ;
; 0.665 ; T_flip_flop:call5|D_flip_flop:call|z ; T_flip_flop:call5|D_flip_flop:call|z ; KEY[0]       ; KEY[0]      ; 1.000        ; 0.000      ; 0.367      ;
; 0.665 ; T_flip_flop:call3|D_flip_flop:call|z ; T_flip_flop:call3|D_flip_flop:call|z ; KEY[0]       ; KEY[0]      ; 1.000        ; 0.000      ; 0.367      ;
; 0.665 ; T_flip_flop:call2|D_flip_flop:call|z ; T_flip_flop:call2|D_flip_flop:call|z ; KEY[0]       ; KEY[0]      ; 1.000        ; 0.000      ; 0.367      ;
+-------+--------------------------------------+--------------------------------------+--------------+-------------+--------------+------------+------------+


+-----------------------------------------------------------------------------------------------------------------------------------------------------------+
; Fast Model Hold: 'KEY[0]'                                                                                                                                 ;
+-------+--------------------------------------+--------------------------------------+--------------+-------------+--------------+------------+------------+
; Slack ; From Node                            ; To Node                              ; Launch Clock ; Latch Clock ; Relationship ; Clock Skew ; Data Delay ;
+-------+--------------------------------------+--------------------------------------+--------------+-------------+--------------+------------+------------+
; 0.215 ; T_flip_flop:call1|D_flip_flop:call|z ; T_flip_flop:call1|D_flip_flop:call|z ; KEY[0]       ; KEY[0]      ; 0.000        ; 0.000      ; 0.367      ;
; 0.215 ; T_flip_flop:call4|D_flip_flop:call|z ; T_flip_flop:call4|D_flip_flop:call|z ; KEY[0]       ; KEY[0]      ; 0.000        ; 0.000      ; 0.367      ;
; 0.215 ; T_flip_flop:call2|D_flip_flop:call|z ; T_flip_flop:call2|D_flip_flop:call|z ; KEY[0]       ; KEY[0]      ; 0.000        ; 0.000      ; 0.367      ;
; 0.215 ; T_flip_flop:call3|D_flip_flop:call|z ; T_flip_flop:call3|D_flip_flop:call|z ; KEY[0]       ; KEY[0]      ; 0.000        ; 0.000      ; 0.367      ;
; 0.215 ; T_flip_flop:call5|D_flip_flop:call|z ; T_flip_flop:call5|D_flip_flop:call|z ; KEY[0]       ; KEY[0]      ; 0.000        ; 0.000      ; 0.367      ;
; 0.215 ; T_flip_flop:call8|D_flip_flop:call|z ; T_flip_flop:call8|D_flip_flop:call|z ; KEY[0]       ; KEY[0]      ; 0.000        ; 0.000      ; 0.367      ;
; 0.215 ; T_flip_flop:call7|D_flip_flop:call|z ; T_flip_flop:call7|D_flip_flop:call|z ; KEY[0]       ; KEY[0]      ; 0.000        ; 0.000      ; 0.367      ;
; 0.215 ; T_flip_flop:call6|D_flip_flop:call|z ; T_flip_flop:call6|D_flip_flop:call|z ; KEY[0]       ; KEY[0]      ; 0.000        ; 0.000      ; 0.367      ;
; 0.331 ; T_flip_flop:call1|D_flip_flop:call|z ; T_flip_flop:call2|D_flip_flop:call|z ; KEY[0]       ; KEY[0]      ; 0.000        ; 0.000      ; 0.483      ;
; 0.332 ; T_flip_flop:call1|D_flip_flop:call|z ; T_flip_flop:call3|D_flip_flop:call|z ; KEY[0]       ; KEY[0]      ; 0.000        ; 0.000      ; 0.484      ;
; 0.367 ; T_flip_flop:call7|D_flip_flop:call|z ; T_flip_flop:call8|D_flip_flop:call|z ; KEY[0]       ; KEY[0]      ; 0.000        ; 0.000      ; 0.519      ;
; 0.422 ; T_flip_flop:call3|D_flip_flop:call|z ; T_flip_flop:call5|D_flip_flop:call|z ; KEY[0]       ; KEY[0]      ; 0.000        ; 0.000      ; 0.574      ;
; 0.424 ; T_flip_flop:call3|D_flip_flop:call|z ; T_flip_flop:call4|D_flip_flop:call|z ; KEY[0]       ; KEY[0]      ; 0.000        ; 0.000      ; 0.576      ;
; 0.425 ; T_flip_flop:call3|D_flip_flop:call|z ; T_flip_flop:call6|D_flip_flop:call|z ; KEY[0]       ; KEY[0]      ; 0.000        ; 0.000      ; 0.577      ;
; 0.428 ; T_flip_flop:call3|D_flip_flop:call|z ; T_flip_flop:call8|D_flip_flop:call|z ; KEY[0]       ; KEY[0]      ; 0.000        ; 0.000      ; 0.580      ;
; 0.428 ; T_flip_flop:call3|D_flip_flop:call|z ; T_flip_flop:call7|D_flip_flop:call|z ; KEY[0]       ; KEY[0]      ; 0.000        ; 0.000      ; 0.580      ;
; 0.445 ; T_flip_flop:call2|D_flip_flop:call|z ; T_flip_flop:call3|D_flip_flop:call|z ; KEY[0]       ; KEY[0]      ; 0.000        ; 0.000      ; 0.597      ;
; 0.450 ; T_flip_flop:call4|D_flip_flop:call|z ; T_flip_flop:call5|D_flip_flop:call|z ; KEY[0]       ; KEY[0]      ; 0.000        ; 0.000      ; 0.602      ;
; 0.451 ; T_flip_flop:call4|D_flip_flop:call|z ; T_flip_flop:call6|D_flip_flop:call|z ; KEY[0]       ; KEY[0]      ; 0.000        ; 0.000      ; 0.603      ;
; 0.452 ; T_flip_flop:call4|D_flip_flop:call|z ; T_flip_flop:call7|D_flip_flop:call|z ; KEY[0]       ; KEY[0]      ; 0.000        ; 0.000      ; 0.604      ;
; 0.453 ; T_flip_flop:call5|D_flip_flop:call|z ; T_flip_flop:call6|D_flip_flop:call|z ; KEY[0]       ; KEY[0]      ; 0.000        ; 0.000      ; 0.605      ;
; 0.498 ; T_flip_flop:call1|D_flip_flop:call|z ; T_flip_flop:call5|D_flip_flop:call|z ; KEY[0]       ; KEY[0]      ; 0.000        ; 0.000      ; 0.650      ;
; 0.500 ; T_flip_flop:call1|D_flip_flop:call|z ; T_flip_flop:call4|D_flip_flop:call|z ; KEY[0]       ; KEY[0]      ; 0.000        ; 0.000      ; 0.652      ;
; 0.501 ; T_flip_flop:call1|D_flip_flop:call|z ; T_flip_flop:call6|D_flip_flop:call|z ; KEY[0]       ; KEY[0]      ; 0.000        ; 0.000      ; 0.653      ;
; 0.504 ; T_flip_flop:call1|D_flip_flop:call|z ; T_flip_flop:call8|D_flip_flop:call|z ; KEY[0]       ; KEY[0]      ; 0.000        ; 0.000      ; 0.656      ;
; 0.504 ; T_flip_flop:call1|D_flip_flop:call|z ; T_flip_flop:call7|D_flip_flop:call|z ; KEY[0]       ; KEY[0]      ; 0.000        ; 0.000      ; 0.656      ;
; 0.544 ; T_flip_flop:call2|D_flip_flop:call|z ; T_flip_flop:call5|D_flip_flop:call|z ; KEY[0]       ; KEY[0]      ; 0.000        ; 0.000      ; 0.696      ;
; 0.545 ; T_flip_flop:call4|D_flip_flop:call|z ; T_flip_flop:call8|D_flip_flop:call|z ; KEY[0]       ; KEY[0]      ; 0.000        ; 0.000      ; 0.697      ;
; 0.546 ; T_flip_flop:call2|D_flip_flop:call|z ; T_flip_flop:call4|D_flip_flop:call|z ; KEY[0]       ; KEY[0]      ; 0.000        ; 0.000      ; 0.698      ;
; 0.547 ; T_flip_flop:call2|D_flip_flop:call|z ; T_flip_flop:call6|D_flip_flop:call|z ; KEY[0]       ; KEY[0]      ; 0.000        ; 0.000      ; 0.699      ;
; 0.550 ; T_flip_flop:call2|D_flip_flop:call|z ; T_flip_flop:call8|D_flip_flop:call|z ; KEY[0]       ; KEY[0]      ; 0.000        ; 0.000      ; 0.702      ;
; 0.550 ; T_flip_flop:call2|D_flip_flop:call|z ; T_flip_flop:call7|D_flip_flop:call|z ; KEY[0]       ; KEY[0]      ; 0.000        ; 0.000      ; 0.702      ;
; 0.584 ; T_flip_flop:call5|D_flip_flop:call|z ; T_flip_flop:call8|D_flip_flop:call|z ; KEY[0]       ; KEY[0]      ; 0.000        ; 0.000      ; 0.736      ;
; 0.592 ; T_flip_flop:call5|D_flip_flop:call|z ; T_flip_flop:call7|D_flip_flop:call|z ; KEY[0]       ; KEY[0]      ; 0.000        ; 0.000      ; 0.744      ;
; 0.632 ; T_flip_flop:call6|D_flip_flop:call|z ; T_flip_flop:call7|D_flip_flop:call|z ; KEY[0]       ; KEY[0]      ; 0.000        ; 0.000      ; 0.784      ;
; 0.648 ; T_flip_flop:call6|D_flip_flop:call|z ; T_flip_flop:call8|D_flip_flop:call|z ; KEY[0]       ; KEY[0]      ; 0.000        ; 0.000      ; 0.800      ;
+-------+--------------------------------------+--------------------------------------+--------------+-------------+--------------+------------+------------+


+------------------------------------------------------------------------------------------------------------------------+
; Fast Model Minimum Pulse Width: 'KEY[0]'                                                                               ;
+--------+--------------+----------------+------------------+--------+------------+--------------------------------------+
; Slack  ; Actual Width ; Required Width ; Type             ; Clock  ; Clock Edge ; Target                               ;
+--------+--------------+----------------+------------------+--------+------------+--------------------------------------+
; -1.222 ; 1.000        ; 2.222          ; Port Rate        ; KEY[0] ; Rise       ; KEY[0]                               ;
; -0.500 ; 0.500        ; 1.000          ; High Pulse Width ; KEY[0] ; Rise       ; T_flip_flop:call1|D_flip_flop:call|z ;
; -0.500 ; 0.500        ; 1.000          ; Low Pulse Width  ; KEY[0] ; Rise       ; T_flip_flop:call1|D_flip_flop:call|z ;
; -0.500 ; 0.500        ; 1.000          ; High Pulse Width ; KEY[0] ; Rise       ; T_flip_flop:call2|D_flip_flop:call|z ;
; -0.500 ; 0.500        ; 1.000          ; Low Pulse Width  ; KEY[0] ; Rise       ; T_flip_flop:call2|D_flip_flop:call|z ;
; -0.500 ; 0.500        ; 1.000          ; High Pulse Width ; KEY[0] ; Rise       ; T_flip_flop:call3|D_flip_flop:call|z ;
; -0.500 ; 0.500        ; 1.000          ; Low Pulse Width  ; KEY[0] ; Rise       ; T_flip_flop:call3|D_flip_flop:call|z ;
; -0.500 ; 0.500        ; 1.000          ; High Pulse Width ; KEY[0] ; Rise       ; T_flip_flop:call4|D_flip_flop:call|z ;
; -0.500 ; 0.500        ; 1.000          ; Low Pulse Width  ; KEY[0] ; Rise       ; T_flip_flop:call4|D_flip_flop:call|z ;
; -0.500 ; 0.500        ; 1.000          ; High Pulse Width ; KEY[0] ; Rise       ; T_flip_flop:call5|D_flip_flop:call|z ;
; -0.500 ; 0.500        ; 1.000          ; Low Pulse Width  ; KEY[0] ; Rise       ; T_flip_flop:call5|D_flip_flop:call|z ;
; -0.500 ; 0.500        ; 1.000          ; High Pulse Width ; KEY[0] ; Rise       ; T_flip_flop:call6|D_flip_flop:call|z ;
; -0.500 ; 0.500        ; 1.000          ; Low Pulse Width  ; KEY[0] ; Rise       ; T_flip_flop:call6|D_flip_flop:call|z ;
; -0.500 ; 0.500        ; 1.000          ; High Pulse Width ; KEY[0] ; Rise       ; T_flip_flop:call7|D_flip_flop:call|z ;
; -0.500 ; 0.500        ; 1.000          ; Low Pulse Width  ; KEY[0] ; Rise       ; T_flip_flop:call7|D_flip_flop:call|z ;
; -0.500 ; 0.500        ; 1.000          ; High Pulse Width ; KEY[0] ; Rise       ; T_flip_flop:call8|D_flip_flop:call|z ;
; -0.500 ; 0.500        ; 1.000          ; Low Pulse Width  ; KEY[0] ; Rise       ; T_flip_flop:call8|D_flip_flop:call|z ;
; 0.500  ; 0.500        ; 0.000          ; High Pulse Width ; KEY[0] ; Rise       ; KEY[0]|combout                       ;
; 0.500  ; 0.500        ; 0.000          ; Low Pulse Width  ; KEY[0] ; Rise       ; KEY[0]|combout                       ;
; 0.500  ; 0.500        ; 0.000          ; High Pulse Width ; KEY[0] ; Rise       ; call1|call|z|clk                     ;
; 0.500  ; 0.500        ; 0.000          ; Low Pulse Width  ; KEY[0] ; Rise       ; call1|call|z|clk                     ;
; 0.500  ; 0.500        ; 0.000          ; High Pulse Width ; KEY[0] ; Rise       ; call2|call|z|clk                     ;
; 0.500  ; 0.500        ; 0.000          ; Low Pulse Width  ; KEY[0] ; Rise       ; call2|call|z|clk                     ;
; 0.500  ; 0.500        ; 0.000          ; High Pulse Width ; KEY[0] ; Rise       ; call3|call|z|clk                     ;
; 0.500  ; 0.500        ; 0.000          ; Low Pulse Width  ; KEY[0] ; Rise       ; call3|call|z|clk                     ;
; 0.500  ; 0.500        ; 0.000          ; High Pulse Width ; KEY[0] ; Rise       ; call4|call|z|clk                     ;
; 0.500  ; 0.500        ; 0.000          ; Low Pulse Width  ; KEY[0] ; Rise       ; call4|call|z|clk                     ;
; 0.500  ; 0.500        ; 0.000          ; High Pulse Width ; KEY[0] ; Rise       ; call5|call|z|clk                     ;
; 0.500  ; 0.500        ; 0.000          ; Low Pulse Width  ; KEY[0] ; Rise       ; call5|call|z|clk                     ;
; 0.500  ; 0.500        ; 0.000          ; High Pulse Width ; KEY[0] ; Rise       ; call6|call|z|clk                     ;
; 0.500  ; 0.500        ; 0.000          ; Low Pulse Width  ; KEY[0] ; Rise       ; call6|call|z|clk                     ;
; 0.500  ; 0.500        ; 0.000          ; High Pulse Width ; KEY[0] ; Rise       ; call7|call|z|clk                     ;
; 0.500  ; 0.500        ; 0.000          ; Low Pulse Width  ; KEY[0] ; Rise       ; call7|call|z|clk                     ;
; 0.500  ; 0.500        ; 0.000          ; High Pulse Width ; KEY[0] ; Rise       ; call8|call|z|clk                     ;
; 0.500  ; 0.500        ; 0.000          ; Low Pulse Width  ; KEY[0] ; Rise       ; call8|call|z|clk                     ;
+--------+--------------+----------------+------------------+--------+------------+--------------------------------------+


+-------------------------------------------------------------------------+
; Setup Times                                                             ;
+-----------+------------+--------+--------+------------+-----------------+
; Data Port ; Clock Port ; Rise   ; Fall   ; Clock Edge ; Clock Reference ;
+-----------+------------+--------+--------+------------+-----------------+
; SW[*]     ; KEY[0]     ; -0.178 ; -0.178 ; Rise       ; KEY[0]          ;
;  SW[1]    ; KEY[0]     ; -0.178 ; -0.178 ; Rise       ; KEY[0]          ;
+-----------+------------+--------+--------+------------+-----------------+


+-----------------------------------------------------------------------+
; Hold Times                                                            ;
+-----------+------------+-------+-------+------------+-----------------+
; Data Port ; Clock Port ; Rise  ; Fall  ; Clock Edge ; Clock Reference ;
+-----------+------------+-------+-------+------------+-----------------+
; SW[*]     ; KEY[0]     ; 0.573 ; 0.573 ; Rise       ; KEY[0]          ;
;  SW[1]    ; KEY[0]     ; 0.573 ; 0.573 ; Rise       ; KEY[0]          ;
+-----------+------------+-------+-------+------------+-----------------+


+-----------------------------------------------------------------------+
; Clock to Output Times                                                 ;
+-----------+------------+-------+-------+------------+-----------------+
; Data Port ; Clock Port ; Rise  ; Fall  ; Clock Edge ; Clock Reference ;
+-----------+------------+-------+-------+------------+-----------------+
; HEX0[*]   ; KEY[0]     ; 5.452 ; 5.452 ; Rise       ; KEY[0]          ;
;  HEX0[0]  ; KEY[0]     ; 5.452 ; 5.452 ; Rise       ; KEY[0]          ;
;  HEX0[1]  ; KEY[0]     ; 5.423 ; 5.423 ; Rise       ; KEY[0]          ;
;  HEX0[2]  ; KEY[0]     ; 5.432 ; 5.432 ; Rise       ; KEY[0]          ;
;  HEX0[3]  ; KEY[0]     ; 5.332 ; 5.332 ; Rise       ; KEY[0]          ;
;  HEX0[4]  ; KEY[0]     ; 5.337 ; 5.337 ; Rise       ; KEY[0]          ;
;  HEX0[5]  ; KEY[0]     ; 5.325 ; 5.325 ; Rise       ; KEY[0]          ;
;  HEX0[6]  ; KEY[0]     ; 5.328 ; 5.328 ; Rise       ; KEY[0]          ;
; HEX1[*]   ; KEY[0]     ; 4.473 ; 4.473 ; Rise       ; KEY[0]          ;
;  HEX1[0]  ; KEY[0]     ; 4.425 ; 4.425 ; Rise       ; KEY[0]          ;
;  HEX1[1]  ; KEY[0]     ; 4.473 ; 4.473 ; Rise       ; KEY[0]          ;
;  HEX1[2]  ; KEY[0]     ; 4.244 ; 4.244 ; Rise       ; KEY[0]          ;
;  HEX1[3]  ; KEY[0]     ; 4.217 ; 4.217 ; Rise       ; KEY[0]          ;
;  HEX1[4]  ; KEY[0]     ; 4.261 ; 4.261 ; Rise       ; KEY[0]          ;
;  HEX1[5]  ; KEY[0]     ; 4.347 ; 4.347 ; Rise       ; KEY[0]          ;
;  HEX1[6]  ; KEY[0]     ; 4.345 ; 4.345 ; Rise       ; KEY[0]          ;
+-----------+------------+-------+-------+------------+-----------------+


+-----------------------------------------------------------------------+
; Minimum Clock to Output Times                                         ;
+-----------+------------+-------+-------+------------+-----------------+
; Data Port ; Clock Port ; Rise  ; Fall  ; Clock Edge ; Clock Reference ;
+-----------+------------+-------+-------+------------+-----------------+
; HEX0[*]   ; KEY[0]     ; 5.011 ; 5.011 ; Rise       ; KEY[0]          ;
;  HEX0[0]  ; KEY[0]     ; 5.143 ; 5.143 ; Rise       ; KEY[0]          ;
;  HEX0[1]  ; KEY[0]     ; 5.105 ; 5.105 ; Rise       ; KEY[0]          ;
;  HEX0[2]  ; KEY[0]     ; 5.129 ; 5.129 ; Rise       ; KEY[0]          ;
;  HEX0[3]  ; KEY[0]     ; 5.024 ; 5.024 ; Rise       ; KEY[0]          ;
;  HEX0[4]  ; KEY[0]     ; 5.023 ; 5.023 ; Rise       ; KEY[0]          ;
;  HEX0[5]  ; KEY[0]     ; 5.011 ; 5.011 ; Rise       ; KEY[0]          ;
;  HEX0[6]  ; KEY[0]     ; 5.013 ; 5.013 ; Rise       ; KEY[0]          ;
; HEX1[*]   ; KEY[0]     ; 4.080 ; 4.080 ; Rise       ; KEY[0]          ;
;  HEX1[0]  ; KEY[0]     ; 4.287 ; 4.287 ; Rise       ; KEY[0]          ;
;  HEX1[1]  ; KEY[0]     ; 4.336 ; 4.336 ; Rise       ; KEY[0]          ;
;  HEX1[2]  ; KEY[0]     ; 4.107 ; 4.107 ; Rise       ; KEY[0]          ;
;  HEX1[3]  ; KEY[0]     ; 4.080 ; 4.080 ; Rise       ; KEY[0]          ;
;  HEX1[4]  ; KEY[0]     ; 4.124 ; 4.124 ; Rise       ; KEY[0]          ;
;  HEX1[5]  ; KEY[0]     ; 4.215 ; 4.215 ; Rise       ; KEY[0]          ;
;  HEX1[6]  ; KEY[0]     ; 4.210 ; 4.210 ; Rise       ; KEY[0]          ;
+-----------+------------+-------+-------+------------+-----------------+


+----------------------------------------------------+
; Propagation Delay                                  ;
+------------+-------------+-------+----+----+-------+
; Input Port ; Output Port ; RR    ; RF ; FR ; FF    ;
+------------+-------------+-------+----+----+-------+
; SW[0]      ; LEDR[0]     ; 2.830 ;    ;    ; 2.830 ;
; SW[1]      ; LEDR[1]     ; 3.040 ;    ;    ; 3.040 ;
+------------+-------------+-------+----+----+-------+


+----------------------------------------------------+
; Minimum Propagation Delay                          ;
+------------+-------------+-------+----+----+-------+
; Input Port ; Output Port ; RR    ; RF ; FR ; FF    ;
+------------+-------------+-------+----+----+-------+
; SW[0]      ; LEDR[0]     ; 2.830 ;    ;    ; 2.830 ;
; SW[1]      ; LEDR[1]     ; 3.040 ;    ;    ; 3.040 ;
+------------+-------------+-------+----+----+-------+


+------------------------------------------------------------------------------+
; Multicorner Timing Analysis Summary                                          ;
+------------------+--------+-------+----------+---------+---------------------+
; Clock            ; Setup  ; Hold  ; Recovery ; Removal ; Minimum Pulse Width ;
+------------------+--------+-------+----------+---------+---------------------+
; Worst-case Slack ; -1.444 ; 0.215 ; N/A      ; N/A     ; -1.777              ;
;  KEY[0]          ; -1.444 ; 0.215 ; N/A      ; N/A     ; -1.777              ;
; Design-wide TNS  ; -6.807 ; 0.0   ; 0.0      ; 0.0     ; -13.649             ;
;  KEY[0]          ; -6.807 ; 0.000 ; N/A      ; N/A     ; -13.649             ;
+------------------+--------+-------+----------+---------+---------------------+


+-----------------------------------------------------------------------+
; Setup Times                                                           ;
+-----------+------------+-------+-------+------------+-----------------+
; Data Port ; Clock Port ; Rise  ; Fall  ; Clock Edge ; Clock Reference ;
+-----------+------------+-------+-------+------------+-----------------+
; SW[*]     ; KEY[0]     ; 0.173 ; 0.173 ; Rise       ; KEY[0]          ;
;  SW[1]    ; KEY[0]     ; 0.173 ; 0.173 ; Rise       ; KEY[0]          ;
+-----------+------------+-------+-------+------------+-----------------+


+-----------------------------------------------------------------------+
; Hold Times                                                            ;
+-----------+------------+-------+-------+------------+-----------------+
; Data Port ; Clock Port ; Rise  ; Fall  ; Clock Edge ; Clock Reference ;
+-----------+------------+-------+-------+------------+-----------------+
; SW[*]     ; KEY[0]     ; 1.014 ; 1.014 ; Rise       ; KEY[0]          ;
;  SW[1]    ; KEY[0]     ; 1.014 ; 1.014 ; Rise       ; KEY[0]          ;
+-----------+------------+-------+-------+------------+-----------------+


+-------------------------------------------------------------------------+
; Clock to Output Times                                                   ;
+-----------+------------+--------+--------+------------+-----------------+
; Data Port ; Clock Port ; Rise   ; Fall   ; Clock Edge ; Clock Reference ;
+-----------+------------+--------+--------+------------+-----------------+
; HEX0[*]   ; KEY[0]     ; 14.139 ; 14.139 ; Rise       ; KEY[0]          ;
;  HEX0[0]  ; KEY[0]     ; 14.139 ; 14.139 ; Rise       ; KEY[0]          ;
;  HEX0[1]  ; KEY[0]     ; 14.106 ; 14.106 ; Rise       ; KEY[0]          ;
;  HEX0[2]  ; KEY[0]     ; 14.114 ; 14.114 ; Rise       ; KEY[0]          ;
;  HEX0[3]  ; KEY[0]     ; 13.759 ; 13.759 ; Rise       ; KEY[0]          ;
;  HEX0[4]  ; KEY[0]     ; 13.761 ; 13.761 ; Rise       ; KEY[0]          ;
;  HEX0[5]  ; KEY[0]     ; 13.750 ; 13.750 ; Rise       ; KEY[0]          ;
;  HEX0[6]  ; KEY[0]     ; 13.756 ; 13.756 ; Rise       ; KEY[0]          ;
; HEX1[*]   ; KEY[0]     ; 10.937 ; 10.937 ; Rise       ; KEY[0]          ;
;  HEX1[0]  ; KEY[0]     ; 10.826 ; 10.826 ; Rise       ; KEY[0]          ;
;  HEX1[1]  ; KEY[0]     ; 10.937 ; 10.937 ; Rise       ; KEY[0]          ;
;  HEX1[2]  ; KEY[0]     ; 10.398 ; 10.398 ; Rise       ; KEY[0]          ;
;  HEX1[3]  ; KEY[0]     ; 10.352 ; 10.352 ; Rise       ; KEY[0]          ;
;  HEX1[4]  ; KEY[0]     ; 10.417 ; 10.417 ; Rise       ; KEY[0]          ;
;  HEX1[5]  ; KEY[0]     ; 10.753 ; 10.753 ; Rise       ; KEY[0]          ;
;  HEX1[6]  ; KEY[0]     ; 10.706 ; 10.706 ; Rise       ; KEY[0]          ;
+-----------+------------+--------+--------+------------+-----------------+


+-----------------------------------------------------------------------+
; Minimum Clock to Output Times                                         ;
+-----------+------------+-------+-------+------------+-----------------+
; Data Port ; Clock Port ; Rise  ; Fall  ; Clock Edge ; Clock Reference ;
+-----------+------------+-------+-------+------------+-----------------+
; HEX0[*]   ; KEY[0]     ; 5.011 ; 5.011 ; Rise       ; KEY[0]          ;
;  HEX0[0]  ; KEY[0]     ; 5.143 ; 5.143 ; Rise       ; KEY[0]          ;
;  HEX0[1]  ; KEY[0]     ; 5.105 ; 5.105 ; Rise       ; KEY[0]          ;
;  HEX0[2]  ; KEY[0]     ; 5.129 ; 5.129 ; Rise       ; KEY[0]          ;
;  HEX0[3]  ; KEY[0]     ; 5.024 ; 5.024 ; Rise       ; KEY[0]          ;
;  HEX0[4]  ; KEY[0]     ; 5.023 ; 5.023 ; Rise       ; KEY[0]          ;
;  HEX0[5]  ; KEY[0]     ; 5.011 ; 5.011 ; Rise       ; KEY[0]          ;
;  HEX0[6]  ; KEY[0]     ; 5.013 ; 5.013 ; Rise       ; KEY[0]          ;
; HEX1[*]   ; KEY[0]     ; 4.080 ; 4.080 ; Rise       ; KEY[0]          ;
;  HEX1[0]  ; KEY[0]     ; 4.287 ; 4.287 ; Rise       ; KEY[0]          ;
;  HEX1[1]  ; KEY[0]     ; 4.336 ; 4.336 ; Rise       ; KEY[0]          ;
;  HEX1[2]  ; KEY[0]     ; 4.107 ; 4.107 ; Rise       ; KEY[0]          ;
;  HEX1[3]  ; KEY[0]     ; 4.080 ; 4.080 ; Rise       ; KEY[0]          ;
;  HEX1[4]  ; KEY[0]     ; 4.124 ; 4.124 ; Rise       ; KEY[0]          ;
;  HEX1[5]  ; KEY[0]     ; 4.215 ; 4.215 ; Rise       ; KEY[0]          ;
;  HEX1[6]  ; KEY[0]     ; 4.210 ; 4.210 ; Rise       ; KEY[0]          ;
+-----------+------------+-------+-------+------------+-----------------+


+----------------------------------------------------+
; Progagation Delay                                  ;
+------------+-------------+-------+----+----+-------+
; Input Port ; Output Port ; RR    ; RF ; FR ; FF    ;
+------------+-------------+-------+----+----+-------+
; SW[0]      ; LEDR[0]     ; 6.323 ;    ;    ; 6.323 ;
; SW[1]      ; LEDR[1]     ; 6.958 ;    ;    ; 6.958 ;
+------------+-------------+-------+----+----+-------+


+----------------------------------------------------+
; Minimum Progagation Delay                          ;
+------------+-------------+-------+----+----+-------+
; Input Port ; Output Port ; RR    ; RF ; FR ; FF    ;
+------------+-------------+-------+----+----+-------+
; SW[0]      ; LEDR[0]     ; 2.830 ;    ;    ; 2.830 ;
; SW[1]      ; LEDR[1]     ; 3.040 ;    ;    ; 3.040 ;
+------------+-------------+-------+----+----+-------+


+-------------------------------------------------------------------+
; Setup Transfers                                                   ;
+------------+----------+----------+----------+----------+----------+
; From Clock ; To Clock ; RR Paths ; FR Paths ; RF Paths ; FF Paths ;
+------------+----------+----------+----------+----------+----------+
; KEY[0]     ; KEY[0]   ; 36       ; 0        ; 0        ; 0        ;
+------------+----------+----------+----------+----------+----------+
Entries labeled "false path" only account for clock-to-clock false paths and not path-based false paths. As a result, actual path counts may be lower than reported.


+-------------------------------------------------------------------+
; Hold Transfers                                                    ;
+------------+----------+----------+----------+----------+----------+
; From Clock ; To Clock ; RR Paths ; FR Paths ; RF Paths ; FF Paths ;
+------------+----------+----------+----------+----------+----------+
; KEY[0]     ; KEY[0]   ; 36       ; 0        ; 0        ; 0        ;
+------------+----------+----------+----------+----------+----------+
Entries labeled "false path" only account for clock-to-clock false paths and not path-based false paths. As a result, actual path counts may be lower than reported.


---------------
; Report TCCS ;
---------------
No dedicated SERDES Transmitter circuitry present in device or used in design


---------------
; Report RSKM ;
---------------
No dedicated SERDES Receiver circuitry present in device or used in design


+------------------------------------------------+
; Unconstrained Paths                            ;
+---------------------------------+-------+------+
; Property                        ; Setup ; Hold ;
+---------------------------------+-------+------+
; Illegal Clocks                  ; 0     ; 0    ;
; Unconstrained Clocks            ; 0     ; 0    ;
; Unconstrained Input Ports       ; 2     ; 2    ;
; Unconstrained Input Port Paths  ; 18    ; 18   ;
; Unconstrained Output Ports      ; 16    ; 16   ;
; Unconstrained Output Port Paths ; 58    ; 58   ;
+---------------------------------+-------+------+


+------------------------------------+
; TimeQuest Timing Analyzer Messages ;
+------------------------------------+
Info: *******************************************************************
Info: Running Quartus II 64-Bit TimeQuest Timing Analyzer
    Info: Version 11.1 Build 259 01/25/2012 Service Pack 2 SJ Full Version
    Info: Processing started: Thu Oct 24 09:44:04 2013
Info: Command: quartus_sta part1 -c part1
Info: qsta_default_script.tcl version: #1
Info (20030): Parallel compilation is enabled and will use 4 of the 4 processors detected
Info (21077): Low junction temperature is 0 degrees C
Info (21077): High junction temperature is 85 degrees C
Info (332104): Reading SDC File: 'part1.out.sdc'
Info: Found TIMEQUEST_REPORT_SCRIPT_INCLUDE_DEFAULT_ANALYSIS = ON
Info: Analyzing Slow Model
Critical Warning (332148): Timing requirements not met
Info (332146): Worst-case setup slack is -1.444
    Info (332119):     Slack End Point TNS Clock 
    Info (332119): ========= ============= =====================
    Info (332119):    -1.444        -6.807 KEY[0] 
Info (332146): Worst-case hold slack is 0.499
    Info (332119):     Slack End Point TNS Clock 
    Info (332119): ========= ============= =====================
    Info (332119):     0.499         0.000 KEY[0] 
Info (332140): No Recovery paths to report
Info (332140): No Removal paths to report
Info (332146): Worst-case minimum pulse width slack is -1.777
    Info (332119):     Slack End Point TNS Clock 
    Info (332119): ========= ============= =====================
    Info (332119):    -1.777       -13.649 KEY[0] 
Info (332001): The selected device family is not supported by the report_metastability command.
Info: Analyzing Fast Model
Info (306004): Started post-fitting delay annotation
Warning (306006): Found 58 output pins without output pin load capacitance assignment
    Info (306007): Pin "LEDR[0]" has no specified output pin load capacitance -- assuming default load capacitance of 0 pF for timing analysis
    Info (306007): Pin "LEDR[1]" has no specified output pin load capacitance -- assuming default load capacitance of 0 pF for timing analysis
    Info (306007): Pin "HEX0[0]" has no specified output pin load capacitance -- assuming default load capacitance of 0 pF for timing analysis
    Info (306007): Pin "HEX0[1]" has no specified output pin load capacitance -- assuming default load capacitance of 0 pF for timing analysis
    Info (306007): Pin "HEX0[2]" has no specified output pin load capacitance -- assuming default load capacitance of 0 pF for timing analysis
    Info (306007): Pin "HEX0[3]" has no specified output pin load capacitance -- assuming default load capacitance of 0 pF for timing analysis
    Info (306007): Pin "HEX0[4]" has no specified output pin load capacitance -- assuming default load capacitance of 0 pF for timing analysis
    Info (306007): Pin "HEX0[5]" has no specified output pin load capacitance -- assuming default load capacitance of 0 pF for timing analysis
    Info (306007): Pin "HEX0[6]" has no specified output pin load capacitance -- assuming default load capacitance of 0 pF for timing analysis
    Info (306007): Pin "HEX1[0]" has no specified output pin load capacitance -- assuming default load capacitance of 0 pF for timing analysis
    Info (306007): Pin "HEX1[1]" has no specified output pin load capacitance -- assuming default load capacitance of 0 pF for timing analysis
    Info (306007): Pin "HEX1[2]" has no specified output pin load capacitance -- assuming default load capacitance of 0 pF for timing analysis
    Info (306007): Pin "HEX1[3]" has no specified output pin load capacitance -- assuming default load capacitance of 0 pF for timing analysis
    Info (306007): Pin "HEX1[4]" has no specified output pin load capacitance -- assuming default load capacitance of 0 pF for timing analysis
    Info (306007): Pin "HEX1[5]" has no specified output pin load capacitance -- assuming default load capacitance of 0 pF for timing analysis
    Info (306007): Pin "HEX1[6]" has no specified output pin load capacitance -- assuming default load capacitance of 0 pF for timing analysis
    Info (306007): Pin "HEX2[0]" has no specified output pin load capacitance -- assuming default load capacitance of 0 pF for timing analysis
    Info (306007): Pin "HEX2[1]" has no specified output pin load capacitance -- assuming default load capacitance of 0 pF for timing analysis
    Info (306007): Pin "HEX2[2]" has no specified output pin load capacitance -- assuming default load capacitance of 0 pF for timing analysis
    Info (306007): Pin "HEX2[3]" has no specified output pin load capacitance -- assuming default load capacitance of 0 pF for timing analysis
    Info (306007): Pin "HEX2[4]" has no specified output pin load capacitance -- assuming default load capacitance of 0 pF for timing analysis
    Info (306007): Pin "HEX2[5]" has no specified output pin load capacitance -- assuming default load capacitance of 0 pF for timing analysis
    Info (306007): Pin "HEX2[6]" has no specified output pin load capacitance -- assuming default load capacitance of 0 pF for timing analysis
    Info (306007): Pin "HEX3[0]" has no specified output pin load capacitance -- assuming default load capacitance of 0 pF for timing analysis
    Info (306007): Pin "HEX3[1]" has no specified output pin load capacitance -- assuming default load capacitance of 0 pF for timing analysis
    Info (306007): Pin "HEX3[2]" has no specified output pin load capacitance -- assuming default load capacitance of 0 pF for timing analysis
    Info (306007): Pin "HEX3[3]" has no specified output pin load capacitance -- assuming default load capacitance of 0 pF for timing analysis
    Info (306007): Pin "HEX3[4]" has no specified output pin load capacitance -- assuming default load capacitance of 0 pF for timing analysis
    Info (306007): Pin "HEX3[5]" has no specified output pin load capacitance -- assuming default load capacitance of 0 pF for timing analysis
    Info (306007): Pin "HEX3[6]" has no specified output pin load capacitance -- assuming default load capacitance of 0 pF for timing analysis
    Info (306007): Pin "HEX4[0]" has no specified output pin load capacitance -- assuming default load capacitance of 0 pF for timing analysis
    Info (306007): Pin "HEX4[1]" has no specified output pin load capacitance -- assuming default load capacitance of 0 pF for timing analysis
    Info (306007): Pin "HEX4[2]" has no specified output pin load capacitance -- assuming default load capacitance of 0 pF for timing analysis
    Info (306007): Pin "HEX4[3]" has no specified output pin load capacitance -- assuming default load capacitance of 0 pF for timing analysis
    Info (306007): Pin "HEX4[4]" has no specified output pin load capacitance -- assuming default load capacitance of 0 pF for timing analysis
    Info (306007): Pin "HEX4[5]" has no specified output pin load capacitance -- assuming default load capacitance of 0 pF for timing analysis
    Info (306007): Pin "HEX4[6]" has no specified output pin load capacitance -- assuming default load capacitance of 0 pF for timing analysis
    Info (306007): Pin "HEX5[0]" has no specified output pin load capacitance -- assuming default load capacitance of 0 pF for timing analysis
    Info (306007): Pin "HEX5[1]" has no specified output pin load capacitance -- assuming default load capacitance of 0 pF for timing analysis
    Info (306007): Pin "HEX5[2]" has no specified output pin load capacitance -- assuming default load capacitance of 0 pF for timing analysis
    Info (306007): Pin "HEX5[3]" has no specified output pin load capacitance -- assuming default load capacitance of 0 pF for timing analysis
    Info (306007): Pin "HEX5[4]" has no specified output pin load capacitance -- assuming default load capacitance of 0 pF for timing analysis
    Info (306007): Pin "HEX5[5]" has no specified output pin load capacitance -- assuming default load capacitance of 0 pF for timing analysis
    Info (306007): Pin "HEX5[6]" has no specified output pin load capacitance -- assuming default load capacitance of 0 pF for timing analysis
    Info (306007): Pin "HEX6[0]" has no specified output pin load capacitance -- assuming default load capacitance of 0 pF for timing analysis
    Info (306007): Pin "HEX6[1]" has no specified output pin load capacitance -- assuming default load capacitance of 0 pF for timing analysis
    Info (306007): Pin "HEX6[2]" has no specified output pin load capacitance -- assuming default load capacitance of 0 pF for timing analysis
    Info (306007): Pin "HEX6[3]" has no specified output pin load capacitance -- assuming default load capacitance of 0 pF for timing analysis
    Info (306007): Pin "HEX6[4]" has no specified output pin load capacitance -- assuming default load capacitance of 0 pF for timing analysis
    Info (306007): Pin "HEX6[5]" has no specified output pin load capacitance -- assuming default load capacitance of 0 pF for timing analysis
    Info (306007): Pin "HEX6[6]" has no specified output pin load capacitance -- assuming default load capacitance of 0 pF for timing analysis
    Info (306007): Pin "HEX7[0]" has no specified output pin load capacitance -- assuming default load capacitance of 0 pF for timing analysis
    Info (306007): Pin "HEX7[1]" has no specified output pin load capacitance -- assuming default load capacitance of 0 pF for timing analysis
    Info (306007): Pin "HEX7[2]" has no specified output pin load capacitance -- assuming default load capacitance of 0 pF for timing analysis
    Info (306007): Pin "HEX7[3]" has no specified output pin load capacitance -- assuming default load capacitance of 0 pF for timing analysis
    Info (306007): Pin "HEX7[4]" has no specified output pin load capacitance -- assuming default load capacitance of 0 pF for timing analysis
    Info (306007): Pin "HEX7[5]" has no specified output pin load capacitance -- assuming default load capacitance of 0 pF for timing analysis
    Info (306007): Pin "HEX7[6]" has no specified output pin load capacitance -- assuming default load capacitance of 0 pF for timing analysis
Info (306005): Delay annotation completed successfully
Info (332146): Worst-case setup slack is 0.232
    Info (332119):     Slack End Point TNS Clock 
    Info (332119): ========= ============= =====================
    Info (332119):     0.232         0.000 KEY[0] 
Info (332146): Worst-case hold slack is 0.215
    Info (332119):     Slack End Point TNS Clock 
    Info (332119): ========= ============= =====================
    Info (332119):     0.215         0.000 KEY[0] 
Info (332140): No Recovery paths to report
Info (332140): No Removal paths to report
Critical Warning (332148): Timing requirements not met
Info (332146): Worst-case minimum pulse width slack is -1.222
    Info (332119):     Slack End Point TNS Clock 
    Info (332119): ========= ============= =====================
    Info (332119):    -1.222        -9.222 KEY[0] 
Info (332001): The selected device family is not supported by the report_metastability command.
Info (332102): Design is not fully constrained for setup requirements
Info (332102): Design is not fully constrained for hold requirements
Info: Quartus II 64-Bit TimeQuest Timing Analyzer was successful. 0 errors, 3 warnings
    Info: Peak virtual memory: 414 megabytes
    Info: Processing ended: Thu Oct 24 09:44:08 2013
    Info: Elapsed time: 00:00:04
    Info: Total CPU time (on all processors): 00:00:02


