Flow report for Morse_Code
Thu Oct 31 09:38:46 2013
Quartus II 64-Bit Version 11.1 Build 259 01/25/2012 Service Pack 2 SJ Full Version


---------------------
; Table of Contents ;
---------------------
  1. Legal Notice
  2. Flow Summary
  3. Flow Settings
  4. Flow Non-Default Global Settings
  5. Flow Elapsed Time
  6. Flow OS Summary
  7. Flow Log



----------------
; Legal Notice ;
----------------
Copyright (C) 1991-2011 Altera Corporation
Your use of Altera Corporation's design tools, logic functions 
and other software and tools, and its AMPP partner logic 
functions, and any output files from any of the foregoing 
(including device programming or simulation files), and any 
associated documentation or information are expressly subject 
to the terms and conditions of the Altera Program License 
Subscription Agreement, Altera MegaCore Function License 
Agreement, or other applicable license agreement, including, 
without limitation, that your use is for the sole purpose of 
programming logic devices manufactured by Altera and sold by 
Altera or its authorized distributors.  Please refer to the 
applicable agreement for further details.



+-------------------------------------------------------------------------------------+
; Flow Summary                                                                        ;
+------------------------------------+------------------------------------------------+
; Flow Status                        ; Successful - Thu Oct 31 09:38:45 2013          ;
; Quartus II 64-Bit Version          ; 11.1 Build 259 01/25/2012 SP 2 SJ Full Version ;
; Revision Name                      ; Morse_Code                                     ;
; Top-level Entity Name              ; Morse_Code                                     ;
; Family                             ; Cyclone II                                     ;
; Device                             ; EP2C35F672C8                                   ;
; Timing Models                      ; Final                                          ;
; Total logic elements               ; 78 / 33,216 ( < 1 % )                          ;
;     Total combinational functions  ; 77 / 33,216 ( < 1 % )                          ;
;     Dedicated logic registers      ; 42 / 33,216 ( < 1 % )                          ;
; Total registers                    ; 42                                             ;
; Total pins                         ; 7 / 475 ( 1 % )                                ;
; Total virtual pins                 ; 0                                              ;
; Total memory bits                  ; 0 / 483,840 ( 0 % )                            ;
; Embedded Multiplier 9-bit elements ; 0 / 70 ( 0 % )                                 ;
; Total PLLs                         ; 0 / 4 ( 0 % )                                  ;
+------------------------------------+------------------------------------------------+


+-----------------------------------------+
; Flow Settings                           ;
+-------------------+---------------------+
; Option            ; Setting             ;
+-------------------+---------------------+
; Start date & time ; 10/31/2013 09:38:18 ;
; Main task         ; Compilation         ;
; Revision Name     ; Morse_Code          ;
+-------------------+---------------------+


+---------------------------------------------------------------------------------------------------------------+
; Flow Non-Default Global Settings                                                                              ;
+-------------------------------------+------------------------------+---------------+-------------+------------+
; Assignment Name                     ; Value                        ; Default Value ; Entity Name ; Section Id ;
+-------------------------------------+------------------------------+---------------+-------------+------------+
; COMPILER_SIGNATURE_ID               ; 156980625734.138322669802412 ; --            ; --          ; --         ;
; MAX_CORE_JUNCTION_TEMP              ; 85                           ; --            ; --          ; --         ;
; MIN_CORE_JUNCTION_TEMP              ; 0                            ; --            ; --          ; --         ;
; PARTITION_COLOR                     ; 16764057                     ; --            ; --          ; Top        ;
; PARTITION_FITTER_PRESERVATION_LEVEL ; PLACEMENT_AND_ROUTING        ; --            ; --          ; Top        ;
; PARTITION_NETLIST_TYPE              ; SOURCE                       ; --            ; --          ; Top        ;
+-------------------------------------+------------------------------+---------------+-------------+------------+


+-------------------------------------------------------------------------------------------------------------------------------+
; Flow Elapsed Time                                                                                                             ;
+---------------------------+--------------+-------------------------+---------------------+------------------------------------+
; Module Name               ; Elapsed Time ; Average Processors Used ; Peak Virtual Memory ; Total CPU Time (on all processors) ;
+---------------------------+--------------+-------------------------+---------------------+------------------------------------+
; Analysis & Synthesis      ; 00:00:06     ; 1.0                     ; 372 MB              ; 00:00:02                           ;
; Fitter                    ; 00:00:12     ; 1.7                     ; 552 MB              ; 00:00:08                           ;
; Assembler                 ; 00:00:04     ; 1.0                     ; 413 MB              ; 00:00:03                           ;
; TimeQuest Timing Analyzer ; 00:00:07     ; 1.0                     ; 415 MB              ; 00:00:02                           ;
; Total                     ; 00:00:29     ; --                      ; --                  ; 00:00:15                           ;
+---------------------------+--------------+-------------------------+---------------------+------------------------------------+


+----------------------------------------------------------------------------------------+
; Flow OS Summary                                                                        ;
+---------------------------+------------------+-----------+------------+----------------+
; Module Name               ; Machine Hostname ; OS Name   ; OS Version ; Processor type ;
+---------------------------+------------------+-----------+------------+----------------+
; Analysis & Synthesis      ; BA3145WS19       ; Windows 7 ; 6.1        ; x86_64         ;
; Fitter                    ; BA3145WS19       ; Windows 7 ; 6.1        ; x86_64         ;
; Assembler                 ; BA3145WS19       ; Windows 7 ; 6.1        ; x86_64         ;
; TimeQuest Timing Analyzer ; BA3145WS19       ; Windows 7 ; 6.1        ; x86_64         ;
+---------------------------+------------------+-----------+------------+----------------+


------------
; Flow Log ;
------------
quartus_map --read_settings_files=on --write_settings_files=off Morse_Code -c Morse_Code
quartus_fit --read_settings_files=off --write_settings_files=off Morse_Code -c Morse_Code
quartus_asm --read_settings_files=off --write_settings_files=off Morse_Code -c Morse_Code
quartus_sta Morse_Code -c Morse_Code



