Analysis & Synthesis report for Morse_Code
Thu Oct 31 09:38:24 2013
Quartus II 64-Bit Version 11.1 Build 259 01/25/2012 Service Pack 2 SJ Full Version


---------------------
; Table of Contents ;
---------------------
  1. Legal Notice
  2. Analysis & Synthesis Summary
  3. Analysis & Synthesis Settings
  4. Parallel Compilation
  5. Analysis & Synthesis Source Files Read
  6. Analysis & Synthesis Resource Usage Summary
  7. Analysis & Synthesis Resource Utilization by Entity
  8. State Machine - |Morse_Code|FSM:comb_3|currentState
  9. Registers Removed During Synthesis
 10. General Register Statistics
 11. Multiplexer Restructuring Statistics (Restructuring Performed)
 12. Parameter Settings for User Entity Instance: FSM:comb_3
 13. Elapsed Time Per Partition
 14. Analysis & Synthesis Messages
 15. Analysis & Synthesis Suppressed Messages



----------------
; Legal Notice ;
----------------
Copyright (C) 1991-2011 Altera Corporation
Your use of Altera Corporation's design tools, logic functions 
and other software and tools, and its AMPP partner logic 
functions, and any output files from any of the foregoing 
(including device programming or simulation files), and any 
associated documentation or information are expressly subject 
to the terms and conditions of the Altera Program License 
Subscription Agreement, Altera MegaCore Function License 
Agreement, or other applicable license agreement, including, 
without limitation, that your use is for the sole purpose of 
programming logic devices manufactured by Altera and sold by 
Altera or its authorized distributors.  Please refer to the 
applicable agreement for further details.



+-------------------------------------------------------------------------------------+
; Analysis & Synthesis Summary                                                        ;
+------------------------------------+------------------------------------------------+
; Analysis & Synthesis Status        ; Successful - Thu Oct 31 09:38:23 2013          ;
; Quartus II 64-Bit Version          ; 11.1 Build 259 01/25/2012 SP 2 SJ Full Version ;
; Revision Name                      ; Morse_Code                                     ;
; Top-level Entity Name              ; Morse_Code                                     ;
; Family                             ; Cyclone II                                     ;
; Total logic elements               ; 78                                             ;
;     Total combinational functions  ; 77                                             ;
;     Dedicated logic registers      ; 42                                             ;
; Total registers                    ; 42                                             ;
; Total pins                         ; 7                                              ;
; Total virtual pins                 ; 0                                              ;
; Total memory bits                  ; 0                                              ;
; Embedded Multiplier 9-bit elements ; 0                                              ;
; Total PLLs                         ; 0                                              ;
+------------------------------------+------------------------------------------------+


+----------------------------------------------------------------------------------------------------------------------+
; Analysis & Synthesis Settings                                                                                        ;
+----------------------------------------------------------------------------+--------------------+--------------------+
; Option                                                                     ; Setting            ; Default Value      ;
+----------------------------------------------------------------------------+--------------------+--------------------+
; Device                                                                     ; EP2C35F672C8       ;                    ;
; Top-level entity name                                                      ; Morse_Code         ; Morse_Code         ;
; Family name                                                                ; Cyclone II         ; Cyclone IV GX      ;
; Use smart compilation                                                      ; Off                ; Off                ;
; Enable parallel Assembler and TimeQuest Timing Analyzer during compilation ; On                 ; On                 ;
; Enable compact report table                                                ; Off                ; Off                ;
; Restructure Multiplexers                                                   ; Auto               ; Auto               ;
; Create Debugging Nodes for IP Cores                                        ; Off                ; Off                ;
; Preserve fewer node names                                                  ; On                 ; On                 ;
; Disable OpenCore Plus hardware evaluation                                  ; Off                ; Off                ;
; Verilog Version                                                            ; Verilog_2001       ; Verilog_2001       ;
; VHDL Version                                                               ; VHDL_1993          ; VHDL_1993          ;
; State Machine Processing                                                   ; Auto               ; Auto               ;
; Safe State Machine                                                         ; Off                ; Off                ;
; Extract Verilog State Machines                                             ; On                 ; On                 ;
; Extract VHDL State Machines                                                ; On                 ; On                 ;
; Ignore Verilog initial constructs                                          ; Off                ; Off                ;
; Iteration limit for constant Verilog loops                                 ; 5000               ; 5000               ;
; Iteration limit for non-constant Verilog loops                             ; 250                ; 250                ;
; Add Pass-Through Logic to Inferred RAMs                                    ; On                 ; On                 ;
; Infer RAMs from Raw Logic                                                  ; On                 ; On                 ;
; Parallel Synthesis                                                         ; On                 ; On                 ;
; DSP Block Balancing                                                        ; Auto               ; Auto               ;
; NOT Gate Push-Back                                                         ; On                 ; On                 ;
; Power-Up Don't Care                                                        ; On                 ; On                 ;
; Remove Redundant Logic Cells                                               ; Off                ; Off                ;
; Remove Duplicate Registers                                                 ; On                 ; On                 ;
; Ignore CARRY Buffers                                                       ; Off                ; Off                ;
; Ignore CASCADE Buffers                                                     ; Off                ; Off                ;
; Ignore GLOBAL Buffers                                                      ; Off                ; Off                ;
; Ignore ROW GLOBAL Buffers                                                  ; Off                ; Off                ;
; Ignore LCELL Buffers                                                       ; Off                ; Off                ;
; Ignore SOFT Buffers                                                        ; On                 ; On                 ;
; Limit AHDL Integers to 32 Bits                                             ; Off                ; Off                ;
; Optimization Technique                                                     ; Balanced           ; Balanced           ;
; Carry Chain Length                                                         ; 70                 ; 70                 ;
; Auto Carry Chains                                                          ; On                 ; On                 ;
; Auto Open-Drain Pins                                                       ; On                 ; On                 ;
; Perform WYSIWYG Primitive Resynthesis                                      ; Off                ; Off                ;
; Auto ROM Replacement                                                       ; On                 ; On                 ;
; Auto RAM Replacement                                                       ; On                 ; On                 ;
; Auto Shift Register Replacement                                            ; Auto               ; Auto               ;
; Allow Shift Register Merging across Hierarchies                            ; Auto               ; Auto               ;
; Auto Clock Enable Replacement                                              ; On                 ; On                 ;
; Strict RAM Replacement                                                     ; Off                ; Off                ;
; Allow Synchronous Control Signals                                          ; On                 ; On                 ;
; Force Use of Synchronous Clear Signals                                     ; Off                ; Off                ;
; Auto RAM to Logic Cell Conversion                                          ; Off                ; Off                ;
; Auto Resource Sharing                                                      ; Off                ; Off                ;
; Allow Any RAM Size For Recognition                                         ; Off                ; Off                ;
; Allow Any ROM Size For Recognition                                         ; Off                ; Off                ;
; Allow Any Shift Register Size For Recognition                              ; Off                ; Off                ;
; Use LogicLock Constraints during Resource Balancing                        ; On                 ; On                 ;
; Ignore translate_off and synthesis_off directives                          ; Off                ; Off                ;
; Timing-Driven Synthesis                                                    ; Off                ; Off                ;
; Report Parameter Settings                                                  ; On                 ; On                 ;
; Report Source Assignments                                                  ; On                 ; On                 ;
; Report Connectivity Checks                                                 ; On                 ; On                 ;
; Ignore Maximum Fan-Out Assignments                                         ; Off                ; Off                ;
; Synchronization Register Chain Length                                      ; 2                  ; 2                  ;
; PowerPlay Power Optimization                                               ; Normal compilation ; Normal compilation ;
; HDL message level                                                          ; Level2             ; Level2             ;
; Suppress Register Optimization Related Messages                            ; Off                ; Off                ;
; Number of Removed Registers Reported in Synthesis Report                   ; 5000               ; 5000               ;
; Number of Inverted Registers Reported in Synthesis Report                  ; 100                ; 100                ;
; Clock MUX Protection                                                       ; On                 ; On                 ;
; Auto Gated Clock Conversion                                                ; Off                ; Off                ;
; Block Design Naming                                                        ; Auto               ; Auto               ;
; SDC constraint protection                                                  ; Off                ; Off                ;
; Synthesis Effort                                                           ; Auto               ; Auto               ;
; Shift Register Replacement - Allow Asynchronous Clear Signal               ; On                 ; On                 ;
; Analysis & Synthesis Message Level                                         ; Medium             ; Medium             ;
; Disable Register Merging Across Hierarchies                                ; Auto               ; Auto               ;
; Resource Aware Inference For Block RAM                                     ; On                 ; On                 ;
; Synthesis Seed                                                             ; 1                  ; 1                  ;
+----------------------------------------------------------------------------+--------------------+--------------------+


+------------------------------------------+
; Parallel Compilation                     ;
+----------------------------+-------------+
; Processors                 ; Number      ;
+----------------------------+-------------+
; Number detected on machine ; 4           ;
; Maximum allowed            ; 4           ;
;                            ;             ;
; Average used               ; 1.00        ;
; Maximum used               ; 1           ;
;                            ;             ;
; Usage by Processor         ; % Time Used ;
;     1 processor            ; 100.0%      ;
;     2-4 processors         ;   0.0%      ;
+----------------------------+-------------+


+--------------------------------------------------------------------------------------------------------------------+
; Analysis & Synthesis Source Files Read                                                                             ;
+----------------------------------+-----------------+------------------------+--------------------------------------+
; File Name with User-Entered Path ; Used in Netlist ; File Type              ; File Name with Absolute Path         ;
+----------------------------------+-----------------+------------------------+--------------------------------------+
; Morse_Code.v                     ; yes             ; User Verilog HDL File  ; D:/Labs/lab6/Morse Code/Morse_Code.v ;
+----------------------------------+-----------------+------------------------+--------------------------------------+


+--------------------------------------------------------+
; Analysis & Synthesis Resource Usage Summary            ;
+---------------------------------------------+----------+
; Resource                                    ; Usage    ;
+---------------------------------------------+----------+
; Estimated Total logic elements              ; 78       ;
;                                             ;          ;
; Total combinational functions               ; 77       ;
; Logic element usage by number of LUT inputs ;          ;
;     -- 4 input functions                    ; 19       ;
;     -- 3 input functions                    ; 11       ;
;     -- <=2 input functions                  ; 47       ;
;                                             ;          ;
; Logic elements by mode                      ;          ;
;     -- normal mode                          ; 52       ;
;     -- arithmetic mode                      ; 25       ;
;                                             ;          ;
; Total registers                             ; 42       ;
;     -- Dedicated logic registers            ; 42       ;
;     -- I/O registers                        ; 0        ;
;                                             ;          ;
; I/O pins                                    ; 7        ;
; Maximum fan-out node                        ; CLOCK_50 ;
; Maximum fan-out                             ; 42       ;
; Total fan-out                               ; 337      ;
; Average fan-out                             ; 2.67     ;
+---------------------------------------------+----------+


+-----------------------------------------------------------------------------------------------------------------------------------------------------------------------------------------------------+
; Analysis & Synthesis Resource Utilization by Entity                                                                                                                                                 ;
+---------------------------------+-------------------+--------------+-------------+--------------+---------+-----------+------+--------------+----------------------------------------+--------------+
; Compilation Hierarchy Node      ; LC Combinationals ; LC Registers ; Memory Bits ; DSP Elements ; DSP 9x9 ; DSP 18x18 ; Pins ; Virtual Pins ; Full Hierarchy Name                    ; Library Name ;
+---------------------------------+-------------------+--------------+-------------+--------------+---------+-----------+------+--------------+----------------------------------------+--------------+
; |Morse_Code                     ; 77 (0)            ; 42 (0)       ; 0           ; 0            ; 0       ; 0         ; 7    ; 0            ; |Morse_Code                            ;              ;
;    |FSM:comb_3|                 ; 16 (16)           ; 9 (9)        ; 0           ; 0            ; 0       ; 0         ; 0    ; 0            ; |Morse_Code|FSM:comb_3                 ;              ;
;    |one_half_sec_timer:comb_4|  ; 47 (47)           ; 27 (27)      ; 0           ; 0            ; 0       ; 0         ; 0    ; 0            ; |Morse_Code|one_half_sec_timer:comb_4  ;              ;
;    |symbol_decoder:comb_5|      ; 1 (1)             ; 0 (0)        ; 0           ; 0            ; 0       ; 0         ; 0    ; 0            ; |Morse_Code|symbol_decoder:comb_5      ;              ;
;    |symbol_down_counter:comb_7| ; 6 (6)             ; 3 (3)        ; 0           ; 0            ; 0       ; 0         ; 0    ; 0            ; |Morse_Code|symbol_down_counter:comb_7 ;              ;
;    |symbol_shift_reg:comb_6|    ; 7 (7)             ; 3 (3)        ; 0           ; 0            ; 0       ; 0         ; 0    ; 0            ; |Morse_Code|symbol_shift_reg:comb_6    ;              ;
+---------------------------------+-------------------+--------------+-------------+--------------+---------+-----------+------+--------------+----------------------------------------+--------------+
Note: For table entries with two numbers listed, the numbers in parentheses indicate the number of resources of the given type used by the specific entity alone. The numbers listed outside of parentheses indicate the total resources of the given type used by the specific entity and all of its sub-entities in the hierarchy.


Encoding Type:  One-Hot
+-----------------------------------------------------------------------------------------------------------------------------------------------------------------------+
; State Machine - |Morse_Code|FSM:comb_3|currentState                                                                                                                   ;
+----------------------+---------------------+--------------------+-------------------+------------------+----------------------+-------------------+-------------------+
; Name                 ; currentState.RELOAD ; currentState.PAUSE ; currentState.DASH ; currentState.DOT ; currentState.COMPUTE ; currentState.LOAD ; currentState.IDLE ;
+----------------------+---------------------+--------------------+-------------------+------------------+----------------------+-------------------+-------------------+
; currentState.IDLE    ; 0                   ; 0                  ; 0                 ; 0                ; 0                    ; 0                 ; 0                 ;
; currentState.LOAD    ; 0                   ; 0                  ; 0                 ; 0                ; 0                    ; 1                 ; 1                 ;
; currentState.COMPUTE ; 0                   ; 0                  ; 0                 ; 0                ; 1                    ; 0                 ; 1                 ;
; currentState.DOT     ; 0                   ; 0                  ; 0                 ; 1                ; 0                    ; 0                 ; 1                 ;
; currentState.DASH    ; 0                   ; 0                  ; 1                 ; 0                ; 0                    ; 0                 ; 1                 ;
; currentState.PAUSE   ; 0                   ; 1                  ; 0                 ; 0                ; 0                    ; 0                 ; 1                 ;
; currentState.RELOAD  ; 1                   ; 0                  ; 0                 ; 0                ; 0                    ; 0                 ; 1                 ;
+----------------------+---------------------+--------------------+-------------------+------------------+----------------------+-------------------+-------------------+


+--------------------------------------------------------------------------------+
; Registers Removed During Synthesis                                             ;
+---------------------------------------+----------------------------------------+
; Register name                         ; Reason for Removal                     ;
+---------------------------------------+----------------------------------------+
; symbol_shift_reg:comb_6|current[2]    ; Stuck at GND due to stuck port data_in ;
; FSM:comb_3|currentState~4             ; Lost fanout                            ;
; FSM:comb_3|currentState~5             ; Lost fanout                            ;
; FSM:comb_3|currentState~6             ; Lost fanout                            ;
; Total Number of Removed Registers = 4 ;                                        ;
+---------------------------------------+----------------------------------------+


+------------------------------------------------------+
; General Register Statistics                          ;
+----------------------------------------------+-------+
; Statistic                                    ; Value ;
+----------------------------------------------+-------+
; Total registers                              ; 42    ;
; Number of registers using Synchronous Clear  ; 0     ;
; Number of registers using Synchronous Load   ; 4     ;
; Number of registers using Asynchronous Clear ; 34    ;
; Number of registers using Asynchronous Load  ; 0     ;
; Number of registers using Clock Enable       ; 10    ;
; Number of registers using Preset             ; 0     ;
+----------------------------------------------+-------+


+----------------------------------------------------------------------------------------------------------------------------------------------------------------------------+
; Multiplexer Restructuring Statistics (Restructuring Performed)                                                                                                             ;
+--------------------+-----------+---------------+----------------------+------------------------+----------------------------------------------+----------------------------+
; Multiplexer Inputs ; Bus Width ; Baseline Area ; Area if Restructured ; Saving if Restructured ; Registered                                   ; Example Multiplexer Output ;
+--------------------+-----------+---------------+----------------------+------------------------+----------------------------------------------+----------------------------+
; 10:1               ; 2 bits    ; 12 LEs        ; 10 LEs               ; 2 LEs                  ; |Morse_Code|symbol_shift_reg:comb_6|shiftOut ;                            ;
; 5:1                ; 4 bits    ; 12 LEs        ; 4 LEs                ; 8 LEs                  ; |Morse_Code|FSM:comb_3|currentState          ;                            ;
; 9:1                ; 2 bits    ; 12 LEs        ; 10 LEs               ; 2 LEs                  ; |Morse_Code|symbol_shift_reg:comb_6|current  ;                            ;
; 5:1                ; 2 bits    ; 6 LEs         ; 4 LEs                ; 2 LEs                  ; |Morse_Code|FSM:comb_3|currentState          ;                            ;
+--------------------+-----------+---------------+----------------------+------------------------+----------------------------------------------+----------------------------+


+---------------------------------------------------------+
; Parameter Settings for User Entity Instance: FSM:comb_3 ;
+----------------+-------+--------------------------------+
; Parameter Name ; Value ; Type                           ;
+----------------+-------+--------------------------------+
; IDLE           ; 001   ; Unsigned Binary                ;
; LOAD           ; 010   ; Unsigned Binary                ;
; COMPUTE        ; 011   ; Unsigned Binary                ;
; DOT            ; 100   ; Unsigned Binary                ;
; DASH           ; 101   ; Unsigned Binary                ;
; PAUSE          ; 110   ; Unsigned Binary                ;
; RELOAD         ; 111   ; Unsigned Binary                ;
+----------------+-------+--------------------------------+
Note: In order to hide this table in the UI and the text report file, please set the "Show Parameter Settings in Synthesis Report" option in "Analysis and Synthesis Settings -> More Settings" to "Off".


+-------------------------------+
; Elapsed Time Per Partition    ;
+----------------+--------------+
; Partition Name ; Elapsed Time ;
+----------------+--------------+
; Top            ; 00:00:02     ;
+----------------+--------------+


+-------------------------------+
; Analysis & Synthesis Messages ;
+-------------------------------+
Info: *******************************************************************
Info: Running Quartus II 64-Bit Analysis & Synthesis
    Info: Version 11.1 Build 259 01/25/2012 Service Pack 2 SJ Full Version
    Info: Processing started: Thu Oct 31 09:38:17 2013
Info: Command: quartus_map --read_settings_files=on --write_settings_files=off Morse_Code -c Morse_Code
Info (20030): Parallel compilation is enabled and will use 4 of the 4 processors detected
Info (12021): Found 6 design units, including 6 entities, in source file morse_code.v
    Info (12023): Found entity 1: Morse_Code
    Info (12023): Found entity 2: one_half_sec_timer
    Info (12023): Found entity 3: symbol_decoder
    Info (12023): Found entity 4: symbol_shift_reg
    Info (12023): Found entity 5: symbol_down_counter
    Info (12023): Found entity 6: FSM
Critical Warning (10846): Verilog HDL Instantiation warning at Morse_Code.v(10): instance has no name
Critical Warning (10846): Verilog HDL Instantiation warning at Morse_Code.v(11): instance has no name
Critical Warning (10846): Verilog HDL Instantiation warning at Morse_Code.v(12): instance has no name
Critical Warning (10846): Verilog HDL Instantiation warning at Morse_Code.v(13): instance has no name
Critical Warning (10846): Verilog HDL Instantiation warning at Morse_Code.v(14): instance has no name
Info (12127): Elaborating entity "Morse_Code" for the top level hierarchy
Info (12128): Elaborating entity "FSM" for hierarchy "FSM:comb_3"
Warning (10235): Verilog HDL Always Construct warning at Morse_Code.v(146): variable "isCountZero" is read inside the Always Construct but isn't in the Always Construct's Event Control
Warning (10235): Verilog HDL Always Construct warning at Morse_Code.v(148): variable "shiftOut" is read inside the Always Construct but isn't in the Always Construct's Event Control
Warning (10230): Verilog HDL assignment warning at Morse_Code.v(185): truncated value with size 32 to match size of target (2)
Info (12128): Elaborating entity "one_half_sec_timer" for hierarchy "one_half_sec_timer:comb_4"
Warning (10230): Verilog HDL assignment warning at Morse_Code.v(40): truncated value with size 32 to match size of target (26)
Info (12128): Elaborating entity "symbol_decoder" for hierarchy "symbol_decoder:comb_5"
Info (12128): Elaborating entity "symbol_shift_reg" for hierarchy "symbol_shift_reg:comb_6"
Info (12128): Elaborating entity "symbol_down_counter" for hierarchy "symbol_down_counter:comb_7"
Warning (10230): Verilog HDL assignment warning at Morse_Code.v(111): truncated value with size 32 to match size of target (2)
Info (17049): 3 registers lost all their fanouts during netlist optimizations. The first 3 are displayed below.
    Info (17050): Register "FSM:comb_3|currentState~4" lost all its fanouts during netlist optimizations.
    Info (17050): Register "FSM:comb_3|currentState~5" lost all its fanouts during netlist optimizations.
    Info (17050): Register "FSM:comb_3|currentState~6" lost all its fanouts during netlist optimizations.
Info (144001): Generated suppressed messages file D:/Labs/lab6/Morse Code/Morse_Code.map.smsg
Info (16010): Generating hard_block partition "hard_block:auto_generated_inst"
Info (21057): Implemented 89 device resources after synthesis - the final resource count might be different
    Info (21058): Implemented 6 input pins
    Info (21059): Implemented 1 output pins
    Info (21061): Implemented 82 logic cells
Info: Quartus II 64-Bit Analysis & Synthesis was successful. 0 errors, 10 warnings
    Info: Peak virtual memory: 372 megabytes
    Info: Processing ended: Thu Oct 31 09:38:24 2013
    Info: Elapsed time: 00:00:07
    Info: Total CPU time (on all processors): 00:00:02


+------------------------------------------+
; Analysis & Synthesis Suppressed Messages ;
+------------------------------------------+
The suppressed messages can be found in D:/Labs/lab6/Morse Code/Morse_Code.map.smsg.


