Flow report for lab1
Sun Sep 22 01:57:34 2013
Quartus II 32-bit Version 11.1 Build 259 01/25/2012 Service Pack 2 SJ Web Edition


---------------------
; Table of Contents ;
---------------------
  1. Legal Notice
  2. Flow Summary
  3. Flow Settings
  4. Flow Non-Default Global Settings
  5. Flow Elapsed Time
  6. Flow OS Summary
  7. Flow Log



----------------
; Legal Notice ;
----------------
Copyright (C) 1991-2011 Altera Corporation
Your use of Altera Corporation's design tools, logic functions 
and other software and tools, and its AMPP partner logic 
functions, and any output files from any of the foregoing 
(including device programming or simulation files), and any 
associated documentation or information are expressly subject 
to the terms and conditions of the Altera Program License 
Subscription Agreement, Altera MegaCore Function License 
Agreement, or other applicable license agreement, including, 
without limitation, that your use is for the sole purpose of 
programming logic devices manufactured by Altera and sold by 
Altera or its authorized distributors.  Please refer to the 
applicable agreement for further details.



+------------------------------------------------------------------------------------+
; Flow Summary                                                                       ;
+------------------------------------+-----------------------------------------------+
; Flow Status                        ; Successful - Sun Sep 22 01:57:34 2013         ;
; Quartus II 32-bit Version          ; 11.1 Build 259 01/25/2012 SP 2 SJ Web Edition ;
; Revision Name                      ; lab1                                          ;
; Top-level Entity Name              ; lab1                                          ;
; Family                             ; Cyclone II                                    ;
; Device                             ; EP2C35F672C8                                  ;
; Timing Models                      ; Final                                         ;
; Total logic elements               ; 3 / 33,216 ( < 1 % )                          ;
;     Total combinational functions  ; 3 / 33,216 ( < 1 % )                          ;
;     Dedicated logic registers      ; 0 / 33,216 ( 0 % )                            ;
; Total registers                    ; 0                                             ;
; Total pins                         ; 6 / 475 ( 1 % )                               ;
; Total virtual pins                 ; 0                                             ;
; Total memory bits                  ; 0 / 483,840 ( 0 % )                           ;
; Embedded Multiplier 9-bit elements ; 0 / 70 ( 0 % )                                ;
; Total PLLs                         ; 0 / 4 ( 0 % )                                 ;
+------------------------------------+-----------------------------------------------+


+-----------------------------------------+
; Flow Settings                           ;
+-------------------+---------------------+
; Option            ; Setting             ;
+-------------------+---------------------+
; Start date & time ; 09/22/2013 01:57:24 ;
; Main task         ; Compilation         ;
; Revision Name     ; lab1                ;
+-------------------+---------------------+


+------------------------------------------------------------------------------------------------------------------+
; Flow Non-Default Global Settings                                                                                 ;
+-------------------------------------+---------------------------------+---------------+-------------+------------+
; Assignment Name                     ; Value                           ; Default Value ; Entity Name ; Section Id ;
+-------------------------------------+---------------------------------+---------------+-------------+------------+
; COMPILER_SIGNATURE_ID               ; 114749772077288.137982944408064 ; --            ; --          ; --         ;
; MAX_CORE_JUNCTION_TEMP              ; 85                              ; --            ; --          ; --         ;
; MIN_CORE_JUNCTION_TEMP              ; 0                               ; --            ; --          ; --         ;
; PARTITION_COLOR                     ; 16764057                        ; --            ; --          ; Top        ;
; PARTITION_FITTER_PRESERVATION_LEVEL ; PLACEMENT_AND_ROUTING           ; --            ; --          ; Top        ;
; PARTITION_NETLIST_TYPE              ; SOURCE                          ; --            ; --          ; Top        ;
+-------------------------------------+---------------------------------+---------------+-------------+------------+


+-------------------------------------------------------------------------------------------------------------------------------+
; Flow Elapsed Time                                                                                                             ;
+---------------------------+--------------+-------------------------+---------------------+------------------------------------+
; Module Name               ; Elapsed Time ; Average Processors Used ; Peak Virtual Memory ; Total CPU Time (on all processors) ;
+---------------------------+--------------+-------------------------+---------------------+------------------------------------+
; Analysis & Synthesis      ; 00:00:02     ; 1.0                     ; 292 MB              ; 00:00:01                           ;
; Fitter                    ; 00:00:04     ; 1.0                     ; 398 MB              ; 00:00:05                           ;
; TimeQuest Timing Analyzer ; 00:00:02     ; 1.0                     ; 297 MB              ; 00:00:02                           ;
; Assembler                 ; 00:00:03     ; 1.0                     ; 340 MB              ; 00:00:03                           ;
; Total                     ; 00:00:11     ; --                      ; --                  ; 00:00:11                           ;
+---------------------------+--------------+-------------------------+---------------------+------------------------------------+


+----------------------------------------------------------------------------------------+
; Flow OS Summary                                                                        ;
+---------------------------+------------------+-----------+------------+----------------+
; Module Name               ; Machine Hostname ; OS Name   ; OS Version ; Processor type ;
+---------------------------+------------------+-----------+------------+----------------+
; Analysis & Synthesis      ; Pranav-Laptop    ; Windows 7 ; 6.1        ; x86_64         ;
; Fitter                    ; Pranav-Laptop    ; Windows 7 ; 6.1        ; x86_64         ;
; TimeQuest Timing Analyzer ; Pranav-Laptop    ; Windows 7 ; 6.1        ; x86_64         ;
; Assembler                 ; Pranav-Laptop    ; Windows 7 ; 6.1        ; x86_64         ;
+---------------------------+------------------+-----------+------------+----------------+


------------
; Flow Log ;
------------
quartus_map --read_settings_files=on --write_settings_files=off lab1 -c lab1
quartus_fit --read_settings_files=off --write_settings_files=off lab1 -c lab1
quartus_sta lab1 -c lab1
quartus_asm --read_settings_files=off --write_settings_files=off lab1 -c lab1



