Analysis & Synthesis report for hexexample
Thu Nov 21 19:08:44 2013
Quartus II 64-Bit Version 11.1 Build 259 01/25/2012 Service Pack 2 SJ Full Version


---------------------
; Table of Contents ;
---------------------
  1. Legal Notice
  2. Analysis & Synthesis Summary
  3. Analysis & Synthesis Settings
  4. Parallel Compilation
  5. Analysis & Synthesis Source Files Read
  6. Analysis & Synthesis Resource Usage Summary
  7. Analysis & Synthesis Resource Utilization by Entity
  8. State Machine - |hexexample|PS2_Controller:PS2|s_ps2_transceiver
  9. State Machine - |hexexample|PS2_Controller:PS2|Altera_UP_PS2_Command_Out:PS2_Command_Out|s_ps2_transmitter
 10. State Machine - |hexexample|PS2_Controller:PS2|Altera_UP_PS2_Data_In:PS2_Data_In|s_ps2_receiver
 11. Registers Removed During Synthesis
 12. Removed Registers Triggering Further Register Optimizations
 13. General Register Statistics
 14. Multiplexer Restructuring Statistics (Restructuring Performed)
 15. Parameter Settings for User Entity Instance: Top-level Entity: |hexexample
 16. Parameter Settings for User Entity Instance: PS2_Controller:PS2
 17. Parameter Settings for User Entity Instance: PS2_Controller:PS2|Altera_UP_PS2_Command_Out:PS2_Command_Out
 18. Port Connectivity Checks: "PS2_Controller:PS2"
 19. Elapsed Time Per Partition
 20. Analysis & Synthesis Messages
 21. Analysis & Synthesis Suppressed Messages



----------------
; Legal Notice ;
----------------
Copyright (C) 1991-2011 Altera Corporation
Your use of Altera Corporation's design tools, logic functions 
and other software and tools, and its AMPP partner logic 
functions, and any output files from any of the foregoing 
(including device programming or simulation files), and any 
associated documentation or information are expressly subject 
to the terms and conditions of the Altera Program License 
Subscription Agreement, Altera MegaCore Function License 
Agreement, or other applicable license agreement, including, 
without limitation, that your use is for the sole purpose of 
programming logic devices manufactured by Altera and sold by 
Altera or its authorized distributors.  Please refer to the 
applicable agreement for further details.



+-------------------------------------------------------------------------------------+
; Analysis & Synthesis Summary                                                        ;
+------------------------------------+------------------------------------------------+
; Analysis & Synthesis Status        ; Successful - Thu Nov 21 19:08:44 2013          ;
; Quartus II 64-Bit Version          ; 11.1 Build 259 01/25/2012 SP 2 SJ Full Version ;
; Revision Name                      ; hexexample                                     ;
; Top-level Entity Name              ; hexexample                                     ;
; Family                             ; Cyclone II                                     ;
; Total logic elements               ; 293                                            ;
;     Total combinational functions  ; 286                                            ;
;     Dedicated logic registers      ; 111                                            ;
; Total registers                    ; 111                                            ;
; Total pins                         ; 78                                             ;
; Total virtual pins                 ; 0                                              ;
; Total memory bits                  ; 0                                              ;
; Embedded Multiplier 9-bit elements ; 0                                              ;
; Total PLLs                         ; 0                                              ;
+------------------------------------+------------------------------------------------+


+----------------------------------------------------------------------------------------------------------------------+
; Analysis & Synthesis Settings                                                                                        ;
+----------------------------------------------------------------------------+--------------------+--------------------+
; Option                                                                     ; Setting            ; Default Value      ;
+----------------------------------------------------------------------------+--------------------+--------------------+
; Device                                                                     ; EP2C35F672C6       ;                    ;
; Top-level entity name                                                      ; hexexample         ; hexexample         ;
; Family name                                                                ; Cyclone II         ; Cyclone IV GX      ;
; Use smart compilation                                                      ; Off                ; Off                ;
; Enable parallel Assembler and TimeQuest Timing Analyzer during compilation ; On                 ; On                 ;
; Enable compact report table                                                ; Off                ; Off                ;
; Restructure Multiplexers                                                   ; Auto               ; Auto               ;
; Create Debugging Nodes for IP Cores                                        ; Off                ; Off                ;
; Preserve fewer node names                                                  ; On                 ; On                 ;
; Disable OpenCore Plus hardware evaluation                                  ; Off                ; Off                ;
; Verilog Version                                                            ; Verilog_2001       ; Verilog_2001       ;
; VHDL Version                                                               ; VHDL_1993          ; VHDL_1993          ;
; State Machine Processing                                                   ; Auto               ; Auto               ;
; Safe State Machine                                                         ; Off                ; Off                ;
; Extract Verilog State Machines                                             ; On                 ; On                 ;
; Extract VHDL State Machines                                                ; On                 ; On                 ;
; Ignore Verilog initial constructs                                          ; Off                ; Off                ;
; Iteration limit for constant Verilog loops                                 ; 5000               ; 5000               ;
; Iteration limit for non-constant Verilog loops                             ; 250                ; 250                ;
; Add Pass-Through Logic to Inferred RAMs                                    ; On                 ; On                 ;
; Infer RAMs from Raw Logic                                                  ; On                 ; On                 ;
; Parallel Synthesis                                                         ; On                 ; On                 ;
; DSP Block Balancing                                                        ; Auto               ; Auto               ;
; NOT Gate Push-Back                                                         ; On                 ; On                 ;
; Power-Up Don't Care                                                        ; On                 ; On                 ;
; Remove Redundant Logic Cells                                               ; Off                ; Off                ;
; Remove Duplicate Registers                                                 ; On                 ; On                 ;
; Ignore CARRY Buffers                                                       ; Off                ; Off                ;
; Ignore CASCADE Buffers                                                     ; Off                ; Off                ;
; Ignore GLOBAL Buffers                                                      ; Off                ; Off                ;
; Ignore ROW GLOBAL Buffers                                                  ; Off                ; Off                ;
; Ignore LCELL Buffers                                                       ; Off                ; Off                ;
; Ignore SOFT Buffers                                                        ; On                 ; On                 ;
; Limit AHDL Integers to 32 Bits                                             ; Off                ; Off                ;
; Optimization Technique                                                     ; Balanced           ; Balanced           ;
; Carry Chain Length                                                         ; 70                 ; 70                 ;
; Auto Carry Chains                                                          ; On                 ; On                 ;
; Auto Open-Drain Pins                                                       ; On                 ; On                 ;
; Perform WYSIWYG Primitive Resynthesis                                      ; Off                ; Off                ;
; Auto ROM Replacement                                                       ; On                 ; On                 ;
; Auto RAM Replacement                                                       ; On                 ; On                 ;
; Auto Shift Register Replacement                                            ; Auto               ; Auto               ;
; Allow Shift Register Merging across Hierarchies                            ; Auto               ; Auto               ;
; Auto Clock Enable Replacement                                              ; On                 ; On                 ;
; Strict RAM Replacement                                                     ; Off                ; Off                ;
; Allow Synchronous Control Signals                                          ; On                 ; On                 ;
; Force Use of Synchronous Clear Signals                                     ; Off                ; Off                ;
; Auto RAM to Logic Cell Conversion                                          ; Off                ; Off                ;
; Auto Resource Sharing                                                      ; Off                ; Off                ;
; Allow Any RAM Size For Recognition                                         ; Off                ; Off                ;
; Allow Any ROM Size For Recognition                                         ; Off                ; Off                ;
; Allow Any Shift Register Size For Recognition                              ; Off                ; Off                ;
; Use LogicLock Constraints during Resource Balancing                        ; On                 ; On                 ;
; Ignore translate_off and synthesis_off directives                          ; Off                ; Off                ;
; Timing-Driven Synthesis                                                    ; Off                ; Off                ;
; Report Parameter Settings                                                  ; On                 ; On                 ;
; Report Source Assignments                                                  ; On                 ; On                 ;
; Report Connectivity Checks                                                 ; On                 ; On                 ;
; Ignore Maximum Fan-Out Assignments                                         ; Off                ; Off                ;
; Synchronization Register Chain Length                                      ; 2                  ; 2                  ;
; PowerPlay Power Optimization                                               ; Normal compilation ; Normal compilation ;
; HDL message level                                                          ; Level2             ; Level2             ;
; Suppress Register Optimization Related Messages                            ; Off                ; Off                ;
; Number of Removed Registers Reported in Synthesis Report                   ; 5000               ; 5000               ;
; Number of Inverted Registers Reported in Synthesis Report                  ; 100                ; 100                ;
; Clock MUX Protection                                                       ; On                 ; On                 ;
; Auto Gated Clock Conversion                                                ; Off                ; Off                ;
; Block Design Naming                                                        ; Auto               ; Auto               ;
; SDC constraint protection                                                  ; Off                ; Off                ;
; Synthesis Effort                                                           ; Auto               ; Auto               ;
; Shift Register Replacement - Allow Asynchronous Clear Signal               ; On                 ; On                 ;
; Analysis & Synthesis Message Level                                         ; Medium             ; Medium             ;
; Disable Register Merging Across Hierarchies                                ; Auto               ; Auto               ;
; Resource Aware Inference For Block RAM                                     ; On                 ; On                 ;
; Synthesis Seed                                                             ; 1                  ; 1                  ;
+----------------------------------------------------------------------------+--------------------+--------------------+


+------------------------------------------+
; Parallel Compilation                     ;
+----------------------------+-------------+
; Processors                 ; Number      ;
+----------------------------+-------------+
; Number detected on machine ; 4           ;
; Maximum allowed            ; 4           ;
;                            ;             ;
; Average used               ; 1.00        ;
; Maximum used               ; 1           ;
;                            ;             ;
; Usage by Processor         ; % Time Used ;
;     1 processor            ; 100.0%      ;
;     2-4 processors         ;   0.0%      ;
+----------------------------+-------------+


+-------------------------------------------------------------------------------------------------------------------------------+
; Analysis & Synthesis Source Files Read                                                                                        ;
+----------------------------------+-----------------+------------------------------+-------------------------------------------+
; File Name with User-Entered Path ; Used in Netlist ; File Type                    ; File Name with Absolute Path              ;
+----------------------------------+-----------------+------------------------------+-------------------------------------------+
; hexexample.v                     ; yes             ; User Verilog HDL File        ; D:/Milestone2/hexexample.v                ;
; ps2_controller.v                 ; yes             ; Auto-Found Verilog HDL File  ; D:/Milestone2/ps2_controller.v            ;
; altera_up_ps2_data_in.v          ; yes             ; Auto-Found Verilog HDL File  ; D:/Milestone2/altera_up_ps2_data_in.v     ;
; altera_up_ps2_command_out.v      ; yes             ; Auto-Found Verilog HDL File  ; D:/Milestone2/altera_up_ps2_command_out.v ;
+----------------------------------+-----------------+------------------------------+-------------------------------------------+


+--------------------------------------------------------+
; Analysis & Synthesis Resource Usage Summary            ;
+---------------------------------------------+----------+
; Resource                                    ; Usage    ;
+---------------------------------------------+----------+
; Estimated Total logic elements              ; 293      ;
;                                             ;          ;
; Total combinational functions               ; 286      ;
; Logic element usage by number of LUT inputs ;          ;
;     -- 4 input functions                    ; 148      ;
;     -- 3 input functions                    ; 33       ;
;     -- <=2 input functions                  ; 105      ;
;                                             ;          ;
; Logic elements by mode                      ;          ;
;     -- normal mode                          ; 224      ;
;     -- arithmetic mode                      ; 62       ;
;                                             ;          ;
; Total registers                             ; 111      ;
;     -- Dedicated logic registers            ; 111      ;
;     -- I/O registers                        ; 0        ;
;                                             ;          ;
; I/O pins                                    ; 78       ;
; Maximum fan-out node                        ; CLOCK_50 ;
; Maximum fan-out                             ; 111      ;
; Total fan-out                               ; 1248     ;
; Average fan-out                             ; 2.63     ;
+---------------------------------------------+----------+


+------------------------------------------------------------------------------------------------------------------------------------------------------------------------------------------------------------------------------------------+
; Analysis & Synthesis Resource Utilization by Entity                                                                                                                                                                                      ;
+--------------------------------------------+-------------------+--------------+-------------+--------------+---------+-----------+------+--------------+------------------------------------------------------------------+--------------+
; Compilation Hierarchy Node                 ; LC Combinationals ; LC Registers ; Memory Bits ; DSP Elements ; DSP 9x9 ; DSP 18x18 ; Pins ; Virtual Pins ; Full Hierarchy Name                                              ; Library Name ;
+--------------------------------------------+-------------------+--------------+-------------+--------------+---------+-----------+------+--------------+------------------------------------------------------------------+--------------+
; |hexexample                                ; 286 (240)         ; 111 (81)     ; 0           ; 0            ; 0       ; 0         ; 78   ; 0            ; |hexexample                                                      ;              ;
;    |Hexadecimal_To_Seven_Segment:Segment0| ; 7 (7)             ; 0 (0)        ; 0           ; 0            ; 0       ; 0         ; 0    ; 0            ; |hexexample|Hexadecimal_To_Seven_Segment:Segment0                ;              ;
;    |Hexadecimal_To_Seven_Segment:Segment1| ; 7 (7)             ; 0 (0)        ; 0           ; 0            ; 0       ; 0         ; 0    ; 0            ; |hexexample|Hexadecimal_To_Seven_Segment:Segment1                ;              ;
;    |PS2_Controller:PS2|                    ; 32 (7)            ; 30 (5)       ; 0           ; 0            ; 0       ; 0         ; 0    ; 0            ; |hexexample|PS2_Controller:PS2                                   ;              ;
;       |Altera_UP_PS2_Data_In:PS2_Data_In|  ; 25 (25)           ; 25 (25)      ; 0           ; 0            ; 0       ; 0         ; 0    ; 0            ; |hexexample|PS2_Controller:PS2|Altera_UP_PS2_Data_In:PS2_Data_In ;              ;
+--------------------------------------------+-------------------+--------------+-------------+--------------+---------+-----------+------+--------------+------------------------------------------------------------------+--------------+
Note: For table entries with two numbers listed, the numbers in parentheses indicate the number of resources of the given type used by the specific entity alone. The numbers listed outside of parentheses indicate the total resources of the given type used by the specific entity and all of its sub-entities in the hierarchy.


Encoding Type:  One-Hot
+--------------------------------------------------------------------------------------------------------------------------------------------------------------------------------------------------------------------------------------------------------------+
; State Machine - |hexexample|PS2_Controller:PS2|s_ps2_transceiver                                                                                                                                                                                             ;
+--------------------------------------------+--------------------------------------------+-------------------------------------------+---------------------------------------+------------------------------------+-------------------------------------------+
; Name                                       ; s_ps2_transceiver.PS2_STATE_3_END_TRANSFER ; s_ps2_transceiver.PS2_STATE_2_COMMAND_OUT ; s_ps2_transceiver.PS2_STATE_1_DATA_IN ; s_ps2_transceiver.PS2_STATE_0_IDLE ; s_ps2_transceiver.PS2_STATE_4_END_DELAYED ;
+--------------------------------------------+--------------------------------------------+-------------------------------------------+---------------------------------------+------------------------------------+-------------------------------------------+
; s_ps2_transceiver.PS2_STATE_0_IDLE         ; 0                                          ; 0                                         ; 0                                     ; 0                                  ; 0                                         ;
; s_ps2_transceiver.PS2_STATE_1_DATA_IN      ; 0                                          ; 0                                         ; 1                                     ; 1                                  ; 0                                         ;
; s_ps2_transceiver.PS2_STATE_2_COMMAND_OUT  ; 0                                          ; 1                                         ; 0                                     ; 1                                  ; 0                                         ;
; s_ps2_transceiver.PS2_STATE_3_END_TRANSFER ; 1                                          ; 0                                         ; 0                                     ; 1                                  ; 0                                         ;
; s_ps2_transceiver.PS2_STATE_4_END_DELAYED  ; 0                                          ; 0                                         ; 0                                     ; 1                                  ; 1                                         ;
+--------------------------------------------+--------------------------------------------+-------------------------------------------+---------------------------------------+------------------------------------+-------------------------------------------+


Encoding Type:  One-Hot
+-----------------------------------------------------------------------------------------------------------------------------------------------------------------------------------------------------------------------------------------------------------------------------------------------------------------------------------------------------------------------------------------------------------------------------------------------------+
; State Machine - |hexexample|PS2_Controller:PS2|Altera_UP_PS2_Command_Out:PS2_Command_Out|s_ps2_transmitter                                                                                                                                                                                                                                                                                                                                          ;
+------------------------------------------------------+--------------------------------------------------+------------------------------------------------+-----------------------------------------------+-------------------------------------------------+---------------------------------------------+----------------------------------------------+------------------------------------------------------+------------------------------------+
; Name                                                 ; s_ps2_transmitter.PS2_STATE_7_TRANSMISSION_ERROR ; s_ps2_transmitter.PS2_STATE_6_COMMAND_WAS_SENT ; s_ps2_transmitter.PS2_STATE_5_RECEIVE_ACK_BIT ; s_ps2_transmitter.PS2_STATE_4_TRANSMIT_STOP_BIT ; s_ps2_transmitter.PS2_STATE_3_TRANSMIT_DATA ; s_ps2_transmitter.PS2_STATE_2_WAIT_FOR_CLOCK ; s_ps2_transmitter.PS2_STATE_1_INITIATE_COMMUNICATION ; s_ps2_transmitter.PS2_STATE_0_IDLE ;
+------------------------------------------------------+--------------------------------------------------+------------------------------------------------+-----------------------------------------------+-------------------------------------------------+---------------------------------------------+----------------------------------------------+------------------------------------------------------+------------------------------------+
; s_ps2_transmitter.PS2_STATE_0_IDLE                   ; 0                                                ; 0                                              ; 0                                             ; 0                                               ; 0                                           ; 0                                            ; 0                                                    ; 0                                  ;
; s_ps2_transmitter.PS2_STATE_1_INITIATE_COMMUNICATION ; 0                                                ; 0                                              ; 0                                             ; 0                                               ; 0                                           ; 0                                            ; 1                                                    ; 1                                  ;
; s_ps2_transmitter.PS2_STATE_2_WAIT_FOR_CLOCK         ; 0                                                ; 0                                              ; 0                                             ; 0                                               ; 0                                           ; 1                                            ; 0                                                    ; 1                                  ;
; s_ps2_transmitter.PS2_STATE_3_TRANSMIT_DATA          ; 0                                                ; 0                                              ; 0                                             ; 0                                               ; 1                                           ; 0                                            ; 0                                                    ; 1                                  ;
; s_ps2_transmitter.PS2_STATE_4_TRANSMIT_STOP_BIT      ; 0                                                ; 0                                              ; 0                                             ; 1                                               ; 0                                           ; 0                                            ; 0                                                    ; 1                                  ;
; s_ps2_transmitter.PS2_STATE_5_RECEIVE_ACK_BIT        ; 0                                                ; 0                                              ; 1                                             ; 0                                               ; 0                                           ; 0                                            ; 0                                                    ; 1                                  ;
; s_ps2_transmitter.PS2_STATE_6_COMMAND_WAS_SENT       ; 0                                                ; 1                                              ; 0                                             ; 0                                               ; 0                                           ; 0                                            ; 0                                                    ; 1                                  ;
; s_ps2_transmitter.PS2_STATE_7_TRANSMISSION_ERROR     ; 1                                                ; 0                                              ; 0                                             ; 0                                               ; 0                                           ; 0                                            ; 0                                                    ; 1                                  ;
+------------------------------------------------------+--------------------------------------------------+------------------------------------------------+-----------------------------------------------+-------------------------------------------------+---------------------------------------------+----------------------------------------------+------------------------------------------------------+------------------------------------+


Encoding Type:  One-Hot
+----------------------------------------------------------------------------------------------------------------------------------------------------------------------------------------------------------------------------------------+
; State Machine - |hexexample|PS2_Controller:PS2|Altera_UP_PS2_Data_In:PS2_Data_In|s_ps2_receiver                                                                                                                                        ;
+------------------------------------------+--------------------------------------+------------------------------------+------------------------------------------+---------------------------------+------------------------------------+
; Name                                     ; s_ps2_receiver.PS2_STATE_3_PARITY_IN ; s_ps2_receiver.PS2_STATE_2_DATA_IN ; s_ps2_receiver.PS2_STATE_1_WAIT_FOR_DATA ; s_ps2_receiver.PS2_STATE_0_IDLE ; s_ps2_receiver.PS2_STATE_4_STOP_IN ;
+------------------------------------------+--------------------------------------+------------------------------------+------------------------------------------+---------------------------------+------------------------------------+
; s_ps2_receiver.PS2_STATE_0_IDLE          ; 0                                    ; 0                                  ; 0                                        ; 0                               ; 0                                  ;
; s_ps2_receiver.PS2_STATE_1_WAIT_FOR_DATA ; 0                                    ; 0                                  ; 1                                        ; 1                               ; 0                                  ;
; s_ps2_receiver.PS2_STATE_2_DATA_IN       ; 0                                    ; 1                                  ; 0                                        ; 1                               ; 0                                  ;
; s_ps2_receiver.PS2_STATE_3_PARITY_IN     ; 1                                    ; 0                                  ; 0                                        ; 1                               ; 0                                  ;
; s_ps2_receiver.PS2_STATE_4_STOP_IN       ; 0                                    ; 0                                  ; 0                                        ; 1                               ; 1                                  ;
+------------------------------------------+--------------------------------------+------------------------------------+------------------------------------------+---------------------------------+------------------------------------+


+-------------------------------------------------------------------------------------------------------------------------------------------------------------------------------------------------------------+
; Registers Removed During Synthesis                                                                                                                                                                          ;
+-------------------------------------------------------------------------------------------------------------------+-----------------------------------------------------------------------------------------+
; Register name                                                                                                     ; Reason for Removal                                                                      ;
+-------------------------------------------------------------------------------------------------------------------+-----------------------------------------------------------------------------------------+
; PS2_Controller:PS2|idle_counter[0..7]                                                                             ; Lost fanout                                                                             ;
; PS2_Controller:PS2|Altera_UP_PS2_Command_Out:PS2_Command_Out|ps2_command[1..7]                                    ; Merged with PS2_Controller:PS2|Altera_UP_PS2_Command_Out:PS2_Command_Out|ps2_command[0] ;
; GPIO_0[4]~reg0                                                                                                    ; Merged with GPIO_0[1]~reg0                                                              ;
; GPIO_0[1]~reg0                                                                                                    ; Stuck at GND due to stuck port data_in                                                  ;
; PS2_Controller:PS2|Altera_UP_PS2_Command_Out:PS2_Command_Out|ps2_command[0]                                       ; Stuck at GND due to stuck port data_in                                                  ;
; PS2_Controller:PS2|s_ps2_transceiver~2                                                                            ; Lost fanout                                                                             ;
; PS2_Controller:PS2|s_ps2_transceiver~3                                                                            ; Lost fanout                                                                             ;
; PS2_Controller:PS2|Altera_UP_PS2_Command_Out:PS2_Command_Out|s_ps2_transmitter~2                                  ; Lost fanout                                                                             ;
; PS2_Controller:PS2|Altera_UP_PS2_Command_Out:PS2_Command_Out|s_ps2_transmitter~3                                  ; Lost fanout                                                                             ;
; PS2_Controller:PS2|Altera_UP_PS2_Command_Out:PS2_Command_Out|s_ps2_transmitter~4                                  ; Lost fanout                                                                             ;
; PS2_Controller:PS2|Altera_UP_PS2_Data_In:PS2_Data_In|s_ps2_receiver~2                                             ; Lost fanout                                                                             ;
; PS2_Controller:PS2|Altera_UP_PS2_Data_In:PS2_Data_In|s_ps2_receiver~3                                             ; Lost fanout                                                                             ;
; PS2_Controller:PS2|Altera_UP_PS2_Command_Out:PS2_Command_Out|s_ps2_transmitter.PS2_STATE_1_INITIATE_COMMUNICATION ; Stuck at GND due to stuck port data_in                                                  ;
; PS2_Controller:PS2|s_ps2_transceiver.PS2_STATE_2_COMMAND_OUT                                                      ; Stuck at GND due to stuck port data_in                                                  ;
; PS2_Controller:PS2|s_ps2_transceiver.PS2_STATE_4_END_DELAYED                                                      ; Stuck at GND due to stuck port data_in                                                  ;
; PS2_Controller:PS2|Altera_UP_PS2_Command_Out:PS2_Command_Out|command_initiate_counter[1..13]                      ; Stuck at GND due to stuck port data_in                                                  ;
; PS2_Controller:PS2|s_ps2_transceiver.PS2_STATE_3_END_TRANSFER                                                     ; Stuck at GND due to stuck port data_in                                                  ;
; PS2_Controller:PS2|Altera_UP_PS2_Data_In:PS2_Data_In|s_ps2_receiver.PS2_STATE_1_WAIT_FOR_DATA                     ; Stuck at GND due to stuck port data_in                                                  ;
; PS2_Controller:PS2|Altera_UP_PS2_Command_Out:PS2_Command_Out|s_ps2_transmitter.PS2_STATE_2_WAIT_FOR_CLOCK         ; Stuck at GND due to stuck port data_in                                                  ;
; PS2_Controller:PS2|Altera_UP_PS2_Command_Out:PS2_Command_Out|waiting_counter[1..20]                               ; Stuck at GND due to stuck port data_in                                                  ;
; PS2_Controller:PS2|Altera_UP_PS2_Command_Out:PS2_Command_Out|s_ps2_transmitter.PS2_STATE_3_TRANSMIT_DATA          ; Stuck at GND due to stuck port data_in                                                  ;
; PS2_Controller:PS2|Altera_UP_PS2_Command_Out:PS2_Command_Out|cur_bit[0..3]                                        ; Stuck at GND due to stuck port data_in                                                  ;
; PS2_Controller:PS2|Altera_UP_PS2_Command_Out:PS2_Command_Out|s_ps2_transmitter.PS2_STATE_4_TRANSMIT_STOP_BIT      ; Stuck at GND due to stuck port data_in                                                  ;
; PS2_Controller:PS2|Altera_UP_PS2_Command_Out:PS2_Command_Out|s_ps2_transmitter.PS2_STATE_5_RECEIVE_ACK_BIT        ; Stuck at GND due to stuck port data_in                                                  ;
; PS2_Controller:PS2|Altera_UP_PS2_Command_Out:PS2_Command_Out|transfer_counter[1..17]                              ; Stuck at GND due to stuck port data_in                                                  ;
; PS2_Controller:PS2|Altera_UP_PS2_Command_Out:PS2_Command_Out|s_ps2_transmitter.PS2_STATE_6_COMMAND_WAS_SENT       ; Stuck at GND due to stuck port data_in                                                  ;
; PS2_Controller:PS2|Altera_UP_PS2_Command_Out:PS2_Command_Out|s_ps2_transmitter.PS2_STATE_7_TRANSMISSION_ERROR     ; Stuck at GND due to stuck port data_in                                                  ;
; PS2_Controller:PS2|Altera_UP_PS2_Command_Out:PS2_Command_Out|command_was_sent                                     ; Stuck at GND due to stuck port data_in                                                  ;
; PS2_Controller:PS2|Altera_UP_PS2_Command_Out:PS2_Command_Out|error_communication_timed_out                        ; Stuck at GND due to stuck port data_in                                                  ;
; Total Number of Removed Registers = 92                                                                            ;                                                                                         ;
+-------------------------------------------------------------------------------------------------------------------+-----------------------------------------------------------------------------------------+


+---------------------------------------------------------------------------------------------------------------------------------------------------------------------------------------------------------------------------------------------------------------+
; Removed Registers Triggering Further Register Optimizations                                                                                                                                                                                                   ;
+-------------------------------------------------------------------------------------------------------------------+---------------------------+---------------------------------------------------------------------------------------------------------------+
; Register name                                                                                                     ; Reason for Removal        ; Registers Removed due to This Register                                                                        ;
+-------------------------------------------------------------------------------------------------------------------+---------------------------+---------------------------------------------------------------------------------------------------------------+
; PS2_Controller:PS2|Altera_UP_PS2_Command_Out:PS2_Command_Out|s_ps2_transmitter.PS2_STATE_1_INITIATE_COMMUNICATION ; Stuck at GND              ; PS2_Controller:PS2|Altera_UP_PS2_Command_Out:PS2_Command_Out|s_ps2_transmitter.PS2_STATE_7_TRANSMISSION_ERROR ;
;                                                                                                                   ; due to stuck port data_in ;                                                                                                               ;
+-------------------------------------------------------------------------------------------------------------------+---------------------------+---------------------------------------------------------------------------------------------------------------+


+------------------------------------------------------+
; General Register Statistics                          ;
+----------------------------------------------+-------+
; Statistic                                    ; Value ;
+----------------------------------------------+-------+
; Total registers                              ; 111   ;
; Number of registers using Synchronous Clear  ; 38    ;
; Number of registers using Synchronous Load   ; 0     ;
; Number of registers using Asynchronous Clear ; 0     ;
; Number of registers using Asynchronous Load  ; 0     ;
; Number of registers using Clock Enable       ; 67    ;
; Number of registers using Preset             ; 0     ;
+----------------------------------------------+-------+


+------------------------------------------------------------------------------------------------------------------------------------------------------------------------------------------------------------------------------------+
; Multiplexer Restructuring Statistics (Restructuring Performed)                                                                                                                                                                     ;
+--------------------+-----------+---------------+----------------------+------------------------+------------------------------------------------------------------------------------------------------+----------------------------+
; Multiplexer Inputs ; Bus Width ; Baseline Area ; Area if Restructured ; Saving if Restructured ; Registered                                                                                           ; Example Multiplexer Output ;
+--------------------+-----------+---------------+----------------------+------------------------+------------------------------------------------------------------------------------------------------+----------------------------+
; 3:1                ; 8 bits    ; 16 LEs        ; 8 LEs                ; 8 LEs                  ; |hexexample|PS2_Controller:PS2|Altera_UP_PS2_Data_In:PS2_Data_In|received_data[0]                    ;                            ;
; 3:1                ; 8 bits    ; 16 LEs        ; 8 LEs                ; 8 LEs                  ; |hexexample|last_data_received[0]                                                                    ;                            ;
; 3:1                ; 17 bits   ; 34 LEs        ; 17 LEs               ; 17 LEs                 ; |hexexample|PS2_Controller:PS2|Altera_UP_PS2_Command_Out:PS2_Command_Out|transfer_counter[15]        ;                            ;
; 3:1                ; 8 bits    ; 16 LEs        ; 8 LEs                ; 8 LEs                  ; |hexexample|PS2_Controller:PS2|Altera_UP_PS2_Data_In:PS2_Data_In|data_shift_reg[0]                   ;                            ;
; 4:1                ; 13 bits   ; 26 LEs        ; 13 LEs               ; 13 LEs                 ; |hexexample|PS2_Controller:PS2|Altera_UP_PS2_Command_Out:PS2_Command_Out|command_initiate_counter[7] ;                            ;
; 4:1                ; 20 bits   ; 40 LEs        ; 20 LEs               ; 20 LEs                 ; |hexexample|PS2_Controller:PS2|Altera_UP_PS2_Command_Out:PS2_Command_Out|waiting_counter[17]         ;                            ;
; 4:1                ; 4 bits    ; 8 LEs         ; 4 LEs                ; 4 LEs                  ; |hexexample|PS2_Controller:PS2|Altera_UP_PS2_Command_Out:PS2_Command_Out|cur_bit[1]                  ;                            ;
; 4:1                ; 4 bits    ; 8 LEs         ; 4 LEs                ; 4 LEs                  ; |hexexample|PS2_Controller:PS2|Altera_UP_PS2_Data_In:PS2_Data_In|data_count[1]                       ;                            ;
; 8:1                ; 2 bits    ; 10 LEs        ; 8 LEs                ; 2 LEs                  ; |hexexample|GPIO_0[3]~reg0                                                                           ;                            ;
; 11:1               ; 3 bits    ; 21 LEs        ; 15 LEs               ; 6 LEs                  ; |hexexample|GPIO_0[5]~reg0                                                                           ;                            ;
+--------------------+-----------+---------------+----------------------+------------------------+------------------------------------------------------------------------------------------------------+----------------------------+


+----------------------------------------------------------------------------+
; Parameter Settings for User Entity Instance: Top-level Entity: |hexexample ;
+----------------+-------+---------------------------------------------------+
; Parameter Name ; Value ; Type                                              ;
+----------------+-------+---------------------------------------------------+
; cw             ; 01    ; Unsigned Binary                                   ;
; ccw            ; 10    ; Unsigned Binary                                   ;
; stop           ; 00    ; Unsigned Binary                                   ;
+----------------+-------+---------------------------------------------------+
Note: In order to hide this table in the UI and the text report file, please set the "Show Parameter Settings in Synthesis Report" option in "Analysis and Synthesis Settings -> More Settings" to "Off".


+-----------------------------------------------------------------+
; Parameter Settings for User Entity Instance: PS2_Controller:PS2 ;
+------------------+-------+--------------------------------------+
; Parameter Name   ; Value ; Type                                 ;
+------------------+-------+--------------------------------------+
; INITIALIZE_MOUSE ; 0     ; Signed Integer                       ;
+------------------+-------+--------------------------------------+
Note: In order to hide this table in the UI and the text report file, please set the "Show Parameter Settings in Synthesis Report" option in "Analysis and Synthesis Settings -> More Settings" to "Off".


+-----------------------------------------------------------------------------------------------------------+
; Parameter Settings for User Entity Instance: PS2_Controller:PS2|Altera_UP_PS2_Command_Out:PS2_Command_Out ;
+------------------------------------+----------------------+-----------------------------------------------+
; Parameter Name                     ; Value                ; Type                                          ;
+------------------------------------+----------------------+-----------------------------------------------+
; CLOCK_CYCLES_FOR_101US             ; 5050                 ; Signed Integer                                ;
; NUMBER_OF_BITS_FOR_101US           ; 13                   ; Signed Integer                                ;
; COUNTER_INCREMENT_FOR_101US        ; 0000000000001        ; Unsigned Binary                               ;
; CLOCK_CYCLES_FOR_15MS              ; 750000               ; Signed Integer                                ;
; NUMBER_OF_BITS_FOR_15MS            ; 20                   ; Signed Integer                                ;
; COUNTER_INCREMENT_FOR_15MS         ; 00000000000000000001 ; Unsigned Binary                               ;
; CLOCK_CYCLES_FOR_2MS               ; 100000               ; Signed Integer                                ;
; NUMBER_OF_BITS_FOR_2MS             ; 17                   ; Signed Integer                                ;
; COUNTER_INCREMENT_FOR_2MS          ; 00000000000000001    ; Unsigned Binary                               ;
; PS2_STATE_0_IDLE                   ; 000                  ; Unsigned Binary                               ;
; PS2_STATE_1_INITIATE_COMMUNICATION ; 001                  ; Unsigned Binary                               ;
; PS2_STATE_2_WAIT_FOR_CLOCK         ; 010                  ; Unsigned Binary                               ;
; PS2_STATE_3_TRANSMIT_DATA          ; 011                  ; Unsigned Binary                               ;
; PS2_STATE_4_TRANSMIT_STOP_BIT      ; 100                  ; Unsigned Binary                               ;
; PS2_STATE_5_RECEIVE_ACK_BIT        ; 101                  ; Unsigned Binary                               ;
; PS2_STATE_6_COMMAND_WAS_SENT       ; 110                  ; Unsigned Binary                               ;
; PS2_STATE_7_TRANSMISSION_ERROR     ; 111                  ; Unsigned Binary                               ;
+------------------------------------+----------------------+-----------------------------------------------+
Note: In order to hide this table in the UI and the text report file, please set the "Show Parameter Settings in Synthesis Report" option in "Analysis and Synthesis Settings -> More Settings" to "Off".


+--------------------------------------------------------------------------------------------------------------------------------------------------------------------------------------------------+
; Port Connectivity Checks: "PS2_Controller:PS2"                                                                                                                                                   ;
+-------------------------------+--------+----------+----------------------------------------------------------------------------------------------------------------------------------------------+
; Port                          ; Type   ; Severity ; Details                                                                                                                                      ;
+-------------------------------+--------+----------+----------------------------------------------------------------------------------------------------------------------------------------------+
; the_command                   ; Input  ; Warning  ; Declared by entity but not connected by instance. If a default value exists, it will be used.  Otherwise, the port will be connected to GND. ;
; send_command                  ; Input  ; Warning  ; Declared by entity but not connected by instance. If a default value exists, it will be used.  Otherwise, the port will be connected to GND. ;
; command_was_sent              ; Output ; Warning  ; Declared by entity but not connected by instance. Logic that only feeds a dangling port will be removed.                                     ;
; error_communication_timed_out ; Output ; Warning  ; Declared by entity but not connected by instance. Logic that only feeds a dangling port will be removed.                                     ;
+-------------------------------+--------+----------+----------------------------------------------------------------------------------------------------------------------------------------------+


+-------------------------------+
; Elapsed Time Per Partition    ;
+----------------+--------------+
; Partition Name ; Elapsed Time ;
+----------------+--------------+
; Top            ; 00:00:03     ;
+----------------+--------------+


+-------------------------------+
; Analysis & Synthesis Messages ;
+-------------------------------+
Info: *******************************************************************
Info: Running Quartus II 64-Bit Analysis & Synthesis
    Info: Version 11.1 Build 259 01/25/2012 Service Pack 2 SJ Full Version
    Info: Processing started: Thu Nov 21 19:08:39 2013
Info: Command: quartus_map --read_settings_files=on --write_settings_files=off hexexample -c hexexample
Info (20030): Parallel compilation is enabled and will use 4 of the 4 processors detected
Warning (12019): Can't analyze file -- file //SRVD/Homes$/zehraroh/Desktop/HEX example/hexexample.v is missing
Warning (12019): Can't analyze file -- file //SRVD/Homes$/zehraroh/Desktop/HEX example/hex_to_seven.v is missing
Warning (12019): Can't analyze file -- file //SRVD/Homes$/zehraroh/Desktop/HEX example/PS2_Controller.v is missing
Warning (12019): Can't analyze file -- file //SRVD/Homes$/zehraroh/Desktop/HEX example/Altera_UP_PS2_Command_Out.v is missing
Warning (12019): Can't analyze file -- file //SRVD/Homes$/zehraroh/Desktop/HEX example/Altera_UP_PS2_Data_In.v is missing
Warning (10238): Verilog Module Declaration warning at hexexample.v(23): ignored anonymous port(s) indicated by duplicate or dangling comma(s) in the port list for module "hexexample"
Info (12021): Found 2 design units, including 2 entities, in source file hexexample.v
    Info (12023): Found entity 1: hexexample
    Info (12023): Found entity 2: Hexadecimal_To_Seven_Segment
Info (12127): Elaborating entity "hexexample" for the top level hierarchy
Warning (10034): Output port "LEDG[0]" at hexexample.v(42) has no driver
Warning (10034): Output port "LEDR[7..5]" at hexexample.v(54) has no driver
Warning (10034): Output port "LEDR[0]" at hexexample.v(54) has no driver
Warning (12125): Using design file ps2_controller.v, which is not specified as a design file for the current project, but contains definitions for 1 design units and 1 entities in project
    Info (12023): Found entity 1: PS2_Controller
Info (12128): Elaborating entity "PS2_Controller" for hierarchy "PS2_Controller:PS2"
Warning (12125): Using design file altera_up_ps2_data_in.v, which is not specified as a design file for the current project, but contains definitions for 1 design units and 1 entities in project
    Info (12023): Found entity 1: Altera_UP_PS2_Data_In
Info (12128): Elaborating entity "Altera_UP_PS2_Data_In" for hierarchy "PS2_Controller:PS2|Altera_UP_PS2_Data_In:PS2_Data_In"
Warning (12125): Using design file altera_up_ps2_command_out.v, which is not specified as a design file for the current project, but contains definitions for 1 design units and 1 entities in project
    Info (12023): Found entity 1: Altera_UP_PS2_Command_Out
Info (12128): Elaborating entity "Altera_UP_PS2_Command_Out" for hierarchy "PS2_Controller:PS2|Altera_UP_PS2_Command_Out:PS2_Command_Out"
Info (12128): Elaborating entity "Hexadecimal_To_Seven_Segment" for hierarchy "Hexadecimal_To_Seven_Segment:Segment0"
Info (13005): Duplicate registers merged to single register
Info (13005): Duplicate registers merged to single register
Warning (12241): 1 hierarchies have connectivity warnings - see the Connectivity Checks report folder
Warning (13024): Output pins are stuck at VCC or GND
    Warning (13410): Pin "LEDG[0]" is stuck at GND
    Warning (13410): Pin "LEDR[0]" is stuck at GND
    Warning (13410): Pin "LEDR[5]" is stuck at GND
    Warning (13410): Pin "LEDR[6]" is stuck at GND
    Warning (13410): Pin "LEDR[7]" is stuck at GND
    Warning (13410): Pin "GPIO_0[1]" is stuck at GND
    Warning (13410): Pin "GPIO_0[4]" is stuck at GND
    Warning (13410): Pin "HEX2[0]" is stuck at VCC
    Warning (13410): Pin "HEX2[1]" is stuck at VCC
    Warning (13410): Pin "HEX2[2]" is stuck at VCC
    Warning (13410): Pin "HEX2[3]" is stuck at VCC
    Warning (13410): Pin "HEX2[4]" is stuck at VCC
    Warning (13410): Pin "HEX2[5]" is stuck at VCC
    Warning (13410): Pin "HEX2[6]" is stuck at VCC
    Warning (13410): Pin "HEX3[0]" is stuck at VCC
    Warning (13410): Pin "HEX3[1]" is stuck at VCC
    Warning (13410): Pin "HEX3[2]" is stuck at VCC
    Warning (13410): Pin "HEX3[3]" is stuck at VCC
    Warning (13410): Pin "HEX3[4]" is stuck at VCC
    Warning (13410): Pin "HEX3[5]" is stuck at VCC
    Warning (13410): Pin "HEX3[6]" is stuck at VCC
    Warning (13410): Pin "HEX4[0]" is stuck at VCC
    Warning (13410): Pin "HEX4[1]" is stuck at VCC
    Warning (13410): Pin "HEX4[2]" is stuck at VCC
    Warning (13410): Pin "HEX4[3]" is stuck at VCC
    Warning (13410): Pin "HEX4[4]" is stuck at VCC
    Warning (13410): Pin "HEX4[5]" is stuck at VCC
    Warning (13410): Pin "HEX4[6]" is stuck at VCC
    Warning (13410): Pin "HEX5[0]" is stuck at VCC
    Warning (13410): Pin "HEX5[1]" is stuck at VCC
    Warning (13410): Pin "HEX5[2]" is stuck at VCC
    Warning (13410): Pin "HEX5[3]" is stuck at VCC
    Warning (13410): Pin "HEX5[4]" is stuck at VCC
    Warning (13410): Pin "HEX5[5]" is stuck at VCC
    Warning (13410): Pin "HEX5[6]" is stuck at VCC
    Warning (13410): Pin "HEX6[0]" is stuck at VCC
    Warning (13410): Pin "HEX6[1]" is stuck at VCC
    Warning (13410): Pin "HEX6[2]" is stuck at VCC
    Warning (13410): Pin "HEX6[3]" is stuck at VCC
    Warning (13410): Pin "HEX6[4]" is stuck at VCC
    Warning (13410): Pin "HEX6[5]" is stuck at VCC
    Warning (13410): Pin "HEX6[6]" is stuck at VCC
    Warning (13410): Pin "HEX7[0]" is stuck at VCC
    Warning (13410): Pin "HEX7[1]" is stuck at VCC
    Warning (13410): Pin "HEX7[2]" is stuck at VCC
    Warning (13410): Pin "HEX7[3]" is stuck at VCC
    Warning (13410): Pin "HEX7[4]" is stuck at VCC
    Warning (13410): Pin "HEX7[5]" is stuck at VCC
    Warning (13410): Pin "HEX7[6]" is stuck at VCC
Info (17049): 15 registers lost all their fanouts during netlist optimizations. The first 15 are displayed below.
    Info (17050): Register "PS2_Controller:PS2|idle_counter[3]" lost all its fanouts during netlist optimizations.
    Info (17050): Register "PS2_Controller:PS2|idle_counter[2]" lost all its fanouts during netlist optimizations.
    Info (17050): Register "PS2_Controller:PS2|idle_counter[1]" lost all its fanouts during netlist optimizations.
    Info (17050): Register "PS2_Controller:PS2|idle_counter[0]" lost all its fanouts during netlist optimizations.
    Info (17050): Register "PS2_Controller:PS2|idle_counter[4]" lost all its fanouts during netlist optimizations.
    Info (17050): Register "PS2_Controller:PS2|idle_counter[5]" lost all its fanouts during netlist optimizations.
    Info (17050): Register "PS2_Controller:PS2|idle_counter[6]" lost all its fanouts during netlist optimizations.
    Info (17050): Register "PS2_Controller:PS2|idle_counter[7]" lost all its fanouts during netlist optimizations.
    Info (17050): Register "PS2_Controller:PS2|s_ps2_transceiver~2" lost all its fanouts during netlist optimizations.
    Info (17050): Register "PS2_Controller:PS2|s_ps2_transceiver~3" lost all its fanouts during netlist optimizations.
    Info (17050): Register "PS2_Controller:PS2|Altera_UP_PS2_Command_Out:PS2_Command_Out|s_ps2_transmitter~2" lost all its fanouts during netlist optimizations.
    Info (17050): Register "PS2_Controller:PS2|Altera_UP_PS2_Command_Out:PS2_Command_Out|s_ps2_transmitter~3" lost all its fanouts during netlist optimizations.
    Info (17050): Register "PS2_Controller:PS2|Altera_UP_PS2_Command_Out:PS2_Command_Out|s_ps2_transmitter~4" lost all its fanouts during netlist optimizations.
    Info (17050): Register "PS2_Controller:PS2|Altera_UP_PS2_Data_In:PS2_Data_In|s_ps2_receiver~2" lost all its fanouts during netlist optimizations.
    Info (17050): Register "PS2_Controller:PS2|Altera_UP_PS2_Data_In:PS2_Data_In|s_ps2_receiver~3" lost all its fanouts during netlist optimizations.
Info (144001): Generated suppressed messages file D:/Milestone2/hexexample.map.smsg
Info (16010): Generating hard_block partition "hard_block:auto_generated_inst"
Warning (21074): Design contains 3 input pin(s) that do not drive logic
    Warning (15610): No output dependent on input pin "KEY[1]"
    Warning (15610): No output dependent on input pin "KEY[2]"
    Warning (15610): No output dependent on input pin "KEY[3]"
Info (21057): Implemented 381 device resources after synthesis - the final resource count might be different
    Info (21058): Implemented 5 input pins
    Info (21059): Implemented 71 output pins
    Info (21060): Implemented 2 bidirectional pins
    Info (21061): Implemented 303 logic cells
Info: Quartus II 64-Bit Analysis & Synthesis was successful. 0 errors, 67 warnings
    Info: Peak virtual memory: 382 megabytes
    Info: Processing ended: Thu Nov 21 19:08:44 2013
    Info: Elapsed time: 00:00:05
    Info: Total CPU time (on all processors): 00:00:04


+------------------------------------------+
; Analysis & Synthesis Suppressed Messages ;
+------------------------------------------+
The suppressed messages can be found in D:/Milestone2/hexexample.map.smsg.


