TimeQuest Timing Analyzer report for part4
Sun Sep 29 18:03:37 2013
Quartus II 32-bit Version 11.1 Build 259 01/25/2012 Service Pack 2 SJ Web Edition


---------------------
; Table of Contents ;
---------------------
  1. Legal Notice
  2. TimeQuest Timing Analyzer Summary
  3. Parallel Compilation
  4. Clocks
  5. Slow Model Fmax Summary
  6. Slow Model Setup Summary
  7. Slow Model Hold Summary
  8. Slow Model Recovery Summary
  9. Slow Model Removal Summary
 10. Slow Model Minimum Pulse Width Summary
 11. Propagation Delay
 12. Minimum Propagation Delay
 13. Fast Model Setup Summary
 14. Fast Model Hold Summary
 15. Fast Model Recovery Summary
 16. Fast Model Removal Summary
 17. Fast Model Minimum Pulse Width Summary
 18. Propagation Delay
 19. Minimum Propagation Delay
 20. Multicorner Timing Analysis Summary
 21. Progagation Delay
 22. Minimum Progagation Delay
 23. Clock Transfers
 24. Report TCCS
 25. Report RSKM
 26. Unconstrained Paths
 27. TimeQuest Timing Analyzer Messages



----------------
; Legal Notice ;
----------------
Copyright (C) 1991-2011 Altera Corporation
Your use of Altera Corporation's design tools, logic functions 
and other software and tools, and its AMPP partner logic 
functions, and any output files from any of the foregoing 
(including device programming or simulation files), and any 
associated documentation or information are expressly subject 
to the terms and conditions of the Altera Program License 
Subscription Agreement, Altera MegaCore Function License 
Agreement, or other applicable license agreement, including, 
without limitation, that your use is for the sole purpose of 
programming logic devices manufactured by Altera and sold by 
Altera or its authorized distributors.  Please refer to the 
applicable agreement for further details.



+--------------------------------------------------------------------------------------+
; TimeQuest Timing Analyzer Summary                                                    ;
+--------------------+-----------------------------------------------------------------+
; Quartus II Version ; Version 11.1 Build 259 01/25/2012 Service Pack 2 SJ Web Edition ;
; Revision Name      ; part4                                                           ;
; Device Family      ; Cyclone II                                                      ;
; Device Name        ; EP2C35F672C8                                                    ;
; Timing Models      ; Final                                                           ;
; Delay Model        ; Combined                                                        ;
; Rise/Fall Delays   ; Unavailable                                                     ;
+--------------------+-----------------------------------------------------------------+


Parallel compilation was disabled, but you have multiple processors available. Enable parallel compilation to reduce compilation time.
+-------------------------------------+
; Parallel Compilation                ;
+----------------------------+--------+
; Processors                 ; Number ;
+----------------------------+--------+
; Number detected on machine ; 2      ;
; Maximum allowed            ; 1      ;
+----------------------------+--------+


----------
; Clocks ;
----------
No clocks to report.


---------------------------
; Slow Model Fmax Summary ;
---------------------------
No paths to report.


----------------------------
; Slow Model Setup Summary ;
----------------------------
No paths to report.


---------------------------
; Slow Model Hold Summary ;
---------------------------
No paths to report.


-------------------------------
; Slow Model Recovery Summary ;
-------------------------------
No paths to report.


------------------------------
; Slow Model Removal Summary ;
------------------------------
No paths to report.


------------------------------------------
; Slow Model Minimum Pulse Width Summary ;
------------------------------------------
No paths to report.


+--------------------------------------------------------------+
; Propagation Delay                                            ;
+------------+-------------+--------+--------+--------+--------+
; Input Port ; Output Port ; RR     ; RF     ; FR     ; FF     ;
+------------+-------------+--------+--------+--------+--------+
; KEY[0]     ; LEDR[0]     ; 18.880 ; 18.880 ; 18.880 ; 18.880 ;
; KEY[0]     ; LEDR[1]     ; 17.304 ; 17.304 ; 17.304 ; 17.304 ;
; KEY[0]     ; LEDR[2]     ; 17.673 ; 17.673 ; 17.673 ; 17.673 ;
; KEY[0]     ; LEDR[3]     ; 15.556 ; 15.556 ; 15.556 ; 15.556 ;
; KEY[0]     ; LEDR[4]     ; 16.592 ; 16.592 ; 16.592 ; 16.592 ;
; KEY[0]     ; LEDR[5]     ; 18.257 ; 18.257 ; 18.257 ; 18.257 ;
; KEY[0]     ; LEDR[6]     ; 16.412 ; 16.412 ; 16.412 ; 16.412 ;
; KEY[0]     ; LEDR[7]     ; 17.045 ; 17.045 ; 17.045 ; 17.045 ;
; KEY[1]     ; LEDR[0]     ; 18.194 ; 18.194 ; 18.194 ; 18.194 ;
; KEY[1]     ; LEDR[1]     ; 15.816 ; 15.816 ; 15.816 ; 15.816 ;
; KEY[1]     ; LEDR[2]     ; 16.664 ; 16.664 ; 16.664 ; 16.664 ;
; KEY[1]     ; LEDR[3]     ; 14.549 ; 14.549 ; 14.549 ; 14.549 ;
; KEY[1]     ; LEDR[4]     ; 14.697 ; 15.915 ; 15.915 ; 14.697 ;
; KEY[1]     ; LEDR[5]     ;        ; 16.766 ; 16.766 ;        ;
; KEY[1]     ; LEDR[6]     ;        ; 14.877 ; 14.877 ;        ;
; KEY[1]     ; LEDR[7]     ;        ; 16.550 ; 16.550 ;        ;
; KEY[2]     ; LEDR[0]     ; 15.504 ; 15.504 ; 15.504 ; 15.504 ;
; KEY[2]     ; LEDR[1]     ; 14.845 ; 14.845 ; 14.845 ; 14.845 ;
; KEY[2]     ; LEDR[2]     ; 14.208 ; 14.208 ; 14.208 ; 14.208 ;
; KEY[2]     ; LEDR[3]     ; 13.275 ; 13.275 ; 13.275 ; 13.275 ;
; KEY[2]     ; LEDR[4]     ; 13.698 ; 13.698 ; 13.698 ; 13.698 ;
; KEY[2]     ; LEDR[5]     ; 15.467 ; 15.467 ; 15.467 ; 15.467 ;
; KEY[2]     ; LEDR[6]     ; 13.619 ; 13.619 ; 13.619 ; 13.619 ;
; KEY[2]     ; LEDR[7]     ; 15.373 ; 15.373 ; 15.373 ; 15.373 ;
; SW[0]      ; LEDR[0]     ; 16.660 ; 16.660 ; 16.660 ; 16.660 ;
; SW[0]      ; LEDR[1]     ; 15.305 ; 15.305 ; 15.305 ; 15.305 ;
; SW[0]      ; LEDR[2]     ; 16.056 ; 16.056 ; 16.056 ; 16.056 ;
; SW[0]      ; LEDR[3]     ; 15.338 ; 15.338 ; 15.338 ; 15.338 ;
; SW[0]      ; LEDR[4]     ; 15.382 ; 15.382 ; 15.382 ; 15.382 ;
; SW[0]      ; LEDR[5]     ; 15.286 ; 15.286 ; 15.286 ; 15.286 ;
; SW[0]      ; LEDR[6]     ; 13.307 ; 13.307 ; 13.307 ; 13.307 ;
; SW[0]      ; LEDR[7]     ; 14.982 ; 14.982 ; 14.982 ; 14.982 ;
; SW[1]      ; LEDR[0]     ; 17.083 ; 17.083 ; 17.083 ; 17.083 ;
; SW[1]      ; LEDR[1]     ; 15.700 ; 15.700 ; 15.700 ; 15.700 ;
; SW[1]      ; LEDR[2]     ; 16.451 ; 16.451 ; 16.451 ; 16.451 ;
; SW[1]      ; LEDR[3]     ; 15.418 ; 15.418 ; 15.418 ; 15.418 ;
; SW[1]      ; LEDR[4]     ; 15.576 ; 15.576 ; 15.576 ; 15.576 ;
; SW[1]      ; LEDR[5]     ; 15.399 ; 15.399 ; 15.399 ; 15.399 ;
; SW[1]      ; LEDR[6]     ; 13.420 ; 13.420 ; 13.420 ; 13.420 ;
; SW[1]      ; LEDR[7]     ; 15.095 ; 15.095 ; 15.095 ; 15.095 ;
; SW[2]      ; LEDR[0]     ; 17.300 ; 17.300 ; 17.300 ; 17.300 ;
; SW[2]      ; LEDR[1]     ; 15.917 ; 15.917 ; 15.917 ; 15.917 ;
; SW[2]      ; LEDR[2]     ; 16.668 ; 16.668 ; 16.668 ; 16.668 ;
; SW[2]      ; LEDR[3]     ; 15.635 ; 15.635 ; 15.635 ; 15.635 ;
; SW[2]      ; LEDR[4]     ; 15.793 ; 15.793 ; 15.793 ; 15.793 ;
; SW[2]      ; LEDR[5]     ; 14.992 ; 14.992 ; 14.992 ; 14.992 ;
; SW[2]      ; LEDR[6]     ; 13.013 ; 13.013 ; 13.013 ; 13.013 ;
; SW[2]      ; LEDR[7]     ; 14.688 ; 14.688 ; 14.688 ; 14.688 ;
; SW[3]      ; LEDR[0]     ; 18.051 ; 18.051 ; 18.051 ; 18.051 ;
; SW[3]      ; LEDR[1]     ; 16.668 ; 16.668 ; 16.668 ; 16.668 ;
; SW[3]      ; LEDR[2]     ; 17.419 ; 17.419 ; 17.419 ; 17.419 ;
; SW[3]      ; LEDR[3]     ; 16.386 ; 16.386 ; 16.386 ; 16.386 ;
; SW[3]      ; LEDR[4]     ; 16.510 ; 16.510 ; 16.510 ; 16.510 ;
; SW[3]      ; LEDR[5]     ; 15.365 ; 15.365 ; 15.365 ; 15.365 ;
; SW[3]      ; LEDR[6]     ; 13.386 ; 13.386 ; 13.386 ; 13.386 ;
; SW[3]      ; LEDR[7]     ; 15.061 ; 15.061 ; 15.061 ; 15.061 ;
; SW[4]      ; LEDR[0]     ; 18.156 ; 18.156 ; 18.156 ; 18.156 ;
; SW[4]      ; LEDR[1]     ; 16.773 ; 16.773 ; 16.773 ; 16.773 ;
; SW[4]      ; LEDR[2]     ; 17.524 ; 17.524 ; 17.524 ; 17.524 ;
; SW[4]      ; LEDR[3]     ; 16.491 ; 16.491 ; 16.491 ; 16.491 ;
; SW[4]      ; LEDR[4]     ; 16.613 ; 16.613 ; 16.613 ; 16.613 ;
; SW[4]      ; LEDR[5]     ; 15.270 ; 15.270 ; 15.270 ; 15.270 ;
; SW[4]      ; LEDR[6]     ; 13.291 ; 13.291 ; 13.291 ; 13.291 ;
; SW[4]      ; LEDR[7]     ; 14.966 ; 14.966 ; 14.966 ; 14.966 ;
; SW[5]      ; LEDR[0]     ; 16.229 ; 16.229 ; 16.229 ; 16.229 ;
; SW[5]      ; LEDR[1]     ; 14.834 ; 14.834 ; 14.834 ; 14.834 ;
; SW[5]      ; LEDR[2]     ; 15.193 ; 15.193 ; 15.193 ; 15.193 ;
; SW[5]      ; LEDR[3]     ; 14.160 ; 14.160 ; 14.160 ; 14.160 ;
; SW[5]      ; LEDR[4]     ; 13.986 ; 13.986 ; 13.986 ; 13.986 ;
; SW[5]      ; LEDR[5]     ; 14.422 ; 14.422 ; 14.422 ; 14.422 ;
; SW[5]      ; LEDR[6]     ; 12.837 ; 12.837 ; 12.837 ; 12.837 ;
; SW[5]      ; LEDR[7]     ; 14.512 ; 14.512 ; 14.512 ; 14.512 ;
; SW[6]      ; LEDR[0]     ; 16.420 ; 16.420 ; 16.420 ; 16.420 ;
; SW[6]      ; LEDR[1]     ; 15.025 ; 15.025 ; 15.025 ; 15.025 ;
; SW[6]      ; LEDR[2]     ; 15.384 ; 15.384 ; 15.384 ; 15.384 ;
; SW[6]      ; LEDR[3]     ; 14.351 ; 14.351 ; 14.351 ; 14.351 ;
; SW[6]      ; LEDR[4]     ; 14.177 ; 14.177 ; 14.177 ; 14.177 ;
; SW[6]      ; LEDR[6]     ; 12.251 ; 12.251 ; 12.251 ; 12.251 ;
; SW[6]      ; LEDR[7]     ; 14.317 ; 14.317 ; 14.317 ; 14.317 ;
; SW[7]      ; LEDR[0]     ; 15.697 ; 15.697 ; 15.697 ; 15.697 ;
; SW[7]      ; LEDR[1]     ; 13.908 ; 13.908 ; 13.908 ; 13.908 ;
; SW[7]      ; LEDR[2]     ; 14.267 ; 14.267 ; 14.267 ; 14.267 ;
; SW[7]      ; LEDR[3]     ; 13.234 ; 13.234 ; 13.234 ; 13.234 ;
; SW[7]      ; LEDR[4]     ; 13.060 ;        ;        ; 13.060 ;
; SW[7]      ; LEDR[7]     ; 14.266 ; 14.266 ; 14.266 ; 14.266 ;
; SW[8]      ; LEDR[0]     ; 20.108 ; 20.108 ; 20.108 ; 20.108 ;
; SW[8]      ; LEDR[1]     ; 18.752 ; 18.752 ; 18.752 ; 18.752 ;
; SW[8]      ; LEDR[2]     ; 19.777 ; 19.777 ; 19.777 ; 19.777 ;
; SW[8]      ; LEDR[3]     ; 19.359 ; 19.359 ; 19.359 ; 19.359 ;
; SW[8]      ; LEDR[4]     ; 19.579 ; 19.579 ; 19.579 ; 19.579 ;
; SW[8]      ; LEDR[5]     ; 15.830 ; 15.830 ; 15.830 ; 15.830 ;
; SW[8]      ; LEDR[6]     ; 13.851 ; 13.851 ; 13.851 ; 13.851 ;
; SW[8]      ; LEDR[7]     ; 15.526 ; 15.526 ; 15.526 ; 15.526 ;
; SW[9]      ; LEDR[0]     ; 19.939 ; 19.939 ; 19.939 ; 19.939 ;
; SW[9]      ; LEDR[1]     ; 18.583 ; 18.583 ; 18.583 ; 18.583 ;
; SW[9]      ; LEDR[2]     ; 19.608 ; 19.608 ; 19.608 ; 19.608 ;
; SW[9]      ; LEDR[3]     ; 19.190 ; 19.190 ; 19.190 ; 19.190 ;
; SW[9]      ; LEDR[4]     ; 19.410 ; 19.410 ; 19.410 ; 19.410 ;
; SW[9]      ; LEDR[5]     ; 15.325 ; 15.325 ; 15.325 ; 15.325 ;
; SW[9]      ; LEDR[6]     ; 13.346 ; 13.346 ; 13.346 ; 13.346 ;
; SW[9]      ; LEDR[7]     ; 15.021 ; 15.021 ; 15.021 ; 15.021 ;
; SW[10]     ; LEDR[0]     ; 19.727 ; 19.727 ; 19.727 ; 19.727 ;
; SW[10]     ; LEDR[1]     ; 18.371 ; 18.371 ; 18.371 ; 18.371 ;
; SW[10]     ; LEDR[2]     ; 19.397 ; 19.397 ; 19.397 ; 19.397 ;
; SW[10]     ; LEDR[3]     ; 18.979 ; 18.979 ; 18.979 ; 18.979 ;
; SW[10]     ; LEDR[4]     ; 19.199 ; 19.199 ; 19.199 ; 19.199 ;
; SW[10]     ; LEDR[5]     ; 14.947 ; 14.947 ; 14.947 ; 14.947 ;
; SW[10]     ; LEDR[6]     ; 12.968 ; 12.968 ; 12.968 ; 12.968 ;
; SW[10]     ; LEDR[7]     ; 14.643 ; 14.643 ; 14.643 ; 14.643 ;
; SW[11]     ; LEDR[0]     ; 18.694 ; 18.694 ; 18.694 ; 18.694 ;
; SW[11]     ; LEDR[1]     ; 17.338 ; 17.338 ; 17.338 ; 17.338 ;
; SW[11]     ; LEDR[2]     ; 18.240 ; 18.240 ; 18.240 ; 18.240 ;
; SW[11]     ; LEDR[3]     ; 17.822 ; 17.822 ; 17.822 ; 17.822 ;
; SW[11]     ; LEDR[4]     ; 18.042 ; 18.042 ; 18.042 ; 18.042 ;
; SW[11]     ; LEDR[5]     ; 14.901 ; 14.901 ; 14.901 ; 14.901 ;
; SW[11]     ; LEDR[6]     ; 12.922 ; 12.922 ; 12.922 ; 12.922 ;
; SW[11]     ; LEDR[7]     ; 14.597 ; 14.597 ; 14.597 ; 14.597 ;
; SW[12]     ; LEDR[0]     ; 18.878 ; 18.878 ; 18.878 ; 18.878 ;
; SW[12]     ; LEDR[1]     ; 17.522 ; 17.522 ; 17.522 ; 17.522 ;
; SW[12]     ; LEDR[2]     ; 18.418 ; 18.418 ; 18.418 ; 18.418 ;
; SW[12]     ; LEDR[3]     ; 18.000 ; 18.000 ; 18.000 ; 18.000 ;
; SW[12]     ; LEDR[4]     ; 18.220 ; 18.220 ; 18.220 ; 18.220 ;
; SW[12]     ; LEDR[5]     ; 14.652 ; 14.652 ; 14.652 ; 14.652 ;
; SW[12]     ; LEDR[6]     ; 12.673 ; 12.673 ; 12.673 ; 12.673 ;
; SW[12]     ; LEDR[7]     ; 14.348 ; 14.348 ; 14.348 ; 14.348 ;
; SW[13]     ; LEDR[0]     ; 24.210 ; 24.210 ; 24.210 ; 24.210 ;
; SW[13]     ; LEDR[1]     ; 22.854 ; 22.854 ; 22.854 ; 22.854 ;
; SW[13]     ; LEDR[2]     ; 23.758 ; 23.758 ; 23.758 ; 23.758 ;
; SW[13]     ; LEDR[3]     ; 23.340 ; 23.340 ; 23.340 ; 23.340 ;
; SW[13]     ; LEDR[4]     ; 23.560 ; 23.560 ; 23.560 ; 23.560 ;
; SW[13]     ; LEDR[5]     ; 19.598 ; 19.598 ; 19.598 ; 19.598 ;
; SW[13]     ; LEDR[6]     ; 18.020 ; 18.020 ; 18.020 ; 18.020 ;
; SW[13]     ; LEDR[7]     ; 19.695 ; 19.695 ; 19.695 ; 19.695 ;
; SW[14]     ; LEDR[0]     ; 23.615 ; 23.615 ; 23.615 ; 23.615 ;
; SW[14]     ; LEDR[1]     ; 22.259 ; 22.259 ; 22.259 ; 22.259 ;
; SW[14]     ; LEDR[2]     ; 23.010 ; 23.010 ; 23.010 ; 23.010 ;
; SW[14]     ; LEDR[3]     ; 22.292 ; 22.292 ; 22.292 ; 22.292 ;
; SW[14]     ; LEDR[4]     ; 22.352 ; 22.352 ; 22.352 ; 22.352 ;
; SW[14]     ; LEDR[6]     ; 17.515 ; 17.515 ; 17.515 ; 17.515 ;
; SW[14]     ; LEDR[7]     ; 19.582 ; 19.582 ; 19.582 ; 19.582 ;
; SW[15]     ; LEDR[0]     ; 23.275 ; 23.275 ; 23.275 ; 23.275 ;
; SW[15]     ; LEDR[1]     ; 21.919 ; 21.919 ; 21.919 ; 21.919 ;
; SW[15]     ; LEDR[2]     ; 22.670 ; 22.670 ; 22.670 ; 22.670 ;
; SW[15]     ; LEDR[3]     ; 21.952 ; 21.952 ; 21.952 ; 21.952 ;
; SW[15]     ; LEDR[4]     ; 22.014 ; 22.014 ; 22.014 ; 22.014 ;
; SW[15]     ; LEDR[7]     ; 19.071 ; 19.071 ; 19.071 ; 19.071 ;
+------------+-------------+--------+--------+--------+--------+


+--------------------------------------------------------------+
; Minimum Propagation Delay                                    ;
+------------+-------------+--------+--------+--------+--------+
; Input Port ; Output Port ; RR     ; RF     ; FR     ; FF     ;
+------------+-------------+--------+--------+--------+--------+
; KEY[0]     ; LEDR[0]     ; 17.821 ; 17.821 ; 17.821 ; 17.821 ;
; KEY[0]     ; LEDR[1]     ; 17.158 ; 17.158 ; 17.158 ; 17.158 ;
; KEY[0]     ; LEDR[2]     ; 16.693 ; 16.693 ; 16.693 ; 16.693 ;
; KEY[0]     ; LEDR[3]     ; 15.416 ; 15.416 ; 15.416 ; 15.416 ;
; KEY[0]     ; LEDR[4]     ; 15.100 ; 15.536 ; 15.536 ; 15.100 ;
; KEY[0]     ; LEDR[5]     ; 18.214 ; 18.214 ; 18.214 ; 18.214 ;
; KEY[0]     ; LEDR[6]     ; 16.350 ; 16.350 ; 16.350 ; 16.350 ;
; KEY[0]     ; LEDR[7]     ; 16.567 ; 16.567 ; 16.567 ; 16.567 ;
; KEY[1]     ; LEDR[0]     ; 17.168 ; 17.151 ; 17.151 ; 17.168 ;
; KEY[1]     ; LEDR[1]     ; 15.251 ; 15.251 ; 15.251 ; 15.251 ;
; KEY[1]     ; LEDR[2]     ; 15.524 ; 15.213 ; 15.213 ; 15.524 ;
; KEY[1]     ; LEDR[3]     ; 13.987 ; 13.987 ; 13.987 ; 13.987 ;
; KEY[1]     ; LEDR[4]     ; 14.697 ; 14.697 ; 14.697 ; 14.697 ;
; KEY[1]     ; LEDR[5]     ;        ; 15.730 ; 15.730 ;        ;
; KEY[1]     ; LEDR[6]     ;        ; 13.883 ; 13.883 ;        ;
; KEY[1]     ; LEDR[7]     ;        ; 15.327 ; 15.327 ;        ;
; KEY[2]     ; LEDR[0]     ; 15.504 ; 15.504 ; 15.504 ; 15.504 ;
; KEY[2]     ; LEDR[1]     ; 14.845 ; 14.845 ; 14.845 ; 14.845 ;
; KEY[2]     ; LEDR[2]     ; 14.208 ; 14.208 ; 14.208 ; 14.208 ;
; KEY[2]     ; LEDR[3]     ; 13.275 ; 13.275 ; 13.275 ; 13.275 ;
; KEY[2]     ; LEDR[4]     ; 13.698 ; 13.698 ; 13.698 ; 13.698 ;
; KEY[2]     ; LEDR[5]     ; 15.467 ; 15.467 ; 15.467 ; 15.467 ;
; KEY[2]     ; LEDR[6]     ; 13.619 ; 13.619 ; 13.619 ; 13.619 ;
; KEY[2]     ; LEDR[7]     ; 15.373 ; 15.373 ; 15.373 ; 15.373 ;
; SW[0]      ; LEDR[0]     ; 13.168 ; 13.168 ; 13.168 ; 13.168 ;
; SW[0]      ; LEDR[1]     ; 13.968 ; 13.968 ; 13.968 ; 13.968 ;
; SW[0]      ; LEDR[2]     ; 15.556 ; 15.556 ; 15.556 ; 15.556 ;
; SW[0]      ; LEDR[3]     ; 13.254 ; 13.254 ; 13.254 ; 13.254 ;
; SW[0]      ; LEDR[4]     ; 14.010 ; 14.010 ; 14.010 ; 14.010 ;
; SW[0]      ; LEDR[5]     ; 15.286 ; 15.286 ; 15.286 ; 15.286 ;
; SW[0]      ; LEDR[6]     ; 13.307 ; 13.307 ; 13.307 ; 13.307 ;
; SW[0]      ; LEDR[7]     ; 14.982 ; 14.982 ; 14.982 ; 14.982 ;
; SW[1]      ; LEDR[0]     ; 17.083 ; 17.083 ; 17.083 ; 17.083 ;
; SW[1]      ; LEDR[1]     ; 12.104 ; 12.104 ; 12.104 ; 12.104 ;
; SW[1]      ; LEDR[2]     ; 15.726 ; 15.726 ; 15.726 ; 15.726 ;
; SW[1]      ; LEDR[3]     ; 13.367 ; 13.367 ; 13.367 ; 13.367 ;
; SW[1]      ; LEDR[4]     ; 14.123 ; 14.123 ; 14.123 ; 14.123 ;
; SW[1]      ; LEDR[5]     ; 15.399 ; 15.399 ; 15.399 ; 15.399 ;
; SW[1]      ; LEDR[6]     ; 13.420 ; 13.420 ; 13.420 ; 13.420 ;
; SW[1]      ; LEDR[7]     ; 15.095 ; 15.095 ; 15.095 ; 15.095 ;
; SW[2]      ; LEDR[0]     ; 17.300 ; 17.300 ; 17.300 ; 17.300 ;
; SW[2]      ; LEDR[1]     ; 15.365 ; 15.365 ; 15.365 ; 15.365 ;
; SW[2]      ; LEDR[2]     ; 11.661 ; 11.661 ; 11.661 ; 11.661 ;
; SW[2]      ; LEDR[3]     ; 12.960 ; 12.960 ; 12.960 ; 12.960 ;
; SW[2]      ; LEDR[4]     ; 13.716 ; 13.716 ; 13.716 ; 13.716 ;
; SW[2]      ; LEDR[5]     ; 14.992 ; 14.992 ; 14.992 ; 14.992 ;
; SW[2]      ; LEDR[6]     ; 13.013 ; 13.013 ; 13.013 ; 13.013 ;
; SW[2]      ; LEDR[7]     ; 14.688 ; 14.688 ; 14.688 ; 14.688 ;
; SW[3]      ; LEDR[0]     ; 18.051 ; 18.051 ; 18.051 ; 18.051 ;
; SW[3]      ; LEDR[1]     ; 16.117 ; 16.117 ; 16.117 ; 16.117 ;
; SW[3]      ; LEDR[2]     ; 16.705 ; 16.705 ; 16.705 ; 16.705 ;
; SW[3]      ; LEDR[3]     ; 11.516 ; 11.516 ; 11.516 ; 11.516 ;
; SW[3]      ; LEDR[4]     ; 14.089 ; 14.089 ; 14.089 ; 14.089 ;
; SW[3]      ; LEDR[5]     ; 15.365 ; 15.365 ; 15.365 ; 15.365 ;
; SW[3]      ; LEDR[6]     ; 13.386 ; 13.386 ; 13.386 ; 13.386 ;
; SW[3]      ; LEDR[7]     ; 15.061 ; 15.061 ; 15.061 ; 15.061 ;
; SW[4]      ; LEDR[0]     ; 18.156 ; 18.156 ; 18.156 ; 18.156 ;
; SW[4]      ; LEDR[1]     ; 16.222 ; 16.222 ; 16.222 ; 16.222 ;
; SW[4]      ; LEDR[2]     ; 16.808 ; 16.808 ; 16.808 ; 16.808 ;
; SW[4]      ; LEDR[3]     ; 15.940 ; 15.940 ; 15.940 ; 15.940 ;
; SW[4]      ; LEDR[4]     ; 11.997 ; 11.997 ; 11.997 ; 11.997 ;
; SW[4]      ; LEDR[5]     ; 15.270 ; 15.270 ; 15.270 ; 15.270 ;
; SW[4]      ; LEDR[6]     ; 13.291 ; 13.291 ; 13.291 ; 13.291 ;
; SW[4]      ; LEDR[7]     ; 14.966 ; 14.966 ; 14.966 ; 14.966 ;
; SW[5]      ; LEDR[0]     ; 16.229 ; 16.229 ; 16.229 ; 16.229 ;
; SW[5]      ; LEDR[1]     ; 13.951 ; 13.951 ; 13.951 ; 13.951 ;
; SW[5]      ; LEDR[2]     ; 14.701 ; 14.701 ; 14.701 ; 14.701 ;
; SW[5]      ; LEDR[3]     ; 13.668 ; 13.668 ; 13.668 ; 13.668 ;
; SW[5]      ; LEDR[4]     ; 13.494 ; 13.986 ; 13.986 ; 13.494 ;
; SW[5]      ; LEDR[5]     ; 13.152 ; 12.859 ; 12.859 ; 13.152 ;
; SW[5]      ; LEDR[6]     ; 12.837 ; 12.837 ; 12.837 ; 12.837 ;
; SW[5]      ; LEDR[7]     ; 14.512 ; 14.512 ; 14.512 ; 14.512 ;
; SW[6]      ; LEDR[0]     ; 16.420 ; 16.420 ; 16.420 ; 16.420 ;
; SW[6]      ; LEDR[1]     ; 14.150 ; 14.150 ; 14.150 ; 14.150 ;
; SW[6]      ; LEDR[2]     ; 14.900 ; 14.900 ; 14.900 ; 14.900 ;
; SW[6]      ; LEDR[3]     ; 13.867 ; 13.867 ; 13.867 ; 13.867 ;
; SW[6]      ; LEDR[4]     ; 13.693 ; 14.177 ; 14.177 ; 13.693 ;
; SW[6]      ; LEDR[6]     ; 11.206 ; 11.206 ; 11.206 ; 11.206 ;
; SW[6]      ; LEDR[7]     ; 14.317 ; 14.317 ; 14.317 ; 14.317 ;
; SW[7]      ; LEDR[0]     ; 15.697 ; 15.697 ; 15.697 ; 15.697 ;
; SW[7]      ; LEDR[1]     ; 13.908 ; 13.908 ; 13.908 ; 13.908 ;
; SW[7]      ; LEDR[2]     ; 14.267 ; 14.267 ; 14.267 ; 14.267 ;
; SW[7]      ; LEDR[3]     ; 13.234 ; 13.234 ; 13.234 ; 13.234 ;
; SW[7]      ; LEDR[4]     ; 13.060 ;        ;        ; 13.060 ;
; SW[7]      ; LEDR[7]     ; 12.901 ; 12.422 ; 12.422 ; 12.901 ;
; SW[8]      ; LEDR[0]     ; 14.026 ; 14.026 ; 14.026 ; 14.026 ;
; SW[8]      ; LEDR[1]     ; 14.512 ; 14.512 ; 14.512 ; 14.512 ;
; SW[8]      ; LEDR[2]     ; 15.863 ; 15.863 ; 15.863 ; 15.863 ;
; SW[8]      ; LEDR[3]     ; 13.798 ; 13.798 ; 13.798 ; 13.798 ;
; SW[8]      ; LEDR[4]     ; 14.554 ; 14.554 ; 14.554 ; 14.554 ;
; SW[8]      ; LEDR[5]     ; 15.830 ; 15.830 ; 15.830 ; 15.830 ;
; SW[8]      ; LEDR[6]     ; 13.851 ; 13.851 ; 13.851 ; 13.851 ;
; SW[8]      ; LEDR[7]     ; 15.526 ; 15.526 ; 15.526 ; 15.526 ;
; SW[9]      ; LEDR[0]     ; 16.368 ; 16.368 ; 16.368 ; 16.368 ;
; SW[9]      ; LEDR[1]     ; 12.531 ; 12.531 ; 12.531 ; 12.531 ;
; SW[9]      ; LEDR[2]     ; 15.652 ; 15.652 ; 15.652 ; 15.652 ;
; SW[9]      ; LEDR[3]     ; 13.293 ; 13.293 ; 13.293 ; 13.293 ;
; SW[9]      ; LEDR[4]     ; 14.049 ; 14.049 ; 14.049 ; 14.049 ;
; SW[9]      ; LEDR[5]     ; 15.325 ; 15.325 ; 15.325 ; 15.325 ;
; SW[9]      ; LEDR[6]     ; 13.346 ; 13.346 ; 13.346 ; 13.346 ;
; SW[9]      ; LEDR[7]     ; 15.021 ; 15.021 ; 15.021 ; 15.021 ;
; SW[10]     ; LEDR[0]     ; 16.156 ; 16.156 ; 16.156 ; 16.156 ;
; SW[10]     ; LEDR[1]     ; 15.590 ; 15.590 ; 15.590 ; 15.590 ;
; SW[10]     ; LEDR[2]     ; 11.430 ; 11.430 ; 11.430 ; 11.430 ;
; SW[10]     ; LEDR[3]     ; 12.915 ; 12.915 ; 12.915 ; 12.915 ;
; SW[10]     ; LEDR[4]     ; 13.671 ; 13.671 ; 13.671 ; 13.671 ;
; SW[10]     ; LEDR[5]     ; 14.947 ; 14.947 ; 14.947 ; 14.947 ;
; SW[10]     ; LEDR[6]     ; 12.968 ; 12.968 ; 12.968 ; 12.968 ;
; SW[10]     ; LEDR[7]     ; 14.643 ; 14.643 ; 14.643 ; 14.643 ;
; SW[11]     ; LEDR[0]     ; 15.123 ; 15.123 ; 15.123 ; 15.123 ;
; SW[11]     ; LEDR[1]     ; 14.558 ; 14.558 ; 14.558 ; 14.558 ;
; SW[11]     ; LEDR[2]     ; 14.449 ; 14.449 ; 14.449 ; 14.449 ;
; SW[11]     ; LEDR[3]     ; 10.625 ; 10.625 ; 10.625 ; 10.625 ;
; SW[11]     ; LEDR[4]     ; 13.625 ; 13.625 ; 13.625 ; 13.625 ;
; SW[11]     ; LEDR[5]     ; 14.901 ; 14.901 ; 14.901 ; 14.901 ;
; SW[11]     ; LEDR[6]     ; 12.922 ; 12.922 ; 12.922 ; 12.922 ;
; SW[11]     ; LEDR[7]     ; 14.597 ; 14.597 ; 14.597 ; 14.597 ;
; SW[12]     ; LEDR[0]     ; 15.307 ; 15.307 ; 15.307 ; 15.307 ;
; SW[12]     ; LEDR[1]     ; 14.742 ; 14.742 ; 14.742 ; 14.742 ;
; SW[12]     ; LEDR[2]     ; 14.633 ; 14.633 ; 14.633 ; 14.633 ;
; SW[12]     ; LEDR[3]     ; 12.749 ; 12.749 ; 12.749 ; 12.749 ;
; SW[12]     ; LEDR[4]     ; 11.103 ; 11.103 ; 11.103 ; 11.103 ;
; SW[12]     ; LEDR[5]     ; 14.652 ; 14.652 ; 14.652 ; 14.652 ;
; SW[12]     ; LEDR[6]     ; 12.673 ; 12.673 ; 12.673 ; 12.673 ;
; SW[12]     ; LEDR[7]     ; 14.348 ; 14.348 ; 14.348 ; 14.348 ;
; SW[13]     ; LEDR[0]     ; 20.639 ; 20.639 ; 20.639 ; 20.639 ;
; SW[13]     ; LEDR[1]     ; 20.074 ; 20.074 ; 20.074 ; 20.074 ;
; SW[13]     ; LEDR[2]     ; 19.965 ; 19.965 ; 19.965 ; 19.965 ;
; SW[13]     ; LEDR[3]     ; 18.081 ; 18.081 ; 18.081 ; 18.081 ;
; SW[13]     ; LEDR[4]     ; 21.022 ; 21.022 ; 21.022 ; 21.022 ;
; SW[13]     ; LEDR[5]     ; 18.372 ; 18.335 ; 18.335 ; 18.372 ;
; SW[13]     ; LEDR[6]     ; 18.020 ; 18.020 ; 18.020 ; 18.020 ;
; SW[13]     ; LEDR[7]     ; 19.695 ; 19.695 ; 19.695 ; 19.695 ;
; SW[14]     ; LEDR[0]     ; 20.044 ; 20.044 ; 20.044 ; 20.044 ;
; SW[14]     ; LEDR[1]     ; 19.476 ; 19.476 ; 19.476 ; 19.476 ;
; SW[14]     ; LEDR[2]     ; 19.809 ; 19.809 ; 19.809 ; 19.809 ;
; SW[14]     ; LEDR[3]     ; 17.891 ; 21.210 ; 21.210 ; 17.891 ;
; SW[14]     ; LEDR[4]     ; 21.330 ; 21.330 ; 21.330 ; 21.330 ;
; SW[14]     ; LEDR[6]     ; 16.421 ; 16.421 ; 16.421 ; 16.421 ;
; SW[14]     ; LEDR[7]     ; 19.582 ; 19.582 ; 19.582 ; 19.582 ;
; SW[15]     ; LEDR[0]     ; 19.704 ; 19.704 ; 19.704 ; 19.704 ;
; SW[15]     ; LEDR[1]     ; 19.138 ; 19.138 ; 19.138 ; 19.138 ;
; SW[15]     ; LEDR[2]     ; 19.471 ; 19.471 ; 19.471 ; 19.471 ;
; SW[15]     ; LEDR[3]     ; 17.553 ; 20.872 ; 20.872 ; 17.553 ;
; SW[15]     ; LEDR[4]     ; 20.992 ; 20.992 ; 20.992 ; 20.992 ;
; SW[15]     ; LEDR[7]     ; 18.046 ; 17.568 ; 17.568 ; 18.046 ;
+------------+-------------+--------+--------+--------+--------+


----------------------------
; Fast Model Setup Summary ;
----------------------------
No paths to report.


---------------------------
; Fast Model Hold Summary ;
---------------------------
No paths to report.


-------------------------------
; Fast Model Recovery Summary ;
-------------------------------
No paths to report.


------------------------------
; Fast Model Removal Summary ;
------------------------------
No paths to report.


------------------------------------------
; Fast Model Minimum Pulse Width Summary ;
------------------------------------------
No paths to report.


+----------------------------------------------------------+
; Propagation Delay                                        ;
+------------+-------------+-------+-------+-------+-------+
; Input Port ; Output Port ; RR    ; RF    ; FR    ; FF    ;
+------------+-------------+-------+-------+-------+-------+
; KEY[0]     ; LEDR[0]     ; 7.784 ; 7.784 ; 7.784 ; 7.784 ;
; KEY[0]     ; LEDR[1]     ; 7.414 ; 7.414 ; 7.414 ; 7.414 ;
; KEY[0]     ; LEDR[2]     ; 7.452 ; 7.452 ; 7.452 ; 7.452 ;
; KEY[0]     ; LEDR[3]     ; 6.792 ; 6.792 ; 6.792 ; 6.792 ;
; KEY[0]     ; LEDR[4]     ; 7.139 ; 7.139 ; 7.139 ; 7.139 ;
; KEY[0]     ; LEDR[5]     ; 7.629 ; 7.629 ; 7.629 ; 7.629 ;
; KEY[0]     ; LEDR[6]     ; 7.121 ; 7.121 ; 7.121 ; 7.121 ;
; KEY[0]     ; LEDR[7]     ; 7.212 ; 7.212 ; 7.212 ; 7.212 ;
; KEY[1]     ; LEDR[0]     ; 7.533 ; 7.533 ; 7.533 ; 7.533 ;
; KEY[1]     ; LEDR[1]     ; 6.896 ; 6.896 ; 6.896 ; 6.896 ;
; KEY[1]     ; LEDR[2]     ; 7.110 ; 7.110 ; 7.110 ; 7.110 ;
; KEY[1]     ; LEDR[3]     ; 6.451 ; 6.451 ; 6.451 ; 6.451 ;
; KEY[1]     ; LEDR[4]     ; 6.542 ; 6.895 ; 6.895 ; 6.542 ;
; KEY[1]     ; LEDR[5]     ;       ; 7.106 ; 7.106 ;       ;
; KEY[1]     ; LEDR[6]     ;       ; 6.592 ; 6.592 ;       ;
; KEY[1]     ; LEDR[7]     ;       ; 7.001 ; 7.001 ;       ;
; KEY[2]     ; LEDR[0]     ; 6.729 ; 6.729 ; 6.729 ; 6.729 ;
; KEY[2]     ; LEDR[1]     ; 6.570 ; 6.570 ; 6.570 ; 6.570 ;
; KEY[2]     ; LEDR[2]     ; 6.391 ; 6.391 ; 6.391 ; 6.391 ;
; KEY[2]     ; LEDR[3]     ; 6.045 ; 6.045 ; 6.045 ; 6.045 ;
; KEY[2]     ; LEDR[4]     ; 6.200 ; 6.200 ; 6.200 ; 6.200 ;
; KEY[2]     ; LEDR[5]     ; 6.707 ; 6.707 ; 6.707 ; 6.707 ;
; KEY[2]     ; LEDR[6]     ; 6.192 ; 6.192 ; 6.192 ; 6.192 ;
; KEY[2]     ; LEDR[7]     ; 6.654 ; 6.654 ; 6.654 ; 6.654 ;
; SW[0]      ; LEDR[0]     ; 5.909 ; 5.909 ; 5.909 ; 5.909 ;
; SW[0]      ; LEDR[1]     ; 5.526 ; 5.526 ; 5.526 ; 5.526 ;
; SW[0]      ; LEDR[2]     ; 5.743 ; 5.743 ; 5.743 ; 5.743 ;
; SW[0]      ; LEDR[3]     ; 5.498 ; 5.498 ; 5.498 ; 5.498 ;
; SW[0]      ; LEDR[4]     ; 5.569 ; 5.569 ; 5.569 ; 5.569 ;
; SW[0]      ; LEDR[5]     ; 5.557 ; 5.557 ; 5.557 ; 5.557 ;
; SW[0]      ; LEDR[6]     ; 5.015 ; 5.015 ; 5.015 ; 5.015 ;
; SW[0]      ; LEDR[7]     ; 5.472 ; 5.472 ; 5.472 ; 5.472 ;
; SW[1]      ; LEDR[0]     ; 6.049 ; 6.049 ; 6.049 ; 6.049 ;
; SW[1]      ; LEDR[1]     ; 5.670 ; 5.670 ; 5.670 ; 5.670 ;
; SW[1]      ; LEDR[2]     ; 5.888 ; 5.888 ; 5.888 ; 5.888 ;
; SW[1]      ; LEDR[3]     ; 5.549 ; 5.549 ; 5.549 ; 5.549 ;
; SW[1]      ; LEDR[4]     ; 5.640 ; 5.640 ; 5.640 ; 5.640 ;
; SW[1]      ; LEDR[5]     ; 5.613 ; 5.613 ; 5.613 ; 5.613 ;
; SW[1]      ; LEDR[6]     ; 5.071 ; 5.071 ; 5.071 ; 5.071 ;
; SW[1]      ; LEDR[7]     ; 5.528 ; 5.528 ; 5.528 ; 5.528 ;
; SW[2]      ; LEDR[0]     ; 6.125 ; 6.125 ; 6.125 ; 6.125 ;
; SW[2]      ; LEDR[1]     ; 5.746 ; 5.746 ; 5.746 ; 5.746 ;
; SW[2]      ; LEDR[2]     ; 5.964 ; 5.964 ; 5.964 ; 5.964 ;
; SW[2]      ; LEDR[3]     ; 5.638 ; 5.638 ; 5.638 ; 5.638 ;
; SW[2]      ; LEDR[4]     ; 5.741 ; 5.741 ; 5.741 ; 5.741 ;
; SW[2]      ; LEDR[5]     ; 5.494 ; 5.494 ; 5.494 ; 5.494 ;
; SW[2]      ; LEDR[6]     ; 4.952 ; 4.952 ; 4.952 ; 4.952 ;
; SW[2]      ; LEDR[7]     ; 5.409 ; 5.409 ; 5.409 ; 5.409 ;
; SW[3]      ; LEDR[0]     ; 6.377 ; 6.377 ; 6.377 ; 6.377 ;
; SW[3]      ; LEDR[1]     ; 5.998 ; 5.998 ; 5.998 ; 5.998 ;
; SW[3]      ; LEDR[2]     ; 6.216 ; 6.216 ; 6.216 ; 6.216 ;
; SW[3]      ; LEDR[3]     ; 5.877 ; 5.877 ; 5.877 ; 5.877 ;
; SW[3]      ; LEDR[4]     ; 5.972 ; 5.972 ; 5.972 ; 5.972 ;
; SW[3]      ; LEDR[5]     ; 5.626 ; 5.626 ; 5.626 ; 5.626 ;
; SW[3]      ; LEDR[6]     ; 5.084 ; 5.084 ; 5.084 ; 5.084 ;
; SW[3]      ; LEDR[7]     ; 5.541 ; 5.541 ; 5.541 ; 5.541 ;
; SW[4]      ; LEDR[0]     ; 6.490 ; 6.490 ; 6.490 ; 6.490 ;
; SW[4]      ; LEDR[1]     ; 6.111 ; 6.111 ; 6.111 ; 6.111 ;
; SW[4]      ; LEDR[2]     ; 6.329 ; 6.329 ; 6.329 ; 6.329 ;
; SW[4]      ; LEDR[3]     ; 5.990 ; 5.990 ; 5.990 ; 5.990 ;
; SW[4]      ; LEDR[4]     ; 6.087 ; 6.087 ; 6.087 ; 6.087 ;
; SW[4]      ; LEDR[5]     ; 5.651 ; 5.651 ; 5.651 ; 5.651 ;
; SW[4]      ; LEDR[6]     ; 5.109 ; 5.109 ; 5.109 ; 5.109 ;
; SW[4]      ; LEDR[7]     ; 5.566 ; 5.566 ; 5.566 ; 5.566 ;
; SW[5]      ; LEDR[0]     ; 5.815 ; 5.815 ; 5.815 ; 5.815 ;
; SW[5]      ; LEDR[1]     ; 5.434 ; 5.434 ; 5.434 ; 5.434 ;
; SW[5]      ; LEDR[2]     ; 5.549 ; 5.549 ; 5.549 ; 5.549 ;
; SW[5]      ; LEDR[3]     ; 5.210 ; 5.210 ; 5.210 ; 5.210 ;
; SW[5]      ; LEDR[4]     ; 5.208 ; 5.208 ; 5.208 ; 5.208 ;
; SW[5]      ; LEDR[5]     ; 5.267 ; 5.267 ; 5.267 ; 5.267 ;
; SW[5]      ; LEDR[6]     ; 4.830 ; 4.830 ; 4.830 ; 4.830 ;
; SW[5]      ; LEDR[7]     ; 5.287 ; 5.287 ; 5.287 ; 5.287 ;
; SW[6]      ; LEDR[0]     ; 5.893 ; 5.893 ; 5.893 ; 5.893 ;
; SW[6]      ; LEDR[1]     ; 5.512 ; 5.512 ; 5.512 ; 5.512 ;
; SW[6]      ; LEDR[2]     ; 5.627 ; 5.627 ; 5.627 ; 5.627 ;
; SW[6]      ; LEDR[3]     ; 5.288 ; 5.288 ; 5.288 ; 5.288 ;
; SW[6]      ; LEDR[4]     ; 5.286 ; 5.286 ; 5.286 ; 5.286 ;
; SW[6]      ; LEDR[6]     ; 4.693 ; 4.693 ; 4.693 ; 4.693 ;
; SW[6]      ; LEDR[7]     ; 5.255 ; 5.255 ; 5.255 ; 5.255 ;
; SW[7]      ; LEDR[0]     ; 5.790 ; 5.790 ; 5.790 ; 5.790 ;
; SW[7]      ; LEDR[1]     ; 5.304 ; 5.304 ; 5.304 ; 5.304 ;
; SW[7]      ; LEDR[2]     ; 5.419 ; 5.419 ; 5.419 ; 5.419 ;
; SW[7]      ; LEDR[3]     ; 5.080 ; 5.080 ; 5.080 ; 5.080 ;
; SW[7]      ; LEDR[4]     ; 5.078 ;       ;       ; 5.078 ;
; SW[7]      ; LEDR[7]     ; 5.343 ; 5.343 ; 5.343 ; 5.343 ;
; SW[8]      ; LEDR[0]     ; 7.029 ; 7.029 ; 7.029 ; 7.029 ;
; SW[8]      ; LEDR[1]     ; 6.646 ; 6.646 ; 6.646 ; 6.646 ;
; SW[8]      ; LEDR[2]     ; 6.986 ; 6.986 ; 6.986 ; 6.986 ;
; SW[8]      ; LEDR[3]     ; 6.817 ; 6.817 ; 6.817 ; 6.817 ;
; SW[8]      ; LEDR[4]     ; 6.920 ; 6.920 ; 6.920 ; 6.920 ;
; SW[8]      ; LEDR[5]     ; 5.843 ; 5.843 ; 5.843 ; 5.843 ;
; SW[8]      ; LEDR[6]     ; 5.301 ; 5.301 ; 5.301 ; 5.301 ;
; SW[8]      ; LEDR[7]     ; 5.758 ; 5.758 ; 5.758 ; 5.758 ;
; SW[9]      ; LEDR[0]     ; 7.002 ; 7.002 ; 7.002 ; 7.002 ;
; SW[9]      ; LEDR[1]     ; 6.619 ; 6.619 ; 6.619 ; 6.619 ;
; SW[9]      ; LEDR[2]     ; 6.960 ; 6.960 ; 6.960 ; 6.960 ;
; SW[9]      ; LEDR[3]     ; 6.791 ; 6.791 ; 6.791 ; 6.791 ;
; SW[9]      ; LEDR[4]     ; 6.894 ; 6.894 ; 6.894 ; 6.894 ;
; SW[9]      ; LEDR[5]     ; 5.710 ; 5.710 ; 5.710 ; 5.710 ;
; SW[9]      ; LEDR[6]     ; 5.168 ; 5.168 ; 5.168 ; 5.168 ;
; SW[9]      ; LEDR[7]     ; 5.625 ; 5.625 ; 5.625 ; 5.625 ;
; SW[10]     ; LEDR[0]     ; 6.850 ; 6.850 ; 6.850 ; 6.850 ;
; SW[10]     ; LEDR[1]     ; 6.467 ; 6.467 ; 6.467 ; 6.467 ;
; SW[10]     ; LEDR[2]     ; 6.806 ; 6.806 ; 6.806 ; 6.806 ;
; SW[10]     ; LEDR[3]     ; 6.637 ; 6.637 ; 6.637 ; 6.637 ;
; SW[10]     ; LEDR[4]     ; 6.740 ; 6.740 ; 6.740 ; 6.740 ;
; SW[10]     ; LEDR[5]     ; 5.496 ; 5.496 ; 5.496 ; 5.496 ;
; SW[10]     ; LEDR[6]     ; 4.954 ; 4.954 ; 4.954 ; 4.954 ;
; SW[10]     ; LEDR[7]     ; 5.411 ; 5.411 ; 5.411 ; 5.411 ;
; SW[11]     ; LEDR[0]     ; 6.540 ; 6.540 ; 6.540 ; 6.540 ;
; SW[11]     ; LEDR[1]     ; 6.157 ; 6.157 ; 6.157 ; 6.157 ;
; SW[11]     ; LEDR[2]     ; 6.459 ; 6.459 ; 6.459 ; 6.459 ;
; SW[11]     ; LEDR[3]     ; 6.290 ; 6.290 ; 6.290 ; 6.290 ;
; SW[11]     ; LEDR[4]     ; 6.393 ; 6.393 ; 6.393 ; 6.393 ;
; SW[11]     ; LEDR[5]     ; 5.451 ; 5.451 ; 5.451 ; 5.451 ;
; SW[11]     ; LEDR[6]     ; 4.909 ; 4.909 ; 4.909 ; 4.909 ;
; SW[11]     ; LEDR[7]     ; 5.366 ; 5.366 ; 5.366 ; 5.366 ;
; SW[12]     ; LEDR[0]     ; 6.599 ; 6.599 ; 6.599 ; 6.599 ;
; SW[12]     ; LEDR[1]     ; 6.216 ; 6.216 ; 6.216 ; 6.216 ;
; SW[12]     ; LEDR[2]     ; 6.515 ; 6.515 ; 6.515 ; 6.515 ;
; SW[12]     ; LEDR[3]     ; 6.346 ; 6.346 ; 6.346 ; 6.346 ;
; SW[12]     ; LEDR[4]     ; 6.449 ; 6.449 ; 6.449 ; 6.449 ;
; SW[12]     ; LEDR[5]     ; 5.352 ; 5.352 ; 5.352 ; 5.352 ;
; SW[12]     ; LEDR[6]     ; 4.810 ; 4.810 ; 4.810 ; 4.810 ;
; SW[12]     ; LEDR[7]     ; 5.267 ; 5.267 ; 5.267 ; 5.267 ;
; SW[13]     ; LEDR[0]     ; 9.319 ; 9.319 ; 9.319 ; 9.319 ;
; SW[13]     ; LEDR[1]     ; 8.936 ; 8.936 ; 8.936 ; 8.936 ;
; SW[13]     ; LEDR[2]     ; 9.234 ; 9.234 ; 9.234 ; 9.234 ;
; SW[13]     ; LEDR[3]     ; 9.065 ; 9.065 ; 9.065 ; 9.065 ;
; SW[13]     ; LEDR[4]     ; 9.168 ; 9.168 ; 9.168 ; 9.168 ;
; SW[13]     ; LEDR[5]     ; 7.983 ; 7.983 ; 7.983 ; 7.983 ;
; SW[13]     ; LEDR[6]     ; 7.544 ; 7.544 ; 7.544 ; 7.544 ;
; SW[13]     ; LEDR[7]     ; 8.001 ; 8.001 ; 8.001 ; 8.001 ;
; SW[14]     ; LEDR[0]     ; 9.150 ; 9.150 ; 9.150 ; 9.150 ;
; SW[14]     ; LEDR[1]     ; 8.767 ; 8.767 ; 8.767 ; 8.767 ;
; SW[14]     ; LEDR[2]     ; 8.985 ; 8.985 ; 8.985 ; 8.985 ;
; SW[14]     ; LEDR[3]     ; 8.744 ; 8.744 ; 8.744 ; 8.744 ;
; SW[14]     ; LEDR[4]     ; 8.815 ; 8.815 ; 8.815 ; 8.815 ;
; SW[14]     ; LEDR[6]     ; 7.400 ; 7.400 ; 7.400 ; 7.400 ;
; SW[14]     ; LEDR[7]     ; 7.960 ; 7.960 ; 7.960 ; 7.960 ;
; SW[15]     ; LEDR[0]     ; 9.030 ; 9.030 ; 9.030 ; 9.030 ;
; SW[15]     ; LEDR[1]     ; 8.647 ; 8.647 ; 8.647 ; 8.647 ;
; SW[15]     ; LEDR[2]     ; 8.865 ; 8.865 ; 8.865 ; 8.865 ;
; SW[15]     ; LEDR[3]     ; 8.624 ; 8.624 ; 8.624 ; 8.624 ;
; SW[15]     ; LEDR[4]     ; 8.695 ; 8.695 ; 8.695 ; 8.695 ;
; SW[15]     ; LEDR[7]     ; 7.824 ; 7.824 ; 7.824 ; 7.824 ;
+------------+-------------+-------+-------+-------+-------+


+----------------------------------------------------------+
; Minimum Propagation Delay                                ;
+------------+-------------+-------+-------+-------+-------+
; Input Port ; Output Port ; RR    ; RF    ; FR    ; FF    ;
+------------+-------------+-------+-------+-------+-------+
; KEY[0]     ; LEDR[0]     ; 7.469 ; 7.469 ; 7.469 ; 7.469 ;
; KEY[0]     ; LEDR[1]     ; 7.373 ; 7.373 ; 7.373 ; 7.373 ;
; KEY[0]     ; LEDR[2]     ; 7.233 ; 7.233 ; 7.233 ; 7.233 ;
; KEY[0]     ; LEDR[3]     ; 6.748 ; 6.748 ; 6.748 ; 6.748 ;
; KEY[0]     ; LEDR[4]     ; 6.701 ; 6.827 ; 6.827 ; 6.701 ;
; KEY[0]     ; LEDR[5]     ; 7.625 ; 7.625 ; 7.625 ; 7.625 ;
; KEY[0]     ; LEDR[6]     ; 7.099 ; 7.099 ; 7.099 ; 7.099 ;
; KEY[0]     ; LEDR[7]     ; 7.084 ; 7.084 ; 7.084 ; 7.084 ;
; KEY[1]     ; LEDR[0]     ; 7.247 ; 7.230 ; 7.230 ; 7.247 ;
; KEY[1]     ; LEDR[1]     ; 6.731 ; 6.731 ; 6.731 ; 6.731 ;
; KEY[1]     ; LEDR[2]     ; 6.812 ; 6.724 ; 6.724 ; 6.812 ;
; KEY[1]     ; LEDR[3]     ; 6.289 ; 6.289 ; 6.289 ; 6.289 ;
; KEY[1]     ; LEDR[4]     ; 6.542 ; 6.542 ; 6.542 ; 6.542 ;
; KEY[1]     ; LEDR[5]     ;       ; 6.818 ; 6.818 ;       ;
; KEY[1]     ; LEDR[6]     ;       ; 6.301 ; 6.301 ;       ;
; KEY[1]     ; LEDR[7]     ;       ; 6.674 ; 6.674 ;       ;
; KEY[2]     ; LEDR[0]     ; 6.729 ; 6.729 ; 6.729 ; 6.729 ;
; KEY[2]     ; LEDR[1]     ; 6.570 ; 6.570 ; 6.570 ; 6.570 ;
; KEY[2]     ; LEDR[2]     ; 6.391 ; 6.391 ; 6.391 ; 6.391 ;
; KEY[2]     ; LEDR[3]     ; 6.045 ; 6.045 ; 6.045 ; 6.045 ;
; KEY[2]     ; LEDR[4]     ; 6.200 ; 6.200 ; 6.200 ; 6.200 ;
; KEY[2]     ; LEDR[5]     ; 6.707 ; 6.707 ; 6.707 ; 6.707 ;
; KEY[2]     ; LEDR[6]     ; 6.192 ; 6.192 ; 6.192 ; 6.192 ;
; KEY[2]     ; LEDR[7]     ; 6.654 ; 6.654 ; 6.654 ; 6.654 ;
; SW[0]      ; LEDR[0]     ; 4.895 ; 4.895 ; 4.895 ; 4.895 ;
; SW[0]      ; LEDR[1]     ; 5.152 ; 5.152 ; 5.152 ; 5.152 ;
; SW[0]      ; LEDR[2]     ; 5.628 ; 5.628 ; 5.628 ; 5.628 ;
; SW[0]      ; LEDR[3]     ; 4.919 ; 4.919 ; 4.919 ; 4.919 ;
; SW[0]      ; LEDR[4]     ; 5.208 ; 5.208 ; 5.208 ; 5.208 ;
; SW[0]      ; LEDR[5]     ; 5.557 ; 5.557 ; 5.557 ; 5.557 ;
; SW[0]      ; LEDR[6]     ; 5.015 ; 5.015 ; 5.015 ; 5.015 ;
; SW[0]      ; LEDR[7]     ; 5.472 ; 5.472 ; 5.472 ; 5.472 ;
; SW[1]      ; LEDR[0]     ; 6.049 ; 6.049 ; 6.049 ; 6.049 ;
; SW[1]      ; LEDR[1]     ; 4.652 ; 4.652 ; 4.652 ; 4.652 ;
; SW[1]      ; LEDR[2]     ; 5.689 ; 5.689 ; 5.689 ; 5.689 ;
; SW[1]      ; LEDR[3]     ; 4.975 ; 4.975 ; 4.975 ; 4.975 ;
; SW[1]      ; LEDR[4]     ; 5.264 ; 5.264 ; 5.264 ; 5.264 ;
; SW[1]      ; LEDR[5]     ; 5.613 ; 5.613 ; 5.613 ; 5.613 ;
; SW[1]      ; LEDR[6]     ; 5.071 ; 5.071 ; 5.071 ; 5.071 ;
; SW[1]      ; LEDR[7]     ; 5.528 ; 5.528 ; 5.528 ; 5.528 ;
; SW[2]      ; LEDR[0]     ; 6.125 ; 6.125 ; 6.125 ; 6.125 ;
; SW[2]      ; LEDR[1]     ; 5.588 ; 5.588 ; 5.588 ; 5.588 ;
; SW[2]      ; LEDR[2]     ; 4.527 ; 4.527 ; 4.527 ; 4.527 ;
; SW[2]      ; LEDR[3]     ; 4.856 ; 4.856 ; 4.856 ; 4.856 ;
; SW[2]      ; LEDR[4]     ; 5.145 ; 5.145 ; 5.145 ; 5.145 ;
; SW[2]      ; LEDR[5]     ; 5.494 ; 5.494 ; 5.494 ; 5.494 ;
; SW[2]      ; LEDR[6]     ; 4.952 ; 4.952 ; 4.952 ; 4.952 ;
; SW[2]      ; LEDR[7]     ; 5.409 ; 5.409 ; 5.409 ; 5.409 ;
; SW[3]      ; LEDR[0]     ; 6.377 ; 6.377 ; 6.377 ; 6.377 ;
; SW[3]      ; LEDR[1]     ; 5.840 ; 5.840 ; 5.840 ; 5.840 ;
; SW[3]      ; LEDR[2]     ; 6.037 ; 6.037 ; 6.037 ; 6.037 ;
; SW[3]      ; LEDR[3]     ; 4.472 ; 4.472 ; 4.472 ; 4.472 ;
; SW[3]      ; LEDR[4]     ; 5.277 ; 5.277 ; 5.277 ; 5.277 ;
; SW[3]      ; LEDR[5]     ; 5.626 ; 5.626 ; 5.626 ; 5.626 ;
; SW[3]      ; LEDR[6]     ; 5.084 ; 5.084 ; 5.084 ; 5.084 ;
; SW[3]      ; LEDR[7]     ; 5.541 ; 5.541 ; 5.541 ; 5.541 ;
; SW[4]      ; LEDR[0]     ; 6.490 ; 6.490 ; 6.490 ; 6.490 ;
; SW[4]      ; LEDR[1]     ; 5.953 ; 5.953 ; 5.953 ; 5.953 ;
; SW[4]      ; LEDR[2]     ; 6.152 ; 6.152 ; 6.152 ; 6.152 ;
; SW[4]      ; LEDR[3]     ; 5.832 ; 5.832 ; 5.832 ; 5.832 ;
; SW[4]      ; LEDR[4]     ; 4.724 ; 4.724 ; 4.724 ; 4.724 ;
; SW[4]      ; LEDR[5]     ; 5.651 ; 5.651 ; 5.651 ; 5.651 ;
; SW[4]      ; LEDR[6]     ; 5.109 ; 5.109 ; 5.109 ; 5.109 ;
; SW[4]      ; LEDR[7]     ; 5.566 ; 5.566 ; 5.566 ; 5.566 ;
; SW[5]      ; LEDR[0]     ; 5.815 ; 5.815 ; 5.815 ; 5.815 ;
; SW[5]      ; LEDR[1]     ; 5.224 ; 5.224 ; 5.224 ; 5.224 ;
; SW[5]      ; LEDR[2]     ; 5.444 ; 5.444 ; 5.444 ; 5.444 ;
; SW[5]      ; LEDR[3]     ; 5.105 ; 5.105 ; 5.105 ; 5.105 ;
; SW[5]      ; LEDR[4]     ; 5.103 ; 5.208 ; 5.208 ; 5.103 ;
; SW[5]      ; LEDR[5]     ; 4.912 ; 4.840 ; 4.840 ; 4.912 ;
; SW[5]      ; LEDR[6]     ; 4.830 ; 4.830 ; 4.830 ; 4.830 ;
; SW[5]      ; LEDR[7]     ; 5.287 ; 5.287 ; 5.287 ; 5.287 ;
; SW[6]      ; LEDR[0]     ; 5.893 ; 5.893 ; 5.893 ; 5.893 ;
; SW[6]      ; LEDR[1]     ; 5.290 ; 5.290 ; 5.290 ; 5.290 ;
; SW[6]      ; LEDR[2]     ; 5.510 ; 5.510 ; 5.510 ; 5.510 ;
; SW[6]      ; LEDR[3]     ; 5.171 ; 5.171 ; 5.171 ; 5.171 ;
; SW[6]      ; LEDR[4]     ; 5.169 ; 5.286 ; 5.286 ; 5.169 ;
; SW[6]      ; LEDR[6]     ; 4.406 ; 4.406 ; 4.406 ; 4.406 ;
; SW[6]      ; LEDR[7]     ; 5.255 ; 5.255 ; 5.255 ; 5.255 ;
; SW[7]      ; LEDR[0]     ; 5.790 ; 5.790 ; 5.790 ; 5.790 ;
; SW[7]      ; LEDR[1]     ; 5.304 ; 5.304 ; 5.304 ; 5.304 ;
; SW[7]      ; LEDR[2]     ; 5.419 ; 5.419 ; 5.419 ; 5.419 ;
; SW[7]      ; LEDR[3]     ; 5.080 ; 5.080 ; 5.080 ; 5.080 ;
; SW[7]      ; LEDR[4]     ; 5.078 ;       ;       ; 5.078 ;
; SW[7]      ; LEDR[7]     ; 4.948 ; 4.818 ; 4.818 ; 4.948 ;
; SW[8]      ; LEDR[0]     ; 5.267 ; 5.267 ; 5.267 ; 5.267 ;
; SW[8]      ; LEDR[1]     ; 5.438 ; 5.438 ; 5.438 ; 5.438 ;
; SW[8]      ; LEDR[2]     ; 5.844 ; 5.844 ; 5.844 ; 5.844 ;
; SW[8]      ; LEDR[3]     ; 5.205 ; 5.205 ; 5.205 ; 5.205 ;
; SW[8]      ; LEDR[4]     ; 5.494 ; 5.494 ; 5.494 ; 5.494 ;
; SW[8]      ; LEDR[5]     ; 5.843 ; 5.843 ; 5.843 ; 5.843 ;
; SW[8]      ; LEDR[6]     ; 5.301 ; 5.301 ; 5.301 ; 5.301 ;
; SW[8]      ; LEDR[7]     ; 5.758 ; 5.758 ; 5.758 ; 5.758 ;
; SW[9]      ; LEDR[0]     ; 5.982 ; 5.982 ; 5.982 ; 5.982 ;
; SW[9]      ; LEDR[1]     ; 4.909 ; 4.909 ; 4.909 ; 4.909 ;
; SW[9]      ; LEDR[2]     ; 5.786 ; 5.786 ; 5.786 ; 5.786 ;
; SW[9]      ; LEDR[3]     ; 5.072 ; 5.072 ; 5.072 ; 5.072 ;
; SW[9]      ; LEDR[4]     ; 5.361 ; 5.361 ; 5.361 ; 5.361 ;
; SW[9]      ; LEDR[5]     ; 5.710 ; 5.710 ; 5.710 ; 5.710 ;
; SW[9]      ; LEDR[6]     ; 5.168 ; 5.168 ; 5.168 ; 5.168 ;
; SW[9]      ; LEDR[7]     ; 5.625 ; 5.625 ; 5.625 ; 5.625 ;
; SW[10]     ; LEDR[0]     ; 5.830 ; 5.830 ; 5.830 ; 5.830 ;
; SW[10]     ; LEDR[1]     ; 5.727 ; 5.727 ; 5.727 ; 5.727 ;
; SW[10]     ; LEDR[2]     ; 4.490 ; 4.490 ; 4.490 ; 4.490 ;
; SW[10]     ; LEDR[3]     ; 4.858 ; 4.858 ; 4.858 ; 4.858 ;
; SW[10]     ; LEDR[4]     ; 5.147 ; 5.147 ; 5.147 ; 5.147 ;
; SW[10]     ; LEDR[5]     ; 5.496 ; 5.496 ; 5.496 ; 5.496 ;
; SW[10]     ; LEDR[6]     ; 4.954 ; 4.954 ; 4.954 ; 4.954 ;
; SW[10]     ; LEDR[7]     ; 5.411 ; 5.411 ; 5.411 ; 5.411 ;
; SW[11]     ; LEDR[0]     ; 5.520 ; 5.520 ; 5.520 ; 5.520 ;
; SW[11]     ; LEDR[1]     ; 5.417 ; 5.417 ; 5.417 ; 5.417 ;
; SW[11]     ; LEDR[2]     ; 5.355 ; 5.355 ; 5.355 ; 5.355 ;
; SW[11]     ; LEDR[3]     ; 4.190 ; 4.190 ; 4.190 ; 4.190 ;
; SW[11]     ; LEDR[4]     ; 5.102 ; 5.102 ; 5.102 ; 5.102 ;
; SW[11]     ; LEDR[5]     ; 5.451 ; 5.451 ; 5.451 ; 5.451 ;
; SW[11]     ; LEDR[6]     ; 4.909 ; 4.909 ; 4.909 ; 4.909 ;
; SW[11]     ; LEDR[7]     ; 5.366 ; 5.366 ; 5.366 ; 5.366 ;
; SW[12]     ; LEDR[0]     ; 5.579 ; 5.579 ; 5.579 ; 5.579 ;
; SW[12]     ; LEDR[1]     ; 5.476 ; 5.476 ; 5.476 ; 5.476 ;
; SW[12]     ; LEDR[2]     ; 5.414 ; 5.414 ; 5.414 ; 5.414 ;
; SW[12]     ; LEDR[3]     ; 4.835 ; 4.835 ; 4.835 ; 4.835 ;
; SW[12]     ; LEDR[4]     ; 4.366 ; 4.366 ; 4.366 ; 4.366 ;
; SW[12]     ; LEDR[5]     ; 5.352 ; 5.352 ; 5.352 ; 5.352 ;
; SW[12]     ; LEDR[6]     ; 4.810 ; 4.810 ; 4.810 ; 4.810 ;
; SW[12]     ; LEDR[7]     ; 5.267 ; 5.267 ; 5.267 ; 5.267 ;
; SW[13]     ; LEDR[0]     ; 8.299 ; 8.299 ; 8.299 ; 8.299 ;
; SW[13]     ; LEDR[1]     ; 8.196 ; 8.196 ; 8.196 ; 8.196 ;
; SW[13]     ; LEDR[2]     ; 8.134 ; 8.134 ; 8.134 ; 8.134 ;
; SW[13]     ; LEDR[3]     ; 7.555 ; 7.555 ; 7.555 ; 7.555 ;
; SW[13]     ; LEDR[4]     ; 8.407 ; 8.407 ; 8.407 ; 8.407 ;
; SW[13]     ; LEDR[5]     ; 7.618 ; 7.616 ; 7.616 ; 7.618 ;
; SW[13]     ; LEDR[6]     ; 7.544 ; 7.544 ; 7.544 ; 7.544 ;
; SW[13]     ; LEDR[7]     ; 8.001 ; 8.001 ; 8.001 ; 8.001 ;
; SW[14]     ; LEDR[0]     ; 8.130 ; 8.130 ; 8.130 ; 8.130 ;
; SW[14]     ; LEDR[1]     ; 8.028 ; 8.028 ; 8.028 ; 8.028 ;
; SW[14]     ; LEDR[2]     ; 8.090 ; 8.090 ; 8.090 ; 8.090 ;
; SW[14]     ; LEDR[3]     ; 7.517 ; 8.423 ; 8.423 ; 7.517 ;
; SW[14]     ; LEDR[4]     ; 8.507 ; 8.507 ; 8.507 ; 8.507 ;
; SW[14]     ; LEDR[6]     ; 7.087 ; 7.087 ; 7.087 ; 7.087 ;
; SW[14]     ; LEDR[7]     ; 7.960 ; 7.960 ; 7.960 ; 7.960 ;
; SW[15]     ; LEDR[0]     ; 8.010 ; 8.010 ; 8.010 ; 8.010 ;
; SW[15]     ; LEDR[1]     ; 7.907 ; 7.907 ; 7.907 ; 7.907 ;
; SW[15]     ; LEDR[2]     ; 7.969 ; 7.969 ; 7.969 ; 7.969 ;
; SW[15]     ; LEDR[3]     ; 7.396 ; 8.302 ; 8.302 ; 7.396 ;
; SW[15]     ; LEDR[4]     ; 8.386 ; 8.386 ; 8.386 ; 8.386 ;
; SW[15]     ; LEDR[7]     ; 7.512 ; 7.383 ; 7.383 ; 7.512 ;
+------------+-------------+-------+-------+-------+-------+


+----------------------------------------------------------------------------+
; Multicorner Timing Analysis Summary                                        ;
+------------------+-------+------+----------+---------+---------------------+
; Clock            ; Setup ; Hold ; Recovery ; Removal ; Minimum Pulse Width ;
+------------------+-------+------+----------+---------+---------------------+
; Worst-case Slack ; N/A   ; N/A  ; N/A      ; N/A     ; N/A                 ;
; Design-wide TNS  ; 0.0   ; 0.0  ; 0.0      ; 0.0     ; 0.0                 ;
+------------------+-------+------+----------+---------+---------------------+


+--------------------------------------------------------------+
; Progagation Delay                                            ;
+------------+-------------+--------+--------+--------+--------+
; Input Port ; Output Port ; RR     ; RF     ; FR     ; FF     ;
+------------+-------------+--------+--------+--------+--------+
; KEY[0]     ; LEDR[0]     ; 18.880 ; 18.880 ; 18.880 ; 18.880 ;
; KEY[0]     ; LEDR[1]     ; 17.304 ; 17.304 ; 17.304 ; 17.304 ;
; KEY[0]     ; LEDR[2]     ; 17.673 ; 17.673 ; 17.673 ; 17.673 ;
; KEY[0]     ; LEDR[3]     ; 15.556 ; 15.556 ; 15.556 ; 15.556 ;
; KEY[0]     ; LEDR[4]     ; 16.592 ; 16.592 ; 16.592 ; 16.592 ;
; KEY[0]     ; LEDR[5]     ; 18.257 ; 18.257 ; 18.257 ; 18.257 ;
; KEY[0]     ; LEDR[6]     ; 16.412 ; 16.412 ; 16.412 ; 16.412 ;
; KEY[0]     ; LEDR[7]     ; 17.045 ; 17.045 ; 17.045 ; 17.045 ;
; KEY[1]     ; LEDR[0]     ; 18.194 ; 18.194 ; 18.194 ; 18.194 ;
; KEY[1]     ; LEDR[1]     ; 15.816 ; 15.816 ; 15.816 ; 15.816 ;
; KEY[1]     ; LEDR[2]     ; 16.664 ; 16.664 ; 16.664 ; 16.664 ;
; KEY[1]     ; LEDR[3]     ; 14.549 ; 14.549 ; 14.549 ; 14.549 ;
; KEY[1]     ; LEDR[4]     ; 14.697 ; 15.915 ; 15.915 ; 14.697 ;
; KEY[1]     ; LEDR[5]     ;        ; 16.766 ; 16.766 ;        ;
; KEY[1]     ; LEDR[6]     ;        ; 14.877 ; 14.877 ;        ;
; KEY[1]     ; LEDR[7]     ;        ; 16.550 ; 16.550 ;        ;
; KEY[2]     ; LEDR[0]     ; 15.504 ; 15.504 ; 15.504 ; 15.504 ;
; KEY[2]     ; LEDR[1]     ; 14.845 ; 14.845 ; 14.845 ; 14.845 ;
; KEY[2]     ; LEDR[2]     ; 14.208 ; 14.208 ; 14.208 ; 14.208 ;
; KEY[2]     ; LEDR[3]     ; 13.275 ; 13.275 ; 13.275 ; 13.275 ;
; KEY[2]     ; LEDR[4]     ; 13.698 ; 13.698 ; 13.698 ; 13.698 ;
; KEY[2]     ; LEDR[5]     ; 15.467 ; 15.467 ; 15.467 ; 15.467 ;
; KEY[2]     ; LEDR[6]     ; 13.619 ; 13.619 ; 13.619 ; 13.619 ;
; KEY[2]     ; LEDR[7]     ; 15.373 ; 15.373 ; 15.373 ; 15.373 ;
; SW[0]      ; LEDR[0]     ; 16.660 ; 16.660 ; 16.660 ; 16.660 ;
; SW[0]      ; LEDR[1]     ; 15.305 ; 15.305 ; 15.305 ; 15.305 ;
; SW[0]      ; LEDR[2]     ; 16.056 ; 16.056 ; 16.056 ; 16.056 ;
; SW[0]      ; LEDR[3]     ; 15.338 ; 15.338 ; 15.338 ; 15.338 ;
; SW[0]      ; LEDR[4]     ; 15.382 ; 15.382 ; 15.382 ; 15.382 ;
; SW[0]      ; LEDR[5]     ; 15.286 ; 15.286 ; 15.286 ; 15.286 ;
; SW[0]      ; LEDR[6]     ; 13.307 ; 13.307 ; 13.307 ; 13.307 ;
; SW[0]      ; LEDR[7]     ; 14.982 ; 14.982 ; 14.982 ; 14.982 ;
; SW[1]      ; LEDR[0]     ; 17.083 ; 17.083 ; 17.083 ; 17.083 ;
; SW[1]      ; LEDR[1]     ; 15.700 ; 15.700 ; 15.700 ; 15.700 ;
; SW[1]      ; LEDR[2]     ; 16.451 ; 16.451 ; 16.451 ; 16.451 ;
; SW[1]      ; LEDR[3]     ; 15.418 ; 15.418 ; 15.418 ; 15.418 ;
; SW[1]      ; LEDR[4]     ; 15.576 ; 15.576 ; 15.576 ; 15.576 ;
; SW[1]      ; LEDR[5]     ; 15.399 ; 15.399 ; 15.399 ; 15.399 ;
; SW[1]      ; LEDR[6]     ; 13.420 ; 13.420 ; 13.420 ; 13.420 ;
; SW[1]      ; LEDR[7]     ; 15.095 ; 15.095 ; 15.095 ; 15.095 ;
; SW[2]      ; LEDR[0]     ; 17.300 ; 17.300 ; 17.300 ; 17.300 ;
; SW[2]      ; LEDR[1]     ; 15.917 ; 15.917 ; 15.917 ; 15.917 ;
; SW[2]      ; LEDR[2]     ; 16.668 ; 16.668 ; 16.668 ; 16.668 ;
; SW[2]      ; LEDR[3]     ; 15.635 ; 15.635 ; 15.635 ; 15.635 ;
; SW[2]      ; LEDR[4]     ; 15.793 ; 15.793 ; 15.793 ; 15.793 ;
; SW[2]      ; LEDR[5]     ; 14.992 ; 14.992 ; 14.992 ; 14.992 ;
; SW[2]      ; LEDR[6]     ; 13.013 ; 13.013 ; 13.013 ; 13.013 ;
; SW[2]      ; LEDR[7]     ; 14.688 ; 14.688 ; 14.688 ; 14.688 ;
; SW[3]      ; LEDR[0]     ; 18.051 ; 18.051 ; 18.051 ; 18.051 ;
; SW[3]      ; LEDR[1]     ; 16.668 ; 16.668 ; 16.668 ; 16.668 ;
; SW[3]      ; LEDR[2]     ; 17.419 ; 17.419 ; 17.419 ; 17.419 ;
; SW[3]      ; LEDR[3]     ; 16.386 ; 16.386 ; 16.386 ; 16.386 ;
; SW[3]      ; LEDR[4]     ; 16.510 ; 16.510 ; 16.510 ; 16.510 ;
; SW[3]      ; LEDR[5]     ; 15.365 ; 15.365 ; 15.365 ; 15.365 ;
; SW[3]      ; LEDR[6]     ; 13.386 ; 13.386 ; 13.386 ; 13.386 ;
; SW[3]      ; LEDR[7]     ; 15.061 ; 15.061 ; 15.061 ; 15.061 ;
; SW[4]      ; LEDR[0]     ; 18.156 ; 18.156 ; 18.156 ; 18.156 ;
; SW[4]      ; LEDR[1]     ; 16.773 ; 16.773 ; 16.773 ; 16.773 ;
; SW[4]      ; LEDR[2]     ; 17.524 ; 17.524 ; 17.524 ; 17.524 ;
; SW[4]      ; LEDR[3]     ; 16.491 ; 16.491 ; 16.491 ; 16.491 ;
; SW[4]      ; LEDR[4]     ; 16.613 ; 16.613 ; 16.613 ; 16.613 ;
; SW[4]      ; LEDR[5]     ; 15.270 ; 15.270 ; 15.270 ; 15.270 ;
; SW[4]      ; LEDR[6]     ; 13.291 ; 13.291 ; 13.291 ; 13.291 ;
; SW[4]      ; LEDR[7]     ; 14.966 ; 14.966 ; 14.966 ; 14.966 ;
; SW[5]      ; LEDR[0]     ; 16.229 ; 16.229 ; 16.229 ; 16.229 ;
; SW[5]      ; LEDR[1]     ; 14.834 ; 14.834 ; 14.834 ; 14.834 ;
; SW[5]      ; LEDR[2]     ; 15.193 ; 15.193 ; 15.193 ; 15.193 ;
; SW[5]      ; LEDR[3]     ; 14.160 ; 14.160 ; 14.160 ; 14.160 ;
; SW[5]      ; LEDR[4]     ; 13.986 ; 13.986 ; 13.986 ; 13.986 ;
; SW[5]      ; LEDR[5]     ; 14.422 ; 14.422 ; 14.422 ; 14.422 ;
; SW[5]      ; LEDR[6]     ; 12.837 ; 12.837 ; 12.837 ; 12.837 ;
; SW[5]      ; LEDR[7]     ; 14.512 ; 14.512 ; 14.512 ; 14.512 ;
; SW[6]      ; LEDR[0]     ; 16.420 ; 16.420 ; 16.420 ; 16.420 ;
; SW[6]      ; LEDR[1]     ; 15.025 ; 15.025 ; 15.025 ; 15.025 ;
; SW[6]      ; LEDR[2]     ; 15.384 ; 15.384 ; 15.384 ; 15.384 ;
; SW[6]      ; LEDR[3]     ; 14.351 ; 14.351 ; 14.351 ; 14.351 ;
; SW[6]      ; LEDR[4]     ; 14.177 ; 14.177 ; 14.177 ; 14.177 ;
; SW[6]      ; LEDR[6]     ; 12.251 ; 12.251 ; 12.251 ; 12.251 ;
; SW[6]      ; LEDR[7]     ; 14.317 ; 14.317 ; 14.317 ; 14.317 ;
; SW[7]      ; LEDR[0]     ; 15.697 ; 15.697 ; 15.697 ; 15.697 ;
; SW[7]      ; LEDR[1]     ; 13.908 ; 13.908 ; 13.908 ; 13.908 ;
; SW[7]      ; LEDR[2]     ; 14.267 ; 14.267 ; 14.267 ; 14.267 ;
; SW[7]      ; LEDR[3]     ; 13.234 ; 13.234 ; 13.234 ; 13.234 ;
; SW[7]      ; LEDR[4]     ; 13.060 ;        ;        ; 13.060 ;
; SW[7]      ; LEDR[7]     ; 14.266 ; 14.266 ; 14.266 ; 14.266 ;
; SW[8]      ; LEDR[0]     ; 20.108 ; 20.108 ; 20.108 ; 20.108 ;
; SW[8]      ; LEDR[1]     ; 18.752 ; 18.752 ; 18.752 ; 18.752 ;
; SW[8]      ; LEDR[2]     ; 19.777 ; 19.777 ; 19.777 ; 19.777 ;
; SW[8]      ; LEDR[3]     ; 19.359 ; 19.359 ; 19.359 ; 19.359 ;
; SW[8]      ; LEDR[4]     ; 19.579 ; 19.579 ; 19.579 ; 19.579 ;
; SW[8]      ; LEDR[5]     ; 15.830 ; 15.830 ; 15.830 ; 15.830 ;
; SW[8]      ; LEDR[6]     ; 13.851 ; 13.851 ; 13.851 ; 13.851 ;
; SW[8]      ; LEDR[7]     ; 15.526 ; 15.526 ; 15.526 ; 15.526 ;
; SW[9]      ; LEDR[0]     ; 19.939 ; 19.939 ; 19.939 ; 19.939 ;
; SW[9]      ; LEDR[1]     ; 18.583 ; 18.583 ; 18.583 ; 18.583 ;
; SW[9]      ; LEDR[2]     ; 19.608 ; 19.608 ; 19.608 ; 19.608 ;
; SW[9]      ; LEDR[3]     ; 19.190 ; 19.190 ; 19.190 ; 19.190 ;
; SW[9]      ; LEDR[4]     ; 19.410 ; 19.410 ; 19.410 ; 19.410 ;
; SW[9]      ; LEDR[5]     ; 15.325 ; 15.325 ; 15.325 ; 15.325 ;
; SW[9]      ; LEDR[6]     ; 13.346 ; 13.346 ; 13.346 ; 13.346 ;
; SW[9]      ; LEDR[7]     ; 15.021 ; 15.021 ; 15.021 ; 15.021 ;
; SW[10]     ; LEDR[0]     ; 19.727 ; 19.727 ; 19.727 ; 19.727 ;
; SW[10]     ; LEDR[1]     ; 18.371 ; 18.371 ; 18.371 ; 18.371 ;
; SW[10]     ; LEDR[2]     ; 19.397 ; 19.397 ; 19.397 ; 19.397 ;
; SW[10]     ; LEDR[3]     ; 18.979 ; 18.979 ; 18.979 ; 18.979 ;
; SW[10]     ; LEDR[4]     ; 19.199 ; 19.199 ; 19.199 ; 19.199 ;
; SW[10]     ; LEDR[5]     ; 14.947 ; 14.947 ; 14.947 ; 14.947 ;
; SW[10]     ; LEDR[6]     ; 12.968 ; 12.968 ; 12.968 ; 12.968 ;
; SW[10]     ; LEDR[7]     ; 14.643 ; 14.643 ; 14.643 ; 14.643 ;
; SW[11]     ; LEDR[0]     ; 18.694 ; 18.694 ; 18.694 ; 18.694 ;
; SW[11]     ; LEDR[1]     ; 17.338 ; 17.338 ; 17.338 ; 17.338 ;
; SW[11]     ; LEDR[2]     ; 18.240 ; 18.240 ; 18.240 ; 18.240 ;
; SW[11]     ; LEDR[3]     ; 17.822 ; 17.822 ; 17.822 ; 17.822 ;
; SW[11]     ; LEDR[4]     ; 18.042 ; 18.042 ; 18.042 ; 18.042 ;
; SW[11]     ; LEDR[5]     ; 14.901 ; 14.901 ; 14.901 ; 14.901 ;
; SW[11]     ; LEDR[6]     ; 12.922 ; 12.922 ; 12.922 ; 12.922 ;
; SW[11]     ; LEDR[7]     ; 14.597 ; 14.597 ; 14.597 ; 14.597 ;
; SW[12]     ; LEDR[0]     ; 18.878 ; 18.878 ; 18.878 ; 18.878 ;
; SW[12]     ; LEDR[1]     ; 17.522 ; 17.522 ; 17.522 ; 17.522 ;
; SW[12]     ; LEDR[2]     ; 18.418 ; 18.418 ; 18.418 ; 18.418 ;
; SW[12]     ; LEDR[3]     ; 18.000 ; 18.000 ; 18.000 ; 18.000 ;
; SW[12]     ; LEDR[4]     ; 18.220 ; 18.220 ; 18.220 ; 18.220 ;
; SW[12]     ; LEDR[5]     ; 14.652 ; 14.652 ; 14.652 ; 14.652 ;
; SW[12]     ; LEDR[6]     ; 12.673 ; 12.673 ; 12.673 ; 12.673 ;
; SW[12]     ; LEDR[7]     ; 14.348 ; 14.348 ; 14.348 ; 14.348 ;
; SW[13]     ; LEDR[0]     ; 24.210 ; 24.210 ; 24.210 ; 24.210 ;
; SW[13]     ; LEDR[1]     ; 22.854 ; 22.854 ; 22.854 ; 22.854 ;
; SW[13]     ; LEDR[2]     ; 23.758 ; 23.758 ; 23.758 ; 23.758 ;
; SW[13]     ; LEDR[3]     ; 23.340 ; 23.340 ; 23.340 ; 23.340 ;
; SW[13]     ; LEDR[4]     ; 23.560 ; 23.560 ; 23.560 ; 23.560 ;
; SW[13]     ; LEDR[5]     ; 19.598 ; 19.598 ; 19.598 ; 19.598 ;
; SW[13]     ; LEDR[6]     ; 18.020 ; 18.020 ; 18.020 ; 18.020 ;
; SW[13]     ; LEDR[7]     ; 19.695 ; 19.695 ; 19.695 ; 19.695 ;
; SW[14]     ; LEDR[0]     ; 23.615 ; 23.615 ; 23.615 ; 23.615 ;
; SW[14]     ; LEDR[1]     ; 22.259 ; 22.259 ; 22.259 ; 22.259 ;
; SW[14]     ; LEDR[2]     ; 23.010 ; 23.010 ; 23.010 ; 23.010 ;
; SW[14]     ; LEDR[3]     ; 22.292 ; 22.292 ; 22.292 ; 22.292 ;
; SW[14]     ; LEDR[4]     ; 22.352 ; 22.352 ; 22.352 ; 22.352 ;
; SW[14]     ; LEDR[6]     ; 17.515 ; 17.515 ; 17.515 ; 17.515 ;
; SW[14]     ; LEDR[7]     ; 19.582 ; 19.582 ; 19.582 ; 19.582 ;
; SW[15]     ; LEDR[0]     ; 23.275 ; 23.275 ; 23.275 ; 23.275 ;
; SW[15]     ; LEDR[1]     ; 21.919 ; 21.919 ; 21.919 ; 21.919 ;
; SW[15]     ; LEDR[2]     ; 22.670 ; 22.670 ; 22.670 ; 22.670 ;
; SW[15]     ; LEDR[3]     ; 21.952 ; 21.952 ; 21.952 ; 21.952 ;
; SW[15]     ; LEDR[4]     ; 22.014 ; 22.014 ; 22.014 ; 22.014 ;
; SW[15]     ; LEDR[7]     ; 19.071 ; 19.071 ; 19.071 ; 19.071 ;
+------------+-------------+--------+--------+--------+--------+


+----------------------------------------------------------+
; Minimum Progagation Delay                                ;
+------------+-------------+-------+-------+-------+-------+
; Input Port ; Output Port ; RR    ; RF    ; FR    ; FF    ;
+------------+-------------+-------+-------+-------+-------+
; KEY[0]     ; LEDR[0]     ; 7.469 ; 7.469 ; 7.469 ; 7.469 ;
; KEY[0]     ; LEDR[1]     ; 7.373 ; 7.373 ; 7.373 ; 7.373 ;
; KEY[0]     ; LEDR[2]     ; 7.233 ; 7.233 ; 7.233 ; 7.233 ;
; KEY[0]     ; LEDR[3]     ; 6.748 ; 6.748 ; 6.748 ; 6.748 ;
; KEY[0]     ; LEDR[4]     ; 6.701 ; 6.827 ; 6.827 ; 6.701 ;
; KEY[0]     ; LEDR[5]     ; 7.625 ; 7.625 ; 7.625 ; 7.625 ;
; KEY[0]     ; LEDR[6]     ; 7.099 ; 7.099 ; 7.099 ; 7.099 ;
; KEY[0]     ; LEDR[7]     ; 7.084 ; 7.084 ; 7.084 ; 7.084 ;
; KEY[1]     ; LEDR[0]     ; 7.247 ; 7.230 ; 7.230 ; 7.247 ;
; KEY[1]     ; LEDR[1]     ; 6.731 ; 6.731 ; 6.731 ; 6.731 ;
; KEY[1]     ; LEDR[2]     ; 6.812 ; 6.724 ; 6.724 ; 6.812 ;
; KEY[1]     ; LEDR[3]     ; 6.289 ; 6.289 ; 6.289 ; 6.289 ;
; KEY[1]     ; LEDR[4]     ; 6.542 ; 6.542 ; 6.542 ; 6.542 ;
; KEY[1]     ; LEDR[5]     ;       ; 6.818 ; 6.818 ;       ;
; KEY[1]     ; LEDR[6]     ;       ; 6.301 ; 6.301 ;       ;
; KEY[1]     ; LEDR[7]     ;       ; 6.674 ; 6.674 ;       ;
; KEY[2]     ; LEDR[0]     ; 6.729 ; 6.729 ; 6.729 ; 6.729 ;
; KEY[2]     ; LEDR[1]     ; 6.570 ; 6.570 ; 6.570 ; 6.570 ;
; KEY[2]     ; LEDR[2]     ; 6.391 ; 6.391 ; 6.391 ; 6.391 ;
; KEY[2]     ; LEDR[3]     ; 6.045 ; 6.045 ; 6.045 ; 6.045 ;
; KEY[2]     ; LEDR[4]     ; 6.200 ; 6.200 ; 6.200 ; 6.200 ;
; KEY[2]     ; LEDR[5]     ; 6.707 ; 6.707 ; 6.707 ; 6.707 ;
; KEY[2]     ; LEDR[6]     ; 6.192 ; 6.192 ; 6.192 ; 6.192 ;
; KEY[2]     ; LEDR[7]     ; 6.654 ; 6.654 ; 6.654 ; 6.654 ;
; SW[0]      ; LEDR[0]     ; 4.895 ; 4.895 ; 4.895 ; 4.895 ;
; SW[0]      ; LEDR[1]     ; 5.152 ; 5.152 ; 5.152 ; 5.152 ;
; SW[0]      ; LEDR[2]     ; 5.628 ; 5.628 ; 5.628 ; 5.628 ;
; SW[0]      ; LEDR[3]     ; 4.919 ; 4.919 ; 4.919 ; 4.919 ;
; SW[0]      ; LEDR[4]     ; 5.208 ; 5.208 ; 5.208 ; 5.208 ;
; SW[0]      ; LEDR[5]     ; 5.557 ; 5.557 ; 5.557 ; 5.557 ;
; SW[0]      ; LEDR[6]     ; 5.015 ; 5.015 ; 5.015 ; 5.015 ;
; SW[0]      ; LEDR[7]     ; 5.472 ; 5.472 ; 5.472 ; 5.472 ;
; SW[1]      ; LEDR[0]     ; 6.049 ; 6.049 ; 6.049 ; 6.049 ;
; SW[1]      ; LEDR[1]     ; 4.652 ; 4.652 ; 4.652 ; 4.652 ;
; SW[1]      ; LEDR[2]     ; 5.689 ; 5.689 ; 5.689 ; 5.689 ;
; SW[1]      ; LEDR[3]     ; 4.975 ; 4.975 ; 4.975 ; 4.975 ;
; SW[1]      ; LEDR[4]     ; 5.264 ; 5.264 ; 5.264 ; 5.264 ;
; SW[1]      ; LEDR[5]     ; 5.613 ; 5.613 ; 5.613 ; 5.613 ;
; SW[1]      ; LEDR[6]     ; 5.071 ; 5.071 ; 5.071 ; 5.071 ;
; SW[1]      ; LEDR[7]     ; 5.528 ; 5.528 ; 5.528 ; 5.528 ;
; SW[2]      ; LEDR[0]     ; 6.125 ; 6.125 ; 6.125 ; 6.125 ;
; SW[2]      ; LEDR[1]     ; 5.588 ; 5.588 ; 5.588 ; 5.588 ;
; SW[2]      ; LEDR[2]     ; 4.527 ; 4.527 ; 4.527 ; 4.527 ;
; SW[2]      ; LEDR[3]     ; 4.856 ; 4.856 ; 4.856 ; 4.856 ;
; SW[2]      ; LEDR[4]     ; 5.145 ; 5.145 ; 5.145 ; 5.145 ;
; SW[2]      ; LEDR[5]     ; 5.494 ; 5.494 ; 5.494 ; 5.494 ;
; SW[2]      ; LEDR[6]     ; 4.952 ; 4.952 ; 4.952 ; 4.952 ;
; SW[2]      ; LEDR[7]     ; 5.409 ; 5.409 ; 5.409 ; 5.409 ;
; SW[3]      ; LEDR[0]     ; 6.377 ; 6.377 ; 6.377 ; 6.377 ;
; SW[3]      ; LEDR[1]     ; 5.840 ; 5.840 ; 5.840 ; 5.840 ;
; SW[3]      ; LEDR[2]     ; 6.037 ; 6.037 ; 6.037 ; 6.037 ;
; SW[3]      ; LEDR[3]     ; 4.472 ; 4.472 ; 4.472 ; 4.472 ;
; SW[3]      ; LEDR[4]     ; 5.277 ; 5.277 ; 5.277 ; 5.277 ;
; SW[3]      ; LEDR[5]     ; 5.626 ; 5.626 ; 5.626 ; 5.626 ;
; SW[3]      ; LEDR[6]     ; 5.084 ; 5.084 ; 5.084 ; 5.084 ;
; SW[3]      ; LEDR[7]     ; 5.541 ; 5.541 ; 5.541 ; 5.541 ;
; SW[4]      ; LEDR[0]     ; 6.490 ; 6.490 ; 6.490 ; 6.490 ;
; SW[4]      ; LEDR[1]     ; 5.953 ; 5.953 ; 5.953 ; 5.953 ;
; SW[4]      ; LEDR[2]     ; 6.152 ; 6.152 ; 6.152 ; 6.152 ;
; SW[4]      ; LEDR[3]     ; 5.832 ; 5.832 ; 5.832 ; 5.832 ;
; SW[4]      ; LEDR[4]     ; 4.724 ; 4.724 ; 4.724 ; 4.724 ;
; SW[4]      ; LEDR[5]     ; 5.651 ; 5.651 ; 5.651 ; 5.651 ;
; SW[4]      ; LEDR[6]     ; 5.109 ; 5.109 ; 5.109 ; 5.109 ;
; SW[4]      ; LEDR[7]     ; 5.566 ; 5.566 ; 5.566 ; 5.566 ;
; SW[5]      ; LEDR[0]     ; 5.815 ; 5.815 ; 5.815 ; 5.815 ;
; SW[5]      ; LEDR[1]     ; 5.224 ; 5.224 ; 5.224 ; 5.224 ;
; SW[5]      ; LEDR[2]     ; 5.444 ; 5.444 ; 5.444 ; 5.444 ;
; SW[5]      ; LEDR[3]     ; 5.105 ; 5.105 ; 5.105 ; 5.105 ;
; SW[5]      ; LEDR[4]     ; 5.103 ; 5.208 ; 5.208 ; 5.103 ;
; SW[5]      ; LEDR[5]     ; 4.912 ; 4.840 ; 4.840 ; 4.912 ;
; SW[5]      ; LEDR[6]     ; 4.830 ; 4.830 ; 4.830 ; 4.830 ;
; SW[5]      ; LEDR[7]     ; 5.287 ; 5.287 ; 5.287 ; 5.287 ;
; SW[6]      ; LEDR[0]     ; 5.893 ; 5.893 ; 5.893 ; 5.893 ;
; SW[6]      ; LEDR[1]     ; 5.290 ; 5.290 ; 5.290 ; 5.290 ;
; SW[6]      ; LEDR[2]     ; 5.510 ; 5.510 ; 5.510 ; 5.510 ;
; SW[6]      ; LEDR[3]     ; 5.171 ; 5.171 ; 5.171 ; 5.171 ;
; SW[6]      ; LEDR[4]     ; 5.169 ; 5.286 ; 5.286 ; 5.169 ;
; SW[6]      ; LEDR[6]     ; 4.406 ; 4.406 ; 4.406 ; 4.406 ;
; SW[6]      ; LEDR[7]     ; 5.255 ; 5.255 ; 5.255 ; 5.255 ;
; SW[7]      ; LEDR[0]     ; 5.790 ; 5.790 ; 5.790 ; 5.790 ;
; SW[7]      ; LEDR[1]     ; 5.304 ; 5.304 ; 5.304 ; 5.304 ;
; SW[7]      ; LEDR[2]     ; 5.419 ; 5.419 ; 5.419 ; 5.419 ;
; SW[7]      ; LEDR[3]     ; 5.080 ; 5.080 ; 5.080 ; 5.080 ;
; SW[7]      ; LEDR[4]     ; 5.078 ;       ;       ; 5.078 ;
; SW[7]      ; LEDR[7]     ; 4.948 ; 4.818 ; 4.818 ; 4.948 ;
; SW[8]      ; LEDR[0]     ; 5.267 ; 5.267 ; 5.267 ; 5.267 ;
; SW[8]      ; LEDR[1]     ; 5.438 ; 5.438 ; 5.438 ; 5.438 ;
; SW[8]      ; LEDR[2]     ; 5.844 ; 5.844 ; 5.844 ; 5.844 ;
; SW[8]      ; LEDR[3]     ; 5.205 ; 5.205 ; 5.205 ; 5.205 ;
; SW[8]      ; LEDR[4]     ; 5.494 ; 5.494 ; 5.494 ; 5.494 ;
; SW[8]      ; LEDR[5]     ; 5.843 ; 5.843 ; 5.843 ; 5.843 ;
; SW[8]      ; LEDR[6]     ; 5.301 ; 5.301 ; 5.301 ; 5.301 ;
; SW[8]      ; LEDR[7]     ; 5.758 ; 5.758 ; 5.758 ; 5.758 ;
; SW[9]      ; LEDR[0]     ; 5.982 ; 5.982 ; 5.982 ; 5.982 ;
; SW[9]      ; LEDR[1]     ; 4.909 ; 4.909 ; 4.909 ; 4.909 ;
; SW[9]      ; LEDR[2]     ; 5.786 ; 5.786 ; 5.786 ; 5.786 ;
; SW[9]      ; LEDR[3]     ; 5.072 ; 5.072 ; 5.072 ; 5.072 ;
; SW[9]      ; LEDR[4]     ; 5.361 ; 5.361 ; 5.361 ; 5.361 ;
; SW[9]      ; LEDR[5]     ; 5.710 ; 5.710 ; 5.710 ; 5.710 ;
; SW[9]      ; LEDR[6]     ; 5.168 ; 5.168 ; 5.168 ; 5.168 ;
; SW[9]      ; LEDR[7]     ; 5.625 ; 5.625 ; 5.625 ; 5.625 ;
; SW[10]     ; LEDR[0]     ; 5.830 ; 5.830 ; 5.830 ; 5.830 ;
; SW[10]     ; LEDR[1]     ; 5.727 ; 5.727 ; 5.727 ; 5.727 ;
; SW[10]     ; LEDR[2]     ; 4.490 ; 4.490 ; 4.490 ; 4.490 ;
; SW[10]     ; LEDR[3]     ; 4.858 ; 4.858 ; 4.858 ; 4.858 ;
; SW[10]     ; LEDR[4]     ; 5.147 ; 5.147 ; 5.147 ; 5.147 ;
; SW[10]     ; LEDR[5]     ; 5.496 ; 5.496 ; 5.496 ; 5.496 ;
; SW[10]     ; LEDR[6]     ; 4.954 ; 4.954 ; 4.954 ; 4.954 ;
; SW[10]     ; LEDR[7]     ; 5.411 ; 5.411 ; 5.411 ; 5.411 ;
; SW[11]     ; LEDR[0]     ; 5.520 ; 5.520 ; 5.520 ; 5.520 ;
; SW[11]     ; LEDR[1]     ; 5.417 ; 5.417 ; 5.417 ; 5.417 ;
; SW[11]     ; LEDR[2]     ; 5.355 ; 5.355 ; 5.355 ; 5.355 ;
; SW[11]     ; LEDR[3]     ; 4.190 ; 4.190 ; 4.190 ; 4.190 ;
; SW[11]     ; LEDR[4]     ; 5.102 ; 5.102 ; 5.102 ; 5.102 ;
; SW[11]     ; LEDR[5]     ; 5.451 ; 5.451 ; 5.451 ; 5.451 ;
; SW[11]     ; LEDR[6]     ; 4.909 ; 4.909 ; 4.909 ; 4.909 ;
; SW[11]     ; LEDR[7]     ; 5.366 ; 5.366 ; 5.366 ; 5.366 ;
; SW[12]     ; LEDR[0]     ; 5.579 ; 5.579 ; 5.579 ; 5.579 ;
; SW[12]     ; LEDR[1]     ; 5.476 ; 5.476 ; 5.476 ; 5.476 ;
; SW[12]     ; LEDR[2]     ; 5.414 ; 5.414 ; 5.414 ; 5.414 ;
; SW[12]     ; LEDR[3]     ; 4.835 ; 4.835 ; 4.835 ; 4.835 ;
; SW[12]     ; LEDR[4]     ; 4.366 ; 4.366 ; 4.366 ; 4.366 ;
; SW[12]     ; LEDR[5]     ; 5.352 ; 5.352 ; 5.352 ; 5.352 ;
; SW[12]     ; LEDR[6]     ; 4.810 ; 4.810 ; 4.810 ; 4.810 ;
; SW[12]     ; LEDR[7]     ; 5.267 ; 5.267 ; 5.267 ; 5.267 ;
; SW[13]     ; LEDR[0]     ; 8.299 ; 8.299 ; 8.299 ; 8.299 ;
; SW[13]     ; LEDR[1]     ; 8.196 ; 8.196 ; 8.196 ; 8.196 ;
; SW[13]     ; LEDR[2]     ; 8.134 ; 8.134 ; 8.134 ; 8.134 ;
; SW[13]     ; LEDR[3]     ; 7.555 ; 7.555 ; 7.555 ; 7.555 ;
; SW[13]     ; LEDR[4]     ; 8.407 ; 8.407 ; 8.407 ; 8.407 ;
; SW[13]     ; LEDR[5]     ; 7.618 ; 7.616 ; 7.616 ; 7.618 ;
; SW[13]     ; LEDR[6]     ; 7.544 ; 7.544 ; 7.544 ; 7.544 ;
; SW[13]     ; LEDR[7]     ; 8.001 ; 8.001 ; 8.001 ; 8.001 ;
; SW[14]     ; LEDR[0]     ; 8.130 ; 8.130 ; 8.130 ; 8.130 ;
; SW[14]     ; LEDR[1]     ; 8.028 ; 8.028 ; 8.028 ; 8.028 ;
; SW[14]     ; LEDR[2]     ; 8.090 ; 8.090 ; 8.090 ; 8.090 ;
; SW[14]     ; LEDR[3]     ; 7.517 ; 8.423 ; 8.423 ; 7.517 ;
; SW[14]     ; LEDR[4]     ; 8.507 ; 8.507 ; 8.507 ; 8.507 ;
; SW[14]     ; LEDR[6]     ; 7.087 ; 7.087 ; 7.087 ; 7.087 ;
; SW[14]     ; LEDR[7]     ; 7.960 ; 7.960 ; 7.960 ; 7.960 ;
; SW[15]     ; LEDR[0]     ; 8.010 ; 8.010 ; 8.010 ; 8.010 ;
; SW[15]     ; LEDR[1]     ; 7.907 ; 7.907 ; 7.907 ; 7.907 ;
; SW[15]     ; LEDR[2]     ; 7.969 ; 7.969 ; 7.969 ; 7.969 ;
; SW[15]     ; LEDR[3]     ; 7.396 ; 8.302 ; 8.302 ; 7.396 ;
; SW[15]     ; LEDR[4]     ; 8.386 ; 8.386 ; 8.386 ; 8.386 ;
; SW[15]     ; LEDR[7]     ; 7.512 ; 7.383 ; 7.383 ; 7.512 ;
+------------+-------------+-------+-------+-------+-------+


-------------------
; Clock Transfers ;
-------------------
Nothing to report.


---------------
; Report TCCS ;
---------------
No dedicated SERDES Transmitter circuitry present in device or used in design


---------------
; Report RSKM ;
---------------
No dedicated SERDES Receiver circuitry present in device or used in design


+------------------------------------------------+
; Unconstrained Paths                            ;
+---------------------------------+-------+------+
; Property                        ; Setup ; Hold ;
+---------------------------------+-------+------+
; Illegal Clocks                  ; 0     ; 0    ;
; Unconstrained Clocks            ; 0     ; 0    ;
; Unconstrained Input Ports       ; 19    ; 19   ;
; Unconstrained Input Port Paths  ; 146   ; 146  ;
; Unconstrained Output Ports      ; 8     ; 8    ;
; Unconstrained Output Port Paths ; 146   ; 146  ;
+---------------------------------+-------+------+


+------------------------------------+
; TimeQuest Timing Analyzer Messages ;
+------------------------------------+
Info: *******************************************************************
Info: Running Quartus II 32-bit TimeQuest Timing Analyzer
    Info: Version 11.1 Build 259 01/25/2012 Service Pack 2 SJ Web Edition
    Info: Processing started: Sun Sep 29 18:03:35 2013
Info: Command: quartus_sta part4 -c part4
Info: qsta_default_script.tcl version: #1
Warning (20028): Parallel compilation is not licensed and has been disabled
Info (21077): Low junction temperature is 0 degrees C
Info (21077): High junction temperature is 85 degrees C
Critical Warning (332012): Synopsys Design Constraints File file not found: 'part4.sdc'. A Synopsys Design Constraints File is required by the TimeQuest Timing Analyzer to get proper timing constraints. Without it, the Compiler will not properly optimize the design.
Info (332142): No user constrained base clocks found in the design. Calling "derive_clocks -period 1.0"
Info (332096): The command derive_clocks did not find any clocks to derive.  No clocks were created or changed.
Warning (332068): No clocks defined in design.
Info: Found TIMEQUEST_REPORT_SCRIPT_INCLUDE_DEFAULT_ANALYSIS = ON
Info (332159): No clocks to report
Info: Analyzing Slow Model
Info (332140): No fmax paths to report
Info (332140): No Setup paths to report
Info (332140): No Hold paths to report
Info (332140): No Recovery paths to report
Info (332140): No Removal paths to report
Info (332140): No Minimum Pulse Width paths to report
Info (332001): The selected device family is not supported by the report_metastability command.
Info: Analyzing Fast Model
Info (306004): Started post-fitting delay annotation
Warning (306006): Found 8 output pins without output pin load capacitance assignment
    Info (306007): Pin "LEDR[0]" has no specified output pin load capacitance -- assuming default load capacitance of 0 pF for timing analysis
    Info (306007): Pin "LEDR[1]" has no specified output pin load capacitance -- assuming default load capacitance of 0 pF for timing analysis
    Info (306007): Pin "LEDR[2]" has no specified output pin load capacitance -- assuming default load capacitance of 0 pF for timing analysis
    Info (306007): Pin "LEDR[3]" has no specified output pin load capacitance -- assuming default load capacitance of 0 pF for timing analysis
    Info (306007): Pin "LEDR[4]" has no specified output pin load capacitance -- assuming default load capacitance of 0 pF for timing analysis
    Info (306007): Pin "LEDR[5]" has no specified output pin load capacitance -- assuming default load capacitance of 0 pF for timing analysis
    Info (306007): Pin "LEDR[6]" has no specified output pin load capacitance -- assuming default load capacitance of 0 pF for timing analysis
    Info (306007): Pin "LEDR[7]" has no specified output pin load capacitance -- assuming default load capacitance of 0 pF for timing analysis
Info (306005): Delay annotation completed successfully
Info (332142): No user constrained base clocks found in the design. Calling "derive_clocks -period 1.0"
Info (332096): The command derive_clocks did not find any clocks to derive.  No clocks were created or changed.
Warning (332068): No clocks defined in design.
Info (332140): No Setup paths to report
Info (332140): No Hold paths to report
Info (332140): No Recovery paths to report
Info (332140): No Removal paths to report
Info (332140): No Minimum Pulse Width paths to report
Info (332001): The selected device family is not supported by the report_metastability command.
Info (332102): Design is not fully constrained for setup requirements
Info (332102): Design is not fully constrained for hold requirements
Info: Quartus II 32-bit TimeQuest Timing Analyzer was successful. 0 errors, 5 warnings
    Info: Peak virtual memory: 298 megabytes
    Info: Processing ended: Sun Sep 29 18:03:37 2013
    Info: Elapsed time: 00:00:02
    Info: Total CPU time (on all processors): 00:00:02


