Flow report for DE2_TOP
Wed Aug 09 11:41:56 2006
Version 5.0 Build 148 04/26/2005 SJ Web Edition


---------------------
; Table of Contents ;
---------------------
  1. Legal Notice
  2. Flow Summary
  3. Flow Settings
  4. Flow Elapsed Time
  5. Flow Log



----------------
; Legal Notice ;
----------------
Copyright (C) 1991-2005 Altera Corporation
Your use of Altera Corporation's design tools, logic functions 
and other software and tools, and its AMPP partner logic       
functions, and any output files any of the foregoing           
(including device programming or simulation files), and any    
associated documentation or information are expressly subject  
to the terms and conditions of the Altera Program License      
Subscription Agreement, Altera MegaCore Function License       
Agreement, or other applicable license agreement, including,   
without limitation, that your use is for the sole purpose of   
programming logic devices manufactured by Altera and sold by   
Altera or its authorized distributors.  Please refer to the    
applicable agreement for further details.



+------------------------------------------------------------------------------+
; Flow Summary                                                                 ;
+------------------------------------+-----------------------------------------+
; Flow Status                        ; Successful - Wed Aug 09 11:41:56 2006   ;
; Quartus II Version                 ; 5.0 Build 148 04/26/2005 SJ Web Edition ;
; Revision Name                      ; DE2_TOP                                 ;
; Top-level Entity Name              ; DE2_TOP                                 ;
; Family                             ; Cyclone II                              ;
; Device                             ; EP2C35F672C6                            ;
; Timing Models                      ; Preliminary                             ;
; Met timing requirements            ; Yes                                     ;
; Total logic elements               ; 276 / 33,216 ( < 1 % )                  ;
; Total registers                    ; 91                                      ;
; Total pins                         ; 423 / 475 ( 89 % )                      ;
; Total virtual pins                 ; 0                                       ;
; Total memory bits                  ; 30,720 / 483,840 ( 6 % )                ;
; Embedded Multiplier 9-bit elements ; 0 / 70 ( 0 % )                          ;
; Total PLLs                         ; 1 / 4 ( 25 % )                          ;
+------------------------------------+-----------------------------------------+


+-----------------------------------------+
; Flow Settings                           ;
+-------------------+---------------------+
; Option            ; Setting             ;
+-------------------+---------------------+
; Start date & time ; 08/09/2006 11:40:44 ;
; Main task         ; Compilation         ;
; Revision Name     ; DE2_TOP             ;
+-------------------+---------------------+


+----------------------------------------+
; Flow Elapsed Time                      ;
+-------------------------+--------------+
; Module Name             ; Elapsed Time ;
+-------------------------+--------------+
; Analysis & Synthesis    ; 00:00:11     ;
; Fitter                  ; 00:00:28     ;
; Assembler               ; 00:00:13     ;
; Timing Constraint Check ; 00:00:04     ;
; Timing Analyzer         ; 00:00:02     ;
; Total                   ; 00:00:58     ;
+-------------------------+--------------+


------------
; Flow Log ;
------------
quartus_map --read_settings_files=on --write_settings_files=off DE2_TOP -c DE2_TOP
quartus_fit --read_settings_files=off --write_settings_files=off DE2_TOP -c DE2_TOP
quartus_asm --read_settings_files=off --write_settings_files=off DE2_TOP -c DE2_TOP
quartus_tan --read_settings_files=off --write_settings_files=off DE2_TOP -c DE2_TOP --check_constraints
quartus_tan --read_settings_files=off --write_settings_files=off DE2_TOP -c DE2_TOP --timing_analysis_only



